# JRE version: Java(TM) SE Runtime Environment (8.0_144-b01) (build 1.8.0_144-b01)
# Java VM: Java HotSpot(TM) 64-Bit Server VM (25.144-b01 mixed mode windows-amd64 compressed oops)
Heap:
 PSYoungGen      total 1227776K, used 104187K [0x000000076b300000, 0x00000007bfa00000, 0x00000007c0000000)
  eden space 1076224K, 7% used [0x000000076b300000,0x000000077012ec00,0x00000007ace00000)
  from space 151552K, 15% used [0x00000007ace00000,0x00000007ae590020,0x00000007b6200000)
  to   space 145920K, 0% used [0x00000007b6b80000,0x00000007b6b80000,0x00000007bfa00000)
 ParOldGen       total 534016K, used 242074K [0x00000006c1800000, 0x00000006e2180000, 0x000000076b300000)
  object space 534016K, 45% used [0x00000006c1800000,0x00000006d0466af0,0x00000006e2180000)
 Metaspace       used 23647K, capacity 23934K, committed 24320K, reserved 1071104K
  class space    used 2398K, capacity 2486K, committed 2560K, reserved 1048576K
GC Heap History (10 events):
Event: 130.808 GC heap before
{Heap before GC invocations=18 (full 4):
 PSYoungGen      total 881664K, used 808648K [0x000000076b300000, 0x00000007ba080000, 0x00000007c0000000)
  eden space 724992K, 100% used [0x000000076b300000,0x0000000797700000,0x0000000797700000)
  from space 156672K, 53% used [0x0000000797700000,0x000000079c8b20d8,0x00000007a1000000)
  to   space 155136K, 0% used [0x00000007b0900000,0x00000007b0900000,0x00000007ba080000)
 ParOldGen       total 414208K, used 262617K [0x00000006c1800000, 0x00000006dac80000, 0x000000076b300000)
  object space 414208K, 63% used [0x00000006c1800000,0x00000006d1876440,0x00000006dac80000)
 Metaspace       used 23639K, capacity 23934K, committed 24320K, reserved 1071104K
  class space    used 2397K, capacity 2486K, committed 2560K, reserved 1048576K
Event: 130.845 GC heap after
Heap after GC invocations=18 (full 4):
 PSYoungGen      total 1079296K, used 2592K [0x000000076b300000, 0x00000007b8600000, 0x00000007c0000000)
  eden space 951296K, 0% used [0x000000076b300000,0x000000076b300000,0x00000007a5400000)
  from space 128000K, 2% used [0x00000007b0900000,0x00000007b0b88010,0x00000007b8600000)
  to   space 156672K, 0% used [0x00000007a5400000,0x00000007a5400000,0x00000007aed00000)
 ParOldGen       total 414208K, used 358342K [0x00000006c1800000, 0x00000006dac80000, 0x000000076b300000)
  object space 414208K, 86% used [0x00000006c1800000,0x00000006d75f1a00,0x00000006dac80000)
 Metaspace       used 23639K, capacity 23934K, committed 24320K, reserved 1071104K
  class space    used 2397K, capacity 2486K, committed 2560K, reserved 1048576K
}
Event: 130.845 GC heap before
{Heap before GC invocations=19 (full 5):
 PSYoungGen      total 1079296K, used 2592K [0x000000076b300000, 0x00000007b8600000, 0x00000007c0000000)
  eden space 951296K, 0% used [0x000000076b300000,0x000000076b300000,0x00000007a5400000)
  from space 128000K, 2% used [0x00000007b0900000,0x00000007b0b88010,0x00000007b8600000)
  to   space 156672K, 0% used [0x00000007a5400000,0x00000007a5400000,0x00000007aed00000)
 ParOldGen       total 414208K, used 358342K [0x00000006c1800000, 0x00000006dac80000, 0x000000076b300000)
  object space 414208K, 86% used [0x00000006c1800000,0x00000006d75f1a00,0x00000006dac80000)
 Metaspace       used 23639K, capacity 23934K, committed 24320K, reserved 1071104K
  class space    used 2397K, capacity 2486K, committed 2560K, reserved 1048576K
Event: 130.962 GC heap after
Heap after GC invocations=19 (full 5):
 PSYoungGen      total 1079296K, used 0K [0x000000076b300000, 0x00000007b8600000, 0x00000007c0000000)
  eden space 951296K, 0% used [0x000000076b300000,0x000000076b300000,0x00000007a5400000)
  from space 128000K, 0% used [0x00000007b0900000,0x00000007b0900000,0x00000007b8600000)
  to   space 156672K, 0% used [0x00000007a5400000,0x00000007a5400000,0x00000007aed00000)
 ParOldGen       total 534016K, used 241826K [0x00000006c1800000, 0x00000006e2180000, 0x000000076b300000)
  object space 534016K, 45% used [0x00000006c1800000,0x00000006d0428af0,0x00000006e2180000)
 Metaspace       used 23639K, capacity 23934K, committed 24320K, reserved 1071104K
  class space    used 2397K, capacity 2486K, committed 2560K, reserved 1048576K
}
Event: 188.510 GC heap before
{Heap before GC invocations=20 (full 5):
 PSYoungGen      total 1079296K, used 951296K [0x000000076b300000, 0x00000007b8600000, 0x00000007c0000000)
  eden space 951296K, 100% used [0x000000076b300000,0x00000007a5400000,0x00000007a5400000)
  from space 128000K, 0% used [0x00000007b0900000,0x00000007b0900000,0x00000007b8600000)
  to   space 156672K, 0% used [0x00000007a5400000,0x00000007a5400000,0x00000007aed00000)
 ParOldGen       total 534016K, used 241826K [0x00000006c1800000, 0x00000006e2180000, 0x000000076b300000)
  object space 534016K, 45% used [0x00000006c1800000,0x00000006d0428af0,0x00000006e2180000)
 Metaspace       used 23641K, capacity 23934K, committed 24320K, reserved 1071104K
  class space    used 2398K, capacity 2486K, committed 2560K, reserved 1048576K
Event: 188.514 GC heap after
Heap after GC invocations=20 (full 5):
 PSYoungGen      total 1107968K, used 800K [0x000000076b300000, 0x00000007c0000000, 0x00000007c0000000)
  eden space 951296K, 0% used [0x000000076b300000,0x000000076b300000,0x00000007a5400000)
  from space 156672K, 0% used [0x00000007a5400000,0x00000007a54c8000,0x00000007aed00000)
  to   space 156672K, 0% used [0x00000007b6700000,0x00000007b6700000,0x00000007c0000000)
 ParOldGen       total 534016K, used 241826K [0x00000006c1800000, 0x00000006e2180000, 0x000000076b300000)
  object space 534016K, 45% used [0x00000006c1800000,0x00000006d0428af0,0x00000006e2180000)
 Metaspace       used 23641K, capacity 23934K, committed 24320K, reserved 1071104K
  class space    used 2398K, capacity 2486K, committed 2560K, reserved 1048576K
}
Event: 251.136 GC heap before
{Heap before GC invocations=21 (full 5):
 PSYoungGen      total 1107968K, used 952096K [0x000000076b300000, 0x00000007c0000000, 0x00000007c0000000)
  eden space 951296K, 100% used [0x000000076b300000,0x00000007a5400000,0x00000007a5400000)
  from space 156672K, 0% used [0x00000007a5400000,0x00000007a54c8000,0x00000007aed00000)
  to   space 156672K, 0% used [0x00000007b6700000,0x00000007b6700000,0x00000007c0000000)
 ParOldGen       total 534016K, used 241826K [0x00000006c1800000, 0x00000006e2180000, 0x000000076b300000)
  object space 534016K, 45% used [0x00000006c1800000,0x00000006d0428af0,0x00000006e2180000)
 Metaspace       used 23644K, capacity 23934K, committed 24320K, reserved 1071104K
  class space    used 2398K, capacity 2486K, committed 2560K, reserved 1048576K
Event: 251.206 GC heap after
Heap after GC invocations=21 (full 5):
 PSYoungGen      total 1222656K, used 21344K [0x000000076b300000, 0x00000007bf600000, 0x00000007c0000000)
  eden space 1076224K, 0% used [0x000000076b300000,0x000000076b300000,0x00000007ace00000)
  from space 146432K, 14% used [0x00000007b6700000,0x00000007b7bd8020,0x00000007bf600000)
  to   space 151552K, 0% used [0x00000007ace00000,0x00000007ace00000,0x00000007b6200000)
 ParOldGen       total 534016K, used 242074K [0x00000006c1800000, 0x00000006e2180000, 0x000000076b300000)
  object space 534016K, 45% used [0x00000006c1800000,0x00000006d0466af0,0x00000006e2180000)
 Metaspace       used 23644K, capacity 23934K, committed 24320K, reserved 1071104K
  class space    used 2398K, capacity 2486K, committed 2560K, reserved 1048576K
}
Event: 325.303 GC heap before
{Heap before GC invocations=22 (full 5):
 PSYoungGen      total 1222656K, used 1097568K [0x000000076b300000, 0x00000007bf600000, 0x00000007c0000000)
  eden space 1076224K, 100% used [0x000000076b300000,0x00000007ace00000,0x00000007ace00000)
  from space 146432K, 14% used [0x00000007b6700000,0x00000007b7bd8020,0x00000007bf600000)
  to   space 151552K, 0% used [0x00000007ace00000,0x00000007ace00000,0x00000007b6200000)
 ParOldGen       total 534016K, used 242074K [0x00000006c1800000, 0x00000006e2180000, 0x000000076b300000)
  object space 534016K, 45% used [0x00000006c1800000,0x00000006d0466af0,0x00000006e2180000)
 Metaspace       used 23647K, capacity 23934K, committed 24320K, reserved 1071104K
  class space    used 2398K, capacity 2486K, committed 2560K, reserved 1048576K
Event: 325.351 GC heap after
Heap after GC invocations=22 (full 5):
 PSYoungGen      total 1227776K, used 24128K [0x000000076b300000, 0x00000007bfa00000, 0x00000007c0000000)
  eden space 1076224K, 0% used [0x000000076b300000,0x000000076b300000,0x00000007ace00000)
  from space 151552K, 15% used [0x00000007ace00000,0x00000007ae590020,0x00000007b6200000)
  to   space 145920K, 0% used [0x00000007b6b80000,0x00000007b6b80000,0x00000007bfa00000)
 ParOldGen       total 534016K, used 242074K [0x00000006c1800000, 0x00000006e2180000, 0x000000076b300000)
  object space 534016K, 45% used [0x00000006c1800000,0x00000006d0466af0,0x00000006e2180000)
 Metaspace       used 23647K, capacity 23934K, committed 24320K, reserved 1071104K
  class space    used 2398K, capacity 2486K, committed 2560K, reserved 1048576K
}

