# JRE version: Java(TM) SE Runtime Environment (8.0_144-b01) (build 1.8.0_144-b01)
# Java VM: Java HotSpot(TM) 64-Bit Server VM (25.144-b01 mixed mode windows-amd64 compressed oops)
Heap:
 PSYoungGen      total 1120256K, used 913952K [0x000000076b300000, 0x00000007c0000000, 0x00000007c0000000)
  eden space 910336K, 97% used [0x000000076b300000,0x00000007a190c0b0,0x00000007a2c00000)
  from space 209920K, 10% used [0x00000007a2c00000,0x00000007a427c030,0x00000007af900000)
  to   space 203264K, 0% used [0x00000007b3980000,0x00000007b3980000,0x00000007c0000000)
 ParOldGen       total 576512K, used 391133K [0x00000006c1800000, 0x00000006e4b00000, 0x000000076b300000)
  object space 576512K, 67% used [0x00000006c1800000,0x00000006d95f75b0,0x00000006e4b00000)
 Metaspace       used 23769K, capacity 23998K, committed 24320K, reserved 1071104K
  class space    used 2408K, capacity 2486K, committed 2560K, reserved 1048576K
GC Heap History (10 events):
Event: 28.123 GC heap before
{Heap before GC invocations=17 (full 4):
 PSYoungGen      total 764928K, used 747168K [0x000000076b300000, 0x00000007ab680000, 0x00000007c0000000)
  eden space 561664K, 100% used [0x000000076b300000,0x000000078d780000,0x000000078d780000)
  from space 203264K, 91% used [0x000000079b900000,0x00000007a6e28090,0x00000007a7f80000)
  to   space 230912K, 0% used [0x000000078d780000,0x000000078d780000,0x000000079b900000)
 ParOldGen       total 576512K, used 280442K [0x00000006c1800000, 0x00000006e4b00000, 0x000000076b300000)
  object space 576512K, 48% used [0x00000006c1800000,0x00000006d29de888,0x00000006e4b00000)
 Metaspace       used 21860K, capacity 22064K, committed 22528K, reserved 1069056K
  class space    used 2221K, capacity 2291K, committed 2304K, reserved 1048576K
Event: 28.152 GC heap after
Heap after GC invocations=17 (full 4):
 PSYoungGen      total 792576K, used 69208K [0x000000076b300000, 0x00000007b4880000, 0x00000007c0000000)
  eden space 561664K, 0% used [0x000000076b300000,0x000000076b300000,0x000000078d780000)
  from space 230912K, 29% used [0x000000078d780000,0x0000000791b16010,0x000000079b900000)
  to   space 219648K, 0% used [0x00000007a7200000,0x00000007a7200000,0x00000007b4880000)
 ParOldGen       total 576512K, used 318098K [0x00000006c1800000, 0x00000006e4b00000, 0x000000076b300000)
  object space 576512K, 55% used [0x00000006c1800000,0x00000006d4ea48c8,0x00000006e4b00000)
 Metaspace       used 21860K, capacity 22064K, committed 22528K, reserved 1069056K
  class space    used 2221K, capacity 2291K, committed 2304K, reserved 1048576K
}
Event: 80.902 GC heap before
{Heap before GC invocations=18 (full 4):
 PSYoungGen      total 792576K, used 630872K [0x000000076b300000, 0x00000007b4880000, 0x00000007c0000000)
  eden space 561664K, 100% used [0x000000076b300000,0x000000078d780000,0x000000078d780000)
  from space 230912K, 29% used [0x000000078d780000,0x0000000791b16010,0x000000079b900000)
  to   space 219648K, 0% used [0x00000007a7200000,0x00000007a7200000,0x00000007b4880000)
 ParOldGen       total 576512K, used 318098K [0x00000006c1800000, 0x00000006e4b00000, 0x000000076b300000)
  object space 576512K, 55% used [0x00000006c1800000,0x00000006d4ea48c8,0x00000006e4b00000)
 Metaspace       used 23295K, capacity 23614K, committed 24064K, reserved 1071104K
  class space    used 2389K, capacity 2486K, committed 2560K, reserved 1048576K
Event: 80.938 GC heap after
Heap after GC invocations=18 (full 4):
 PSYoungGen      total 935936K, used 3879K [0x000000076b300000, 0x00000007b3280000, 0x00000007c0000000)
  eden space 738816K, 0% used [0x000000076b300000,0x000000076b300000,0x0000000798480000)
  from space 197120K, 1% used [0x00000007a7200000,0x00000007a75c9e60,0x00000007b3280000)
  to   space 220160K, 0% used [0x0000000798480000,0x0000000798480000,0x00000007a5b80000)
 ParOldGen       total 576512K, used 389901K [0x00000006c1800000, 0x00000006e4b00000, 0x000000076b300000)
  object space 576512K, 67% used [0x00000006c1800000,0x00000006d94c3510,0x00000006e4b00000)
 Metaspace       used 23295K, capacity 23614K, committed 24064K, reserved 1071104K
  class space    used 2389K, capacity 2486K, committed 2560K, reserved 1048576K
}
Event: 135.066 GC heap before
{Heap before GC invocations=19 (full 4):
 PSYoungGen      total 935936K, used 742695K [0x000000076b300000, 0x00000007b3280000, 0x00000007c0000000)
  eden space 738816K, 100% used [0x000000076b300000,0x0000000798480000,0x0000000798480000)
  from space 197120K, 1% used [0x00000007a7200000,0x00000007a75c9e60,0x00000007b3280000)
  to   space 220160K, 0% used [0x0000000798480000,0x0000000798480000,0x00000007a5b80000)
 ParOldGen       total 576512K, used 389901K [0x00000006c1800000, 0x00000006e4b00000, 0x000000076b300000)
  object space 576512K, 67% used [0x00000006c1800000,0x00000006d94c3510,0x00000006e4b00000)
 Metaspace       used 23764K, capacity 23998K, committed 24320K, reserved 1071104K
  class space    used 2408K, capacity 2486K, committed 2560K, reserved 1048576K
Event: 135.089 GC heap after
Heap after GC invocations=19 (full 4):
 PSYoungGen      total 958976K, used 17414K [0x000000076b300000, 0x00000007bef00000, 0x00000007c0000000)
  eden space 738816K, 0% used [0x000000076b300000,0x000000076b300000,0x0000000798480000)
  from space 220160K, 7% used [0x0000000798480000,0x0000000799581a88,0x00000007a5b80000)
  to   space 216064K, 0% used [0x00000007b1c00000,0x00000007b1c00000,0x00000007bef00000)
 ParOldGen       total 576512K, used 391117K [0x00000006c1800000, 0x00000006e4b00000, 0x000000076b300000)
  object space 576512K, 67% used [0x00000006c1800000,0x00000006d95f35b0,0x00000006e4b00000)
 Metaspace       used 23764K, capacity 23998K, committed 24320K, reserved 1071104K
  class space    used 2408K, capacity 2486K, committed 2560K, reserved 1048576K
}
Event: 185.403 GC heap before
{Heap before GC invocations=20 (full 4):
 PSYoungGen      total 958976K, used 756230K [0x000000076b300000, 0x00000007bef00000, 0x00000007c0000000)
  eden space 738816K, 100% used [0x000000076b300000,0x0000000798480000,0x0000000798480000)
  from space 220160K, 7% used [0x0000000798480000,0x0000000799581a88,0x00000007a5b80000)
  to   space 216064K, 0% used [0x00000007b1c00000,0x00000007b1c00000,0x00000007bef00000)
 ParOldGen       total 576512K, used 391117K [0x00000006c1800000, 0x00000006e4b00000, 0x000000076b300000)
  object space 576512K, 67% used [0x00000006c1800000,0x00000006d95f35b0,0x00000006e4b00000)
 Metaspace       used 23764K, capacity 23998K, committed 24320K, reserved 1071104K
  class space    used 2408K, capacity 2486K, committed 2560K, reserved 1048576K
Event: 185.463 GC heap after
Heap after GC invocations=20 (full 4):
 PSYoungGen      total 1084416K, used 20672K [0x000000076b300000, 0x00000007bc600000, 0x00000007c0000000)
  eden space 910336K, 0% used [0x000000076b300000,0x000000076b300000,0x00000007a2c00000)
  from space 174080K, 11% used [0x00000007b1c00000,0x00000007b3030010,0x00000007bc600000)
  to   space 209920K, 0% used [0x00000007a2c00000,0x00000007a2c00000,0x00000007af900000)
 ParOldGen       total 576512K, used 391125K [0x00000006c1800000, 0x00000006e4b00000, 0x000000076b300000)
  object space 576512K, 67% used [0x00000006c1800000,0x00000006d95f55b0,0x00000006e4b00000)
 Metaspace       used 23764K, capacity 23998K, committed 24320K, reserved 1071104K
  class space    used 2408K, capacity 2486K, committed 2560K, reserved 1048576K
}
Event: 253.967 GC heap before
{Heap before GC invocations=21 (full 4):
 PSYoungGen      total 1084416K, used 931008K [0x000000076b300000, 0x00000007bc600000, 0x00000007c0000000)
  eden space 910336K, 100% used [0x000000076b300000,0x00000007a2c00000,0x00000007a2c00000)
  from space 174080K, 11% used [0x00000007b1c00000,0x00000007b3030010,0x00000007bc600000)
  to   space 209920K, 0% used [0x00000007a2c00000,0x00000007a2c00000,0x00000007af900000)
 ParOldGen       total 576512K, used 391125K [0x00000006c1800000, 0x00000006e4b00000, 0x000000076b300000)
  object space 576512K, 67% used [0x00000006c1800000,0x00000006d95f55b0,0x00000006e4b00000)
 Metaspace       used 23765K, capacity 23998K, committed 24320K, reserved 1071104K
  class space    used 2408K, capacity 2486K, committed 2560K, reserved 1048576K
Event: 254.001 GC heap after
Heap after GC invocations=21 (full 4):
 PSYoungGen      total 1120256K, used 23024K [0x000000076b300000, 0x00000007c0000000, 0x00000007c0000000)
  eden space 910336K, 0% used [0x000000076b300000,0x000000076b300000,0x00000007a2c00000)
  from space 209920K, 10% used [0x00000007a2c00000,0x00000007a427c030,0x00000007af900000)
  to   space 203264K, 0% used [0x00000007b3980000,0x00000007b3980000,0x00000007c0000000)
 ParOldGen       total 576512K, used 391133K [0x00000006c1800000, 0x00000006e4b00000, 0x000000076b300000)
  object space 576512K, 67% used [0x00000006c1800000,0x00000006d95f75b0,0x00000006e4b00000)
 Metaspace       used 23765K, capacity 23998K, committed 24320K, reserved 1071104K
  class space    used 2408K, capacity 2486K, committed 2560K, reserved 1048576K
}

