# JRE version: Java(TM) SE Runtime Environment (8.0_144-b01) (build 1.8.0_144-b01)
# Java VM: Java HotSpot(TM) 64-Bit Server VM (25.144-b01 mixed mode windows-amd64 compressed oops)
Heap:
 PSYoungGen      total 984064K, used 635002K [0x000000076b300000, 0x00000007b9d00000, 0x00000007c0000000)
  eden space 845824K, 73% used [0x000000076b300000,0x000000079126eaf8,0x000000079ed00000)
  from space 138240K, 9% used [0x00000007b1600000,0x00000007b22b0020,0x00000007b9d00000)
  to   space 221184K, 0% used [0x000000079ed00000,0x000000079ed00000,0x00000007ac500000)
 ParOldGen       total 518144K, used 346439K [0x00000006c1800000, 0x00000006e1200000, 0x000000076b300000)
  object space 518144K, 66% used [0x00000006c1800000,0x00000006d6a51d98,0x00000006e1200000)
 Metaspace       used 21552K, capacity 21760K, committed 22016K, reserved 1069056K
  class space    used 2175K, capacity 2255K, committed 2304K, reserved 1048576K
GC Heap History (10 events):
Event: 114.147 GC heap before
{Heap before GC invocations=20 (full 4):
 PSYoungGen      total 1002496K, used 741888K [0x000000076b300000, 0x00000007c0000000, 0x00000007c0000000)
  eden space 737280K, 100% used [0x000000076b300000,0x0000000798300000,0x0000000798300000)
  from space 265216K, 1% used [0x0000000798300000,0x0000000798780020,0x00000007a8600000)
  to   space 262144K, 0% used [0x00000007b0000000,0x00000007b0000000,0x00000007c0000000)
 ParOldGen       total 518144K, used 346439K [0x00000006c1800000, 0x00000006e1200000, 0x000000076b300000)
  object space 518144K, 66% used [0x00000006c1800000,0x00000006d6a51d98,0x00000006e1200000)
 Metaspace       used 21551K, capacity 21760K, committed 22016K, reserved 1069056K
  class space    used 2175K, capacity 2255K, committed 2304K, reserved 1048576K
Event: 114.163 GC heap after
Heap after GC invocations=20 (full 4):
 PSYoungGen      total 1110016K, used 6176K [0x000000076b300000, 0x00000007bf200000, 0x00000007c0000000)
  eden space 862208K, 0% used [0x000000076b300000,0x000000076b300000,0x000000079fd00000)
  from space 247808K, 2% used [0x00000007b0000000,0x00000007b0608020,0x00000007bf200000)
  to   space 256512K, 0% used [0x000000079fd00000,0x000000079fd00000,0x00000007af780000)
 ParOldGen       total 518144K, used 346439K [0x00000006c1800000, 0x00000006e1200000, 0x000000076b300000)
  object space 518144K, 66% used [0x00000006c1800000,0x00000006d6a51d98,0x00000006e1200000)
 Metaspace       used 21551K, capacity 21760K, committed 22016K, reserved 1069056K
  class space    used 2175K, capacity 2255K, committed 2304K, reserved 1048576K
}
Event: 152.082 GC heap before
{Heap before GC invocations=21 (full 4):
 PSYoungGen      total 1110016K, used 868384K [0x000000076b300000, 0x00000007bf200000, 0x00000007c0000000)
  eden space 862208K, 100% used [0x000000076b300000,0x000000079fd00000,0x000000079fd00000)
  from space 247808K, 2% used [0x00000007b0000000,0x00000007b0608020,0x00000007bf200000)
  to   space 256512K, 0% used [0x000000079fd00000,0x000000079fd00000,0x00000007af780000)
 ParOldGen       total 518144K, used 346439K [0x00000006c1800000, 0x00000006e1200000, 0x000000076b300000)
  object space 518144K, 66% used [0x00000006c1800000,0x00000006d6a51d98,0x00000006e1200000)
 Metaspace       used 21551K, capacity 21760K, committed 22016K, reserved 1069056K
  class space    used 2175K, capacity 2255K, committed 2304K, reserved 1048576K
Event: 152.110 GC heap after
Heap after GC invocations=21 (full 4):
 PSYoungGen      total 1118720K, used 8096K [0x000000076b300000, 0x00000007bfa80000, 0x00000007c0000000)
  eden space 862208K, 0% used [0x000000076b300000,0x000000076b300000,0x000000079fd00000)
  from space 256512K, 3% used [0x000000079fd00000,0x00000007a04e8020,0x00000007af780000)
  to   space 249344K, 0% used [0x00000007b0700000,0x00000007b0700000,0x00000007bfa80000)
 ParOldGen       total 518144K, used 346439K [0x00000006c1800000, 0x00000006e1200000, 0x000000076b300000)
  object space 518144K, 66% used [0x00000006c1800000,0x00000006d6a51d98,0x00000006e1200000)
 Metaspace       used 21551K, capacity 21760K, committed 22016K, reserved 1069056K
  class space    used 2175K, capacity 2255K, committed 2304K, reserved 1048576K
}
Event: 190.360 GC heap before
{Heap before GC invocations=22 (full 4):
 PSYoungGen      total 1118720K, used 870304K [0x000000076b300000, 0x00000007bfa80000, 0x00000007c0000000)
  eden space 862208K, 100% used [0x000000076b300000,0x000000079fd00000,0x000000079fd00000)
  from space 256512K, 3% used [0x000000079fd00000,0x00000007a04e8020,0x00000007af780000)
  to   space 249344K, 0% used [0x00000007b0700000,0x00000007b0700000,0x00000007bfa80000)
 ParOldGen       total 518144K, used 346439K [0x00000006c1800000, 0x00000006e1200000, 0x000000076b300000)
  object space 518144K, 66% used [0x00000006c1800000,0x00000006d6a51d98,0x00000006e1200000)
 Metaspace       used 21551K, capacity 21760K, committed 22016K, reserved 1069056K
  class space    used 2175K, capacity 2255K, committed 2304K, reserved 1048576K
Event: 190.385 GC heap after
Heap after GC invocations=22 (full 4):
 PSYoungGen      total 1114112K, used 9984K [0x000000076b300000, 0x00000007be800000, 0x00000007c0000000)
  eden space 883712K, 0% used [0x000000076b300000,0x000000076b300000,0x00000007a1200000)
  from space 230400K, 4% used [0x00000007b0700000,0x00000007b10c0020,0x00000007be800000)
  to   space 240640K, 0% used [0x00000007a1200000,0x00000007a1200000,0x00000007afd00000)
 ParOldGen       total 518144K, used 346439K [0x00000006c1800000, 0x00000006e1200000, 0x000000076b300000)
  object space 518144K, 66% used [0x00000006c1800000,0x00000006d6a51d98,0x00000006e1200000)
 Metaspace       used 21551K, capacity 21760K, committed 22016K, reserved 1069056K
  class space    used 2175K, capacity 2255K, committed 2304K, reserved 1048576K
}
Event: 230.091 GC heap before
{Heap before GC invocations=23 (full 4):
 PSYoungGen      total 1114112K, used 893696K [0x000000076b300000, 0x00000007be800000, 0x00000007c0000000)
  eden space 883712K, 100% used [0x000000076b300000,0x00000007a1200000,0x00000007a1200000)
  from space 230400K, 4% used [0x00000007b0700000,0x00000007b10c0020,0x00000007be800000)
  to   space 240640K, 0% used [0x00000007a1200000,0x00000007a1200000,0x00000007afd00000)
 ParOldGen       total 518144K, used 346439K [0x00000006c1800000, 0x00000006e1200000, 0x000000076b300000)
  object space 518144K, 66% used [0x00000006c1800000,0x00000006d6a51d98,0x00000006e1200000)
 Metaspace       used 21551K, capacity 21760K, committed 22016K, reserved 1069056K
  class space    used 2175K, capacity 2255K, committed 2304K, reserved 1048576K
Event: 230.112 GC heap after
Heap after GC invocations=23 (full 4):
 PSYoungGen      total 1124352K, used 11552K [0x000000076b300000, 0x00000007bf800000, 0x00000007c0000000)
  eden space 883712K, 0% used [0x000000076b300000,0x000000076b300000,0x00000007a1200000)
  from space 240640K, 4% used [0x00000007a1200000,0x00000007a1d48020,0x00000007afd00000)
  to   space 231424K, 0% used [0x00000007b1600000,0x00000007b1600000,0x00000007bf800000)
 ParOldGen       total 518144K, used 346439K [0x00000006c1800000, 0x00000006e1200000, 0x000000076b300000)
  object space 518144K, 66% used [0x00000006c1800000,0x00000006d6a51d98,0x00000006e1200000)
 Metaspace       used 21551K, capacity 21760K, committed 22016K, reserved 1069056K
  class space    used 2175K, capacity 2255K, committed 2304K, reserved 1048576K
}
Event: 269.325 GC heap before
{Heap before GC invocations=24 (full 4):
 PSYoungGen      total 1124352K, used 895264K [0x000000076b300000, 0x00000007bf800000, 0x00000007c0000000)
  eden space 883712K, 100% used [0x000000076b300000,0x00000007a1200000,0x00000007a1200000)
  from space 240640K, 4% used [0x00000007a1200000,0x00000007a1d48020,0x00000007afd00000)
  to   space 231424K, 0% used [0x00000007b1600000,0x00000007b1600000,0x00000007bf800000)
 ParOldGen       total 518144K, used 346439K [0x00000006c1800000, 0x00000006e1200000, 0x000000076b300000)
  object space 518144K, 66% used [0x00000006c1800000,0x00000006d6a51d98,0x00000006e1200000)
 Metaspace       used 21552K, capacity 21760K, committed 22016K, reserved 1069056K
  class space    used 2175K, capacity 2255K, committed 2304K, reserved 1048576K
Event: 269.362 GC heap after
Heap after GC invocations=24 (full 4):
 PSYoungGen      total 984064K, used 12992K [0x000000076b300000, 0x00000007b9d00000, 0x00000007c0000000)
  eden space 845824K, 0% used [0x000000076b300000,0x000000076b300000,0x000000079ed00000)
  from space 138240K, 9% used [0x00000007b1600000,0x00000007b22b0020,0x00000007b9d00000)
  to   space 221184K, 0% used [0x000000079ed00000,0x000000079ed00000,0x00000007ac500000)
 ParOldGen       total 518144K, used 346439K [0x00000006c1800000, 0x00000006e1200000, 0x000000076b300000)
  object space 518144K, 66% used [0x00000006c1800000,0x00000006d6a51d98,0x00000006e1200000)
 Metaspace       used 21552K, capacity 21760K, committed 22016K, reserved 1069056K
  class space    used 2175K, capacity 2255K, committed 2304K, reserved 1048576K
}

