# JRE version: OpenJDK Runtime Environment (8.0_191-b12) (build 1.8.0_191-8u191-b12-2ubuntu0.18.04.1-b12)
# Java VM: OpenJDK 64-Bit Server VM (25.191-b12 mixed mode linux-amd64 compressed oops)
Heap:
 PSYoungGen      total 224256K, used 117335K [0x00000000f1b80000, 0x0000000100000000, 0x0000000100000000)
  eden space 215552K, 52% used [0x00000000f1b80000,0x00000000f896fa50,0x00000000fee00000)
  from space 8704K, 54% used [0x00000000ff780000,0x00000000ffc261e0,0x0000000100000000)
  to   space 9216K, 0% used [0x00000000fee00000,0x00000000fee00000,0x00000000ff700000)
 ParOldGen       total 468480K, used 197017K [0x00000000d5200000, 0x00000000f1b80000, 0x00000000f1b80000)
  object space 468480K, 42% used [0x00000000d5200000,0x00000000e1266768,0x00000000f1b80000)
 Metaspace       used 19818K, capacity 20082K, committed 20224K, reserved 1067008K
  class space    used 1929K, capacity 1999K, committed 2048K, reserved 1048576K
GC Heap History (10 events):
Event: 59.951 GC heap before
{Heap before GC invocations=48 (full 14):
 PSYoungGen      total 203264K, used 202257K [0x00000000f1b80000, 0x00000000ff700000, 0x0000000100000000)
  eden space 197120K, 100% used [0x00000000f1b80000,0x00000000fdc00000,0x00000000fdc00000)
  from space 6144K, 83% used [0x00000000fdc00000,0x00000000fe1044f0,0x00000000fe200000)
  to   space 7168K, 0% used [0x00000000ff000000,0x00000000ff000000,0x00000000ff700000)
 ParOldGen       total 468480K, used 196993K [0x00000000d5200000, 0x00000000f1b80000, 0x00000000f1b80000)
  object space 468480K, 42% used [0x00000000d5200000,0x00000000e1260768,0x00000000f1b80000)
 Metaspace       used 19806K, capacity 20082K, committed 20224K, reserved 1067008K
  class space    used 1928K, capacity 1999K, committed 2048K, reserved 1048576K
Event: 59.973 GC heap after
Heap after GC invocations=48 (full 14):
 PSYoungGen      total 213504K, used 4880K [0x00000000f1b80000, 0x00000000ff580000, 0x0000000100000000)
  eden space 207872K, 0% used [0x00000000f1b80000,0x00000000f1b80000,0x00000000fe680000)
  from space 5632K, 86% used [0x00000000ff000000,0x00000000ff4c4110,0x00000000ff580000)
  to   space 7680K, 0% used [0x00000000fe680000,0x00000000fe680000,0x00000000fee00000)
 ParOldGen       total 468480K, used 197001K [0x00000000d5200000, 0x00000000f1b80000, 0x00000000f1b80000)
  object space 468480K, 42% used [0x00000000d5200000,0x00000000e1262768,0x00000000f1b80000)
 Metaspace       used 19806K, capacity 20082K, committed 20224K, reserved 1067008K
  class space    used 1928K, capacity 1999K, committed 2048K, reserved 1048576K
}
Event: 70.078 GC heap before
{Heap before GC invocations=49 (full 14):
 PSYoungGen      total 213504K, used 212752K [0x00000000f1b80000, 0x00000000ff580000, 0x0000000100000000)
  eden space 207872K, 100% used [0x00000000f1b80000,0x00000000fe680000,0x00000000fe680000)
  from space 5632K, 86% used [0x00000000ff000000,0x00000000ff4c4110,0x00000000ff580000)
  to   space 7680K, 0% used [0x00000000fe680000,0x00000000fe680000,0x00000000fee00000)
 ParOldGen       total 468480K, used 197001K [0x00000000d5200000, 0x00000000f1b80000, 0x00000000f1b80000)
  object space 468480K, 42% used [0x00000000d5200000,0x00000000e1262768,0x00000000f1b80000)
 Metaspace       used 19813K, capacity 20082K, committed 20224K, reserved 1067008K
  class space    used 1929K, capacity 1999K, committed 2048K, reserved 1048576K
Event: 70.220 GC heap after
Heap after GC invocations=49 (full 14):
 PSYoungGen      total 215552K, used 4768K [0x00000000f1b80000, 0x0000000100000000, 0x0000000100000000)
  eden space 207872K, 0% used [0x00000000f1b80000,0x00000000f1b80000,0x00000000fe680000)
  from space 7680K, 62% used [0x00000000fe680000,0x00000000feb28100,0x00000000fee00000)
  to   space 8192K, 0% used [0x00000000ff800000,0x00000000ff800000,0x0000000100000000)
 ParOldGen       total 468480K, used 197009K [0x00000000d5200000, 0x00000000f1b80000, 0x00000000f1b80000)
  object space 468480K, 42% used [0x00000000d5200000,0x00000000e1264768,0x00000000f1b80000)
 Metaspace       used 19813K, capacity 20082K, committed 20224K, reserved 1067008K
  class space    used 1929K, capacity 1999K, committed 2048K, reserved 1048576K
}
Event: 74.732 GC heap before
{Heap before GC invocations=50 (full 14):
 PSYoungGen      total 215552K, used 212640K [0x00000000f1b80000, 0x0000000100000000, 0x0000000100000000)
  eden space 207872K, 100% used [0x00000000f1b80000,0x00000000fe680000,0x00000000fe680000)
  from space 7680K, 62% used [0x00000000fe680000,0x00000000feb28100,0x00000000fee00000)
  to   space 8192K, 0% used [0x00000000ff800000,0x00000000ff800000,0x0000000100000000)
 ParOldGen       total 468480K, used 197009K [0x00000000d5200000, 0x00000000f1b80000, 0x00000000f1b80000)
  object space 468480K, 42% used [0x00000000d5200000,0x00000000e1264768,0x00000000f1b80000)
 Metaspace       used 19814K, capacity 20082K, committed 20224K, reserved 1067008K
  class space    used 1929K, capacity 1999K, committed 2048K, reserved 1048576K
Event: 74.740 GC heap after
Heap after GC invocations=50 (full 14):
 PSYoungGen      total 223744K, used 4632K [0x00000000f1b80000, 0x00000000fff80000, 0x0000000100000000)
  eden space 216064K, 0% used [0x00000000f1b80000,0x00000000f1b80000,0x00000000fee80000)
  from space 7680K, 60% used [0x00000000ff800000,0x00000000ffc861e0,0x00000000fff80000)
  to   space 8704K, 0% used [0x00000000fee80000,0x00000000fee80000,0x00000000ff700000)
 ParOldGen       total 468480K, used 197009K [0x00000000d5200000, 0x00000000f1b80000, 0x00000000f1b80000)
  object space 468480K, 42% used [0x00000000d5200000,0x00000000e1264768,0x00000000f1b80000)
 Metaspace       used 19814K, capacity 20082K, committed 20224K, reserved 1067008K
  class space    used 1929K, capacity 1999K, committed 2048K, reserved 1048576K
}
Event: 79.617 GC heap before
{Heap before GC invocations=51 (full 14):
 PSYoungGen      total 223744K, used 220696K [0x00000000f1b80000, 0x00000000fff80000, 0x0000000100000000)
  eden space 216064K, 100% used [0x00000000f1b80000,0x00000000fee80000,0x00000000fee80000)
  from space 7680K, 60% used [0x00000000ff800000,0x00000000ffc861e0,0x00000000fff80000)
  to   space 8704K, 0% used [0x00000000fee80000,0x00000000fee80000,0x00000000ff700000)
 ParOldGen       total 468480K, used 197009K [0x00000000d5200000, 0x00000000f1b80000, 0x00000000f1b80000)
  object space 468480K, 42% used [0x00000000d5200000,0x00000000e1264768,0x00000000f1b80000)
 Metaspace       used 19814K, capacity 20082K, committed 20224K, reserved 1067008K
  class space    used 1929K, capacity 1999K, committed 2048K, reserved 1048576K
Event: 79.628 GC heap after
Heap after GC invocations=51 (full 14):
 PSYoungGen      total 224768K, used 4672K [0x00000000f1b80000, 0x0000000100000000, 0x0000000100000000)
  eden space 216064K, 0% used [0x00000000f1b80000,0x00000000f1b80000,0x00000000fee80000)
  from space 8704K, 53% used [0x00000000fee80000,0x00000000ff310100,0x00000000ff700000)
  to   space 8704K, 0% used [0x00000000ff780000,0x00000000ff780000,0x0000000100000000)
 ParOldGen       total 468480K, used 197017K [0x00000000d5200000, 0x00000000f1b80000, 0x00000000f1b80000)
  object space 468480K, 42% used [0x00000000d5200000,0x00000000e1266768,0x00000000f1b80000)
 Metaspace       used 19814K, capacity 20082K, committed 20224K, reserved 1067008K
  class space    used 1929K, capacity 1999K, committed 2048K, reserved 1048576K
}
Event: 84.031 GC heap before
{Heap before GC invocations=52 (full 14):
 PSYoungGen      total 224768K, used 220736K [0x00000000f1b80000, 0x0000000100000000, 0x0000000100000000)
  eden space 216064K, 100% used [0x00000000f1b80000,0x00000000fee80000,0x00000000fee80000)
  from space 8704K, 53% used [0x00000000fee80000,0x00000000ff310100,0x00000000ff700000)
  to   space 8704K, 0% used [0x00000000ff780000,0x00000000ff780000,0x0000000100000000)
 ParOldGen       total 468480K, used 197017K [0x00000000d5200000, 0x00000000f1b80000, 0x00000000f1b80000)
  object space 468480K, 42% used [0x00000000d5200000,0x00000000e1266768,0x00000000f1b80000)
 Metaspace       used 19814K, capacity 20082K, committed 20224K, reserved 1067008K
  class space    used 1929K, capacity 1999K, committed 2048K, reserved 1048576K
Event: 84.039 GC heap after
Heap after GC invocations=52 (full 14):
 PSYoungGen      total 224256K, used 4760K [0x00000000f1b80000, 0x0000000100000000, 0x0000000100000000)
  eden space 215552K, 0% used [0x00000000f1b80000,0x00000000f1b80000,0x00000000fee00000)
  from space 8704K, 54% used [0x00000000ff780000,0x00000000ffc261e0,0x0000000100000000)
  to   space 9216K, 0% used [0x00000000fee00000,0x00000000fee00000,0x00000000ff700000)
 ParOldGen       total 468480K, used 197017K [0x00000000d5200000, 0x00000000f1b80000, 0x00000000f1b80000)
  object space 468480K, 42% used [0x00000000d5200000,0x00000000e1266768,0x00000000f1b80000)
 Metaspace       used 19814K, capacity 20082K, committed 20224K, reserved 1067008K
  class space    used 1929K, capacity 1999K, committed 2048K, reserved 1048576K
}

