# JRE version: OpenJDK Runtime Environment (8.0_191-b12) (build 1.8.0_191-8u191-b12-2ubuntu0.16.04.1-b12)
# Java VM: OpenJDK 64-Bit Server VM (25.191-b12 mixed mode linux-amd64 compressed oops)
Heap:
 PSYoungGen      total 34304K, used 25588K [0x00000000f1b00000, 0x00000000f5400000, 0x0000000100000000)
  eden space 33792K, 75% used [0x00000000f1b00000,0x00000000f33cd330,0x00000000f3c00000)
  from space 512K, 37% used [0x00000000f5300000,0x00000000f5330000,0x00000000f5380000)
  to   space 512K, 0% used [0x00000000f5380000,0x00000000f5380000,0x00000000f5400000)
 ParOldGen       total 325632K, used 177126K [0x00000000d5000000, 0x00000000e8e00000, 0x00000000f1b00000)
  object space 325632K, 54% used [0x00000000d5000000,0x00000000dfcf98a8,0x00000000e8e00000)
 Metaspace       used 19057K, capacity 19206K, committed 19328K, reserved 1067008K
  class space    used 1823K, capacity 1898K, committed 1920K, reserved 1048576K
GC Heap History (10 events):
Event: 315.041 GC heap before
{Heap before GC invocations=325 (full 6):
 PSYoungGen      total 36864K, used 36640K [0x00000000f1b00000, 0x00000000f5400000, 0x0000000100000000)
  eden space 36352K, 100% used [0x00000000f1b00000,0x00000000f3e80000,0x00000000f3e80000)
  from space 512K, 56% used [0x00000000f5380000,0x00000000f53c8000,0x00000000f5400000)
  to   space 512K, 0% used [0x00000000f5300000,0x00000000f5300000,0x00000000f5380000)
 ParOldGen       total 325632K, used 177062K [0x00000000d5000000, 0x00000000e8e00000, 0x00000000f1b00000)
  object space 325632K, 54% used [0x00000000d5000000,0x00000000dfce98a8,0x00000000e8e00000)
 Metaspace       used 19054K, capacity 19206K, committed 19328K, reserved 1067008K
  class space    used 1823K, capacity 1898K, committed 1920K, reserved 1048576K
Event: 315.045 GC heap after
Heap after GC invocations=325 (full 6):
 PSYoungGen      total 36352K, used 224K [0x00000000f1b00000, 0x00000000f5400000, 0x0000000100000000)
  eden space 35840K, 0% used [0x00000000f1b00000,0x00000000f1b00000,0x00000000f3e00000)
  from space 512K, 43% used [0x00000000f5300000,0x00000000f5338000,0x00000000f5380000)
  to   space 512K, 0% used [0x00000000f5380000,0x00000000f5380000,0x00000000f5400000)
 ParOldGen       total 325632K, used 177078K [0x00000000d5000000, 0x00000000e8e00000, 0x00000000f1b00000)
  object space 325632K, 54% used [0x00000000d5000000,0x00000000dfced8a8,0x00000000e8e00000)
 Metaspace       used 19054K, capacity 19206K, committed 19328K, reserved 1067008K
  class space    used 1823K, capacity 1898K, committed 1920K, reserved 1048576K
}
Event: 315.591 GC heap before
{Heap before GC invocations=326 (full 6):
 PSYoungGen      total 36352K, used 36064K [0x00000000f1b00000, 0x00000000f5400000, 0x0000000100000000)
  eden space 35840K, 100% used [0x00000000f1b00000,0x00000000f3e00000,0x00000000f3e00000)
  from space 512K, 43% used [0x00000000f5300000,0x00000000f5338000,0x00000000f5380000)
  to   space 512K, 0% used [0x00000000f5380000,0x00000000f5380000,0x00000000f5400000)
 ParOldGen       total 325632K, used 177078K [0x00000000d5000000, 0x00000000e8e00000, 0x00000000f1b00000)
  object space 325632K, 54% used [0x00000000d5000000,0x00000000dfced8a8,0x00000000e8e00000)
 Metaspace       used 19054K, capacity 19206K, committed 19328K, reserved 1067008K
  class space    used 1823K, capacity 1898K, committed 1920K, reserved 1048576K
Event: 315.594 GC heap after
Heap after GC invocations=326 (full 6):
 PSYoungGen      total 35840K, used 192K [0x00000000f1b00000, 0x00000000f5400000, 0x0000000100000000)
  eden space 35328K, 0% used [0x00000000f1b00000,0x00000000f1b00000,0x00000000f3d80000)
  from space 512K, 37% used [0x00000000f5380000,0x00000000f53b0000,0x00000000f5400000)
  to   space 512K, 0% used [0x00000000f5300000,0x00000000f5300000,0x00000000f5380000)
 ParOldGen       total 325632K, used 177094K [0x00000000d5000000, 0x00000000e8e00000, 0x00000000f1b00000)
  object space 325632K, 54% used [0x00000000d5000000,0x00000000dfcf18a8,0x00000000e8e00000)
 Metaspace       used 19054K, capacity 19206K, committed 19328K, reserved 1067008K
  class space    used 1823K, capacity 1898K, committed 1920K, reserved 1048576K
}
Event: 316.090 GC heap before
{Heap before GC invocations=327 (full 6):
 PSYoungGen      total 35840K, used 35520K [0x00000000f1b00000, 0x00000000f5400000, 0x0000000100000000)
  eden space 35328K, 100% used [0x00000000f1b00000,0x00000000f3d80000,0x00000000f3d80000)
  from space 512K, 37% used [0x00000000f5380000,0x00000000f53b0000,0x00000000f5400000)
  to   space 512K, 0% used [0x00000000f5300000,0x00000000f5300000,0x00000000f5380000)
 ParOldGen       total 325632K, used 177094K [0x00000000d5000000, 0x00000000e8e00000, 0x00000000f1b00000)
  object space 325632K, 54% used [0x00000000d5000000,0x00000000dfcf18a8,0x00000000e8e00000)
 Metaspace       used 19054K, capacity 19206K, committed 19328K, reserved 1067008K
  class space    used 1823K, capacity 1898K, committed 1920K, reserved 1048576K
Event: 316.092 GC heap after
Heap after GC invocations=327 (full 6):
 PSYoungGen      total 35328K, used 224K [0x00000000f1b00000, 0x00000000f5400000, 0x0000000100000000)
  eden space 34816K, 0% used [0x00000000f1b00000,0x00000000f1b00000,0x00000000f3d00000)
  from space 512K, 43% used [0x00000000f5300000,0x00000000f5338000,0x00000000f5380000)
  to   space 512K, 0% used [0x00000000f5380000,0x00000000f5380000,0x00000000f5400000)
 ParOldGen       total 325632K, used 177102K [0x00000000d5000000, 0x00000000e8e00000, 0x00000000f1b00000)
  object space 325632K, 54% used [0x00000000d5000000,0x00000000dfcf38a8,0x00000000e8e00000)
 Metaspace       used 19054K, capacity 19206K, committed 19328K, reserved 1067008K
  class space    used 1823K, capacity 1898K, committed 1920K, reserved 1048576K
}
Event: 316.555 GC heap before
{Heap before GC invocations=328 (full 6):
 PSYoungGen      total 35328K, used 35040K [0x00000000f1b00000, 0x00000000f5400000, 0x0000000100000000)
  eden space 34816K, 100% used [0x00000000f1b00000,0x00000000f3d00000,0x00000000f3d00000)
  from space 512K, 43% used [0x00000000f5300000,0x00000000f5338000,0x00000000f5380000)
  to   space 512K, 0% used [0x00000000f5380000,0x00000000f5380000,0x00000000f5400000)
 ParOldGen       total 325632K, used 177102K [0x00000000d5000000, 0x00000000e8e00000, 0x00000000f1b00000)
  object space 325632K, 54% used [0x00000000d5000000,0x00000000dfcf38a8,0x00000000e8e00000)
 Metaspace       used 19054K, capacity 19206K, committed 19328K, reserved 1067008K
  class space    used 1823K, capacity 1898K, committed 1920K, reserved 1048576K
Event: 316.558 GC heap after
Heap after GC invocations=328 (full 6):
 PSYoungGen      total 34816K, used 224K [0x00000000f1b00000, 0x00000000f5400000, 0x0000000100000000)
  eden space 34304K, 0% used [0x00000000f1b00000,0x00000000f1b00000,0x00000000f3c80000)
  from space 512K, 43% used [0x00000000f5380000,0x00000000f53b8000,0x00000000f5400000)
  to   space 512K, 0% used [0x00000000f5300000,0x00000000f5300000,0x00000000f5380000)
 ParOldGen       total 325632K, used 177118K [0x00000000d5000000, 0x00000000e8e00000, 0x00000000f1b00000)
  object space 325632K, 54% used [0x00000000d5000000,0x00000000dfcf78a8,0x00000000e8e00000)
 Metaspace       used 19054K, capacity 19206K, committed 19328K, reserved 1067008K
  class space    used 1823K, capacity 1898K, committed 1920K, reserved 1048576K
}
Event: 316.987 GC heap before
{Heap before GC invocations=329 (full 6):
 PSYoungGen      total 34816K, used 34528K [0x00000000f1b00000, 0x00000000f5400000, 0x0000000100000000)
  eden space 34304K, 100% used [0x00000000f1b00000,0x00000000f3c80000,0x00000000f3c80000)
  from space 512K, 43% used [0x00000000f5380000,0x00000000f53b8000,0x00000000f5400000)
  to   space 512K, 0% used [0x00000000f5300000,0x00000000f5300000,0x00000000f5380000)
 ParOldGen       total 325632K, used 177118K [0x00000000d5000000, 0x00000000e8e00000, 0x00000000f1b00000)
  object space 325632K, 54% used [0x00000000d5000000,0x00000000dfcf78a8,0x00000000e8e00000)
 Metaspace       used 19054K, capacity 19206K, committed 19328K, reserved 1067008K
  class space    used 1823K, capacity 1898K, committed 1920K, reserved 1048576K
Event: 316.990 GC heap after
Heap after GC invocations=329 (full 6):
 PSYoungGen      total 34304K, used 192K [0x00000000f1b00000, 0x00000000f5400000, 0x0000000100000000)
  eden space 33792K, 0% used [0x00000000f1b00000,0x00000000f1b00000,0x00000000f3c00000)
  from space 512K, 37% used [0x00000000f5300000,0x00000000f5330000,0x00000000f5380000)
  to   space 512K, 0% used [0x00000000f5380000,0x00000000f5380000,0x00000000f5400000)
 ParOldGen       total 325632K, used 177126K [0x00000000d5000000, 0x00000000e8e00000, 0x00000000f1b00000)
  object space 325632K, 54% used [0x00000000d5000000,0x00000000dfcf98a8,0x00000000e8e00000)
 Metaspace       used 19054K, capacity 19206K, committed 19328K, reserved 1067008K
  class space    used 1823K, capacity 1898K, committed 1920K, reserved 1048576K
}

