# JRE version: OpenJDK Runtime Environment (8.0_191-b12) (build 1.8.0_191-8u191-b12-2ubuntu0.16.04.1-b12)
# Java VM: OpenJDK 64-Bit Server VM (25.191-b12 mixed mode linux-amd64 compressed oops)
Heap:
 PSYoungGen      total 53248K, used 33753K [0x00000000f1b00000, 0x00000000f6280000, 0x0000000100000000)
  eden space 45056K, 56% used [0x00000000f1b00000,0x00000000f33fc930,0x00000000f4700000)
  from space 8192K, 99% used [0x00000000f4700000,0x00000000f4ef9cc0,0x00000000f4f00000)
  to   space 12800K, 0% used [0x00000000f5600000,0x00000000f5600000,0x00000000f6280000)
 ParOldGen       total 224256K, used 136468K [0x00000000d5000000, 0x00000000e2b00000, 0x00000000f1b00000)
  object space 224256K, 60% used [0x00000000d5000000,0x00000000dd5450a0,0x00000000e2b00000)
 Metaspace       used 17528K, capacity 17714K, committed 18048K, reserved 1064960K
  class space    used 1764K, capacity 1832K, committed 1920K, reserved 1048576K
GC Heap History (10 events):
Event: 4.375 GC heap before
{Heap before GC invocations=20 (full 5):
 PSYoungGen      total 47616K, used 37888K [0x00000000f1b00000, 0x00000000f5300000, 0x0000000100000000)
  eden space 37888K, 100% used [0x00000000f1b00000,0x00000000f4000000,0x00000000f4000000)
  from space 9728K, 0% used [0x00000000f4980000,0x00000000f4980000,0x00000000f5300000)
  to   space 9728K, 0% used [0x00000000f4000000,0x00000000f4000000,0x00000000f4980000)
 ParOldGen       total 224256K, used 129044K [0x00000000d5000000, 0x00000000e2b00000, 0x00000000f1b00000)
  object space 224256K, 57% used [0x00000000d5000000,0x00000000dce05398,0x00000000e2b00000)
 Metaspace       used 14779K, capacity 14986K, committed 15104K, reserved 1062912K
  class space    used 1401K, capacity 1478K, committed 1536K, reserved 1048576K
Event: 4.377 GC heap after
Heap after GC invocations=20 (full 5):
 PSYoungGen      total 47616K, used 0K [0x00000000f1b00000, 0x00000000f5580000, 0x0000000100000000)
  eden space 37888K, 0% used [0x00000000f1b00000,0x00000000f1b00000,0x00000000f4000000)
  from space 9728K, 0% used [0x00000000f4000000,0x00000000f4000000,0x00000000f4980000)
  to   space 9216K, 0% used [0x00000000f4c80000,0x00000000f4c80000,0x00000000f5580000)
 ParOldGen       total 224256K, used 129044K [0x00000000d5000000, 0x00000000e2b00000, 0x00000000f1b00000)
  object space 224256K, 57% used [0x00000000d5000000,0x00000000dce05398,0x00000000e2b00000)
 Metaspace       used 14779K, capacity 14986K, committed 15104K, reserved 1062912K
  class space    used 1401K, capacity 1478K, committed 1536K, reserved 1048576K
}
Event: 4.447 GC heap before
{Heap before GC invocations=21 (full 5):
 PSYoungGen      total 47616K, used 37888K [0x00000000f1b00000, 0x00000000f5580000, 0x0000000100000000)
  eden space 37888K, 100% used [0x00000000f1b00000,0x00000000f4000000,0x00000000f4000000)
  from space 9728K, 0% used [0x00000000f4000000,0x00000000f4000000,0x00000000f4980000)
  to   space 9216K, 0% used [0x00000000f4c80000,0x00000000f4c80000,0x00000000f5580000)
 ParOldGen       total 224256K, used 129044K [0x00000000d5000000, 0x00000000e2b00000, 0x00000000f1b00000)
  object space 224256K, 57% used [0x00000000d5000000,0x00000000dce05398,0x00000000e2b00000)
 Metaspace       used 14779K, capacity 14986K, committed 15104K, reserved 1062912K
  class space    used 1401K, capacity 1478K, committed 1536K, reserved 1048576K
Event: 4.453 GC heap after
Heap after GC invocations=21 (full 5):
 PSYoungGen      total 51200K, used 0K [0x00000000f1b00000, 0x00000000f5600000, 0x0000000100000000)
  eden space 41984K, 0% used [0x00000000f1b00000,0x00000000f1b00000,0x00000000f4400000)
  from space 9216K, 0% used [0x00000000f4c80000,0x00000000f4c80000,0x00000000f5580000)
  to   space 8704K, 0% used [0x00000000f4400000,0x00000000f4400000,0x00000000f4c80000)
 ParOldGen       total 224256K, used 129044K [0x00000000d5000000, 0x00000000e2b00000, 0x00000000f1b00000)
  object space 224256K, 57% used [0x00000000d5000000,0x00000000dce05398,0x00000000e2b00000)
 Metaspace       used 14779K, capacity 14986K, committed 15104K, reserved 1062912K
  class space    used 1401K, capacity 1478K, committed 1536K, reserved 1048576K
}
Event: 4.535 GC heap before
{Heap before GC invocations=22 (full 5):
 PSYoungGen      total 51200K, used 41984K [0x00000000f1b00000, 0x00000000f5600000, 0x0000000100000000)
  eden space 41984K, 100% used [0x00000000f1b00000,0x00000000f4400000,0x00000000f4400000)
  from space 9216K, 0% used [0x00000000f4c80000,0x00000000f4c80000,0x00000000f5580000)
  to   space 8704K, 0% used [0x00000000f4400000,0x00000000f4400000,0x00000000f4c80000)
 ParOldGen       total 224256K, used 129044K [0x00000000d5000000, 0x00000000e2b00000, 0x00000000f1b00000)
  object space 224256K, 57% used [0x00000000d5000000,0x00000000dce05398,0x00000000e2b00000)
 Metaspace       used 14779K, capacity 14986K, committed 15104K, reserved 1062912K
  class space    used 1401K, capacity 1478K, committed 1536K, reserved 1048576K
Event: 4.537 GC heap after
Heap after GC invocations=22 (full 5):
 PSYoungGen      total 50688K, used 0K [0x00000000f1b00000, 0x00000000f5780000, 0x0000000100000000)
  eden space 41984K, 0% used [0x00000000f1b00000,0x00000000f1b00000,0x00000000f4400000)
  from space 8704K, 0% used [0x00000000f4400000,0x00000000f4400000,0x00000000f4c80000)
  to   space 8192K, 0% used [0x00000000f4f80000,0x00000000f4f80000,0x00000000f5780000)
 ParOldGen       total 224256K, used 129044K [0x00000000d5000000, 0x00000000e2b00000, 0x00000000f1b00000)
  object space 224256K, 57% used [0x00000000d5000000,0x00000000dce05398,0x00000000e2b00000)
 Metaspace       used 14779K, capacity 14986K, committed 15104K, reserved 1062912K
  class space    used 1401K, capacity 1478K, committed 1536K, reserved 1048576K
}
Event: 4.614 GC heap before
{Heap before GC invocations=23 (full 5):
 PSYoungGen      total 50688K, used 41984K [0x00000000f1b00000, 0x00000000f5780000, 0x0000000100000000)
  eden space 41984K, 100% used [0x00000000f1b00000,0x00000000f4400000,0x00000000f4400000)
  from space 8704K, 0% used [0x00000000f4400000,0x00000000f4400000,0x00000000f4c80000)
  to   space 8192K, 0% used [0x00000000f4f80000,0x00000000f4f80000,0x00000000f5780000)
 ParOldGen       total 224256K, used 129044K [0x00000000d5000000, 0x00000000e2b00000, 0x00000000f1b00000)
  object space 224256K, 57% used [0x00000000d5000000,0x00000000dce05398,0x00000000e2b00000)
 Metaspace       used 14779K, capacity 14986K, committed 15104K, reserved 1062912K
  class space    used 1401K, capacity 1478K, committed 1536K, reserved 1048576K
Event: 4.616 GC heap after
Heap after GC invocations=23 (full 5):
 PSYoungGen      total 52736K, used 0K [0x00000000f1b00000, 0x00000000f5700000, 0x0000000100000000)
  eden space 45056K, 0% used [0x00000000f1b00000,0x00000000f1b00000,0x00000000f4700000)
  from space 7680K, 0% used [0x00000000f4f80000,0x00000000f4f80000,0x00000000f5700000)
  to   space 8192K, 0% used [0x00000000f4700000,0x00000000f4700000,0x00000000f4f00000)
 ParOldGen       total 224256K, used 129044K [0x00000000d5000000, 0x00000000e2b00000, 0x00000000f1b00000)
  object space 224256K, 57% used [0x00000000d5000000,0x00000000dce05398,0x00000000e2b00000)
 Metaspace       used 14779K, capacity 14986K, committed 15104K, reserved 1062912K
  class space    used 1401K, capacity 1478K, committed 1536K, reserved 1048576K
}
Event: 10.076 GC heap before
{Heap before GC invocations=24 (full 5):
 PSYoungGen      total 52736K, used 45056K [0x00000000f1b00000, 0x00000000f5700000, 0x0000000100000000)
  eden space 45056K, 100% used [0x00000000f1b00000,0x00000000f4700000,0x00000000f4700000)
  from space 7680K, 0% used [0x00000000f4f80000,0x00000000f4f80000,0x00000000f5700000)
  to   space 8192K, 0% used [0x00000000f4700000,0x00000000f4700000,0x00000000f4f00000)
 ParOldGen       total 224256K, used 129044K [0x00000000d5000000, 0x00000000e2b00000, 0x00000000f1b00000)
  object space 224256K, 57% used [0x00000000d5000000,0x00000000dce05398,0x00000000e2b00000)
 Metaspace       used 16747K, capacity 16940K, committed 17152K, reserved 1064960K
  class space    used 1690K, capacity 1767K, committed 1792K, reserved 1048576K
Event: 10.091 GC heap after
Heap after GC invocations=24 (full 5):
 PSYoungGen      total 53248K, used 8167K [0x00000000f1b00000, 0x00000000f6280000, 0x0000000100000000)
  eden space 45056K, 0% used [0x00000000f1b00000,0x00000000f1b00000,0x00000000f4700000)
  from space 8192K, 99% used [0x00000000f4700000,0x00000000f4ef9cc0,0x00000000f4f00000)
  to   space 12800K, 0% used [0x00000000f5600000,0x00000000f5600000,0x00000000f6280000)
 ParOldGen       total 224256K, used 136468K [0x00000000d5000000, 0x00000000e2b00000, 0x00000000f1b00000)
  object space 224256K, 60% used [0x00000000d5000000,0x00000000dd5450a0,0x00000000e2b00000)
 Metaspace       used 16747K, capacity 16940K, committed 17152K, reserved 1064960K
  class space    used 1690K, capacity 1767K, committed 1792K, reserved 1048576K
}

