# JRE version: Java(TM) SE Runtime Environment (8.0_144-b01) (build 1.8.0_144-b01)
# Java VM: Java HotSpot(TM) 64-Bit Server VM (25.144-b01 mixed mode windows-amd64 compressed oops)
Heap:
 PSYoungGen      total 998912K, used 560010K [0x000000076b300000, 0x00000007b8280000, 0x00000007c0000000)
  eden space 861184K, 64% used [0x000000076b300000,0x000000078cfd28a8,0x000000079fc00000)
  from space 137728K, 4% used [0x000000079fc00000,0x00000007a0210020,0x00000007a8280000)
  to   space 135680K, 0% used [0x00000007afe00000,0x00000007afe00000,0x00000007b8280000)
 ParOldGen       total 585728K, used 315144K [0x00000006c1800000, 0x00000006e5400000, 0x000000076b300000)
  object space 585728K, 53% used [0x00000006c1800000,0x00000006d4bc21f0,0x00000006e5400000)
 Metaspace       used 23491K, capacity 23742K, committed 24064K, reserved 1071104K
  class space    used 2389K, capacity 2486K, committed 2560K, reserved 1048576K
GC Heap History (10 events):
Event: 12.227 GC heap before
{Heap before GC invocations=18 (full 5):
 PSYoungGen      total 647168K, used 81822K [0x000000076b300000, 0x00000007a7180000, 0x00000007c0000000)
  eden space 504832K, 0% used [0x000000076b300000,0x000000076b300000,0x000000078a000000)
  from space 142336K, 57% used [0x000000078a000000,0x000000078efe7b00,0x0000000792b00000)
  to   space 143872K, 0% used [0x000000079e500000,0x000000079e500000,0x00000007a7180000)
 ParOldGen       total 430592K, used 317401K [0x00000006c1800000, 0x00000006dbc80000, 0x000000076b300000)
  object space 430592K, 73% used [0x00000006c1800000,0x00000006d4df65f8,0x00000006dbc80000)
 Metaspace       used 18912K, capacity 19164K, committed 19456K, reserved 1067008K
  class space    used 1894K, capacity 1967K, committed 2048K, reserved 1048576K
Event: 12.272 GC heap after
Heap after GC invocations=18 (full 5):
 PSYoungGen      total 647168K, used 0K [0x000000076b300000, 0x00000007a7180000, 0x00000007c0000000)
  eden space 504832K, 0% used [0x000000076b300000,0x000000076b300000,0x000000078a000000)
  from space 142336K, 0% used [0x000000078a000000,0x000000078a000000,0x0000000792b00000)
  to   space 143872K, 0% used [0x000000079e500000,0x000000079e500000,0x00000007a7180000)
 ParOldGen       total 585728K, used 251669K [0x00000006c1800000, 0x00000006e5400000, 0x000000076b300000)
  object space 585728K, 42% used [0x00000006c1800000,0x00000006d0dc57a0,0x00000006e5400000)
 Metaspace       used 18912K, capacity 19164K, committed 19456K, reserved 1067008K
  class space    used 1894K, capacity 1967K, committed 2048K, reserved 1048576K
}
Event: 46.178 GC heap before
{Heap before GC invocations=19 (full 5):
 PSYoungGen      total 647168K, used 504832K [0x000000076b300000, 0x00000007a7180000, 0x00000007c0000000)
  eden space 504832K, 100% used [0x000000076b300000,0x000000078a000000,0x000000078a000000)
  from space 142336K, 0% used [0x000000078a000000,0x000000078a000000,0x0000000792b00000)
  to   space 143872K, 0% used [0x000000079e500000,0x000000079e500000,0x00000007a7180000)
 ParOldGen       total 585728K, used 251669K [0x00000006c1800000, 0x00000006e5400000, 0x000000076b300000)
  object space 585728K, 42% used [0x00000006c1800000,0x00000006d0dc57a0,0x00000006e5400000)
 Metaspace       used 21833K, capacity 22064K, committed 22528K, reserved 1069056K
  class space    used 2218K, capacity 2291K, committed 2304K, reserved 1048576K
Event: 46.215 GC heap after
Heap after GC invocations=19 (full 5):
 PSYoungGen      total 803840K, used 67761K [0x000000076b300000, 0x00000007a5d00000, 0x00000007c0000000)
  eden space 680960K, 0% used [0x000000076b300000,0x000000076b300000,0x0000000794c00000)
  from space 122880K, 55% used [0x000000079e500000,0x00000007a272c4b8,0x00000007a5d00000)
  to   space 139776K, 0% used [0x0000000794c00000,0x0000000794c00000,0x000000079d480000)
 ParOldGen       total 585728K, used 251677K [0x00000006c1800000, 0x00000006e5400000, 0x000000076b300000)
  object space 585728K, 42% used [0x00000006c1800000,0x00000006d0dc77a0,0x00000006e5400000)
 Metaspace       used 21833K, capacity 22064K, committed 22528K, reserved 1069056K
  class space    used 2218K, capacity 2291K, committed 2304K, reserved 1048576K
}
Event: 130.607 GC heap before
{Heap before GC invocations=20 (full 5):
 PSYoungGen      total 803840K, used 748721K [0x000000076b300000, 0x00000007a5d00000, 0x00000007c0000000)
  eden space 680960K, 100% used [0x000000076b300000,0x0000000794c00000,0x0000000794c00000)
  from space 122880K, 55% used [0x000000079e500000,0x00000007a272c4b8,0x00000007a5d00000)
  to   space 139776K, 0% used [0x0000000794c00000,0x0000000794c00000,0x000000079d480000)
 ParOldGen       total 585728K, used 251677K [0x00000006c1800000, 0x00000006e5400000, 0x000000076b300000)
  object space 585728K, 42% used [0x00000006c1800000,0x00000006d0dc77a0,0x00000006e5400000)
 Metaspace       used 23487K, capacity 23742K, committed 24064K, reserved 1071104K
  class space    used 2389K, capacity 2486K, committed 2560K, reserved 1048576K
Event: 130.637 GC heap after
Heap after GC invocations=20 (full 5):
 PSYoungGen      total 820736K, used 20368K [0x000000076b300000, 0x00000007b2480000, 0x00000007c0000000)
  eden space 680960K, 0% used [0x000000076b300000,0x000000076b300000,0x0000000794c00000)
  from space 139776K, 14% used [0x0000000794c00000,0x0000000795fe4230,0x000000079d480000)
  to   space 137728K, 0% used [0x00000007a9e00000,0x00000007a9e00000,0x00000007b2480000)
 ParOldGen       total 585728K, used 297884K [0x00000006c1800000, 0x00000006e5400000, 0x000000076b300000)
  object space 585728K, 50% used [0x00000006c1800000,0x00000006d3ae7188,0x00000006e5400000)
 Metaspace       used 23487K, capacity 23742K, committed 24064K, reserved 1071104K
  class space    used 2389K, capacity 2486K, committed 2560K, reserved 1048576K
}
Event: 177.037 GC heap before
{Heap before GC invocations=21 (full 5):
 PSYoungGen      total 820736K, used 701328K [0x000000076b300000, 0x00000007b2480000, 0x00000007c0000000)
  eden space 680960K, 100% used [0x000000076b300000,0x0000000794c00000,0x0000000794c00000)
  from space 139776K, 14% used [0x0000000794c00000,0x0000000795fe4230,0x000000079d480000)
  to   space 137728K, 0% used [0x00000007a9e00000,0x00000007a9e00000,0x00000007b2480000)
 ParOldGen       total 585728K, used 297884K [0x00000006c1800000, 0x00000006e5400000, 0x000000076b300000)
  object space 585728K, 50% used [0x00000006c1800000,0x00000006d3ae7188,0x00000006e5400000)
 Metaspace       used 23487K, capacity 23742K, committed 24064K, reserved 1071104K
  class space    used 2389K, capacity 2486K, committed 2560K, reserved 1048576K
Event: 177.074 GC heap after
Heap after GC invocations=21 (full 5):
 PSYoungGen      total 970752K, used 3872K [0x000000076b300000, 0x00000007b0900000, 0x00000007c0000000)
  eden space 861184K, 0% used [0x000000076b300000,0x000000076b300000,0x000000079fc00000)
  from space 109568K, 3% used [0x00000007a9e00000,0x00000007aa1c8010,0x00000007b0900000)
  to   space 137728K, 0% used [0x000000079fc00000,0x000000079fc00000,0x00000007a8280000)
 ParOldGen       total 585728K, used 315144K [0x00000006c1800000, 0x00000006e5400000, 0x000000076b300000)
  object space 585728K, 53% used [0x00000006c1800000,0x00000006d4bc21f0,0x00000006e5400000)
 Metaspace       used 23487K, capacity 23742K, committed 24064K, reserved 1071104K
  class space    used 2389K, capacity 2486K, committed 2560K, reserved 1048576K
}
Event: 245.206 GC heap before
{Heap before GC invocations=22 (full 5):
 PSYoungGen      total 970752K, used 865056K [0x000000076b300000, 0x00000007b0900000, 0x00000007c0000000)
  eden space 861184K, 100% used [0x000000076b300000,0x000000079fc00000,0x000000079fc00000)
  from space 109568K, 3% used [0x00000007a9e00000,0x00000007aa1c8010,0x00000007b0900000)
  to   space 137728K, 0% used [0x000000079fc00000,0x000000079fc00000,0x00000007a8280000)
 ParOldGen       total 585728K, used 315144K [0x00000006c1800000, 0x00000006e5400000, 0x000000076b300000)
  object space 585728K, 53% used [0x00000006c1800000,0x00000006d4bc21f0,0x00000006e5400000)
 Metaspace       used 23487K, capacity 23742K, committed 24064K, reserved 1071104K
  class space    used 2389K, capacity 2486K, committed 2560K, reserved 1048576K
Event: 245.227 GC heap after
Heap after GC invocations=22 (full 5):
 PSYoungGen      total 998912K, used 6208K [0x000000076b300000, 0x00000007b8280000, 0x00000007c0000000)
  eden space 861184K, 0% used [0x000000076b300000,0x000000076b300000,0x000000079fc00000)
  from space 137728K, 4% used [0x000000079fc00000,0x00000007a0210020,0x00000007a8280000)
  to   space 135680K, 0% used [0x00000007afe00000,0x00000007afe00000,0x00000007b8280000)
 ParOldGen       total 585728K, used 315144K [0x00000006c1800000, 0x00000006e5400000, 0x000000076b300000)
  object space 585728K, 53% used [0x00000006c1800000,0x00000006d4bc21f0,0x00000006e5400000)
 Metaspace       used 23487K, capacity 23742K, committed 24064K, reserved 1071104K
  class space    used 2389K, capacity 2486K, committed 2560K, reserved 1048576K
}

