# JRE version: Java(TM) SE Runtime Environment (8.0_144-b01) (build 1.8.0_144-b01)
# Java VM: Java HotSpot(TM) 64-Bit Server VM (25.144-b01 mixed mode windows-amd64 compressed oops)
Heap:
 PSYoungGen      total 966144K, used 534324K [0x000000076b300000, 0x00000007b0f80000, 0x00000007c0000000)
  eden space 849408K, 62% used [0x000000076b300000,0x000000078b789268,0x000000079f080000)
  from space 116736K, 4% used [0x00000007a9d80000,0x00000007aa2c4020,0x00000007b0f80000)
  to   space 146944K, 0% used [0x000000079f080000,0x000000079f080000,0x00000007a8000000)
 ParOldGen       total 633856K, used 405120K [0x00000006c1800000, 0x00000006e8300000, 0x000000076b300000)
  object space 633856K, 63% used [0x00000006c1800000,0x00000006da3a01d8,0x00000006e8300000)
 Metaspace       used 23504K, capacity 23812K, committed 24320K, reserved 1071104K
  class space    used 2393K, capacity 2487K, committed 2560K, reserved 1048576K
GC Heap History (10 events):
Event: 12.228 GC heap before
{Heap before GC invocations=17 (full 5):
 PSYoungGen      total 541184K, used 415744K [0x000000076b300000, 0x000000079f780000, 0x00000007c0000000)
  eden space 415744K, 100% used [0x000000076b300000,0x0000000784900000,0x0000000784900000)
  from space 125440K, 0% used [0x0000000784900000,0x0000000784900000,0x000000078c380000)
  to   space 142848K, 0% used [0x0000000796c00000,0x0000000796c00000,0x000000079f780000)
 ParOldGen       total 633856K, used 243570K [0x00000006c1800000, 0x00000006e8300000, 0x000000076b300000)
  object space 633856K, 38% used [0x00000006c1800000,0x00000006d05dcb00,0x00000006e8300000)
 Metaspace       used 18862K, capacity 19100K, committed 19456K, reserved 1067008K
  class space    used 1894K, capacity 1967K, committed 2048K, reserved 1048576K
Event: 12.292 GC heap after
Heap after GC invocations=17 (full 5):
 PSYoungGen      total 701440K, used 111520K [0x000000076b300000, 0x00000007a0800000, 0x00000007c0000000)
  eden space 558592K, 0% used [0x000000076b300000,0x000000076b300000,0x000000078d480000)
  from space 142848K, 78% used [0x0000000796c00000,0x000000079d8e8060,0x000000079f780000)
  to   space 155136K, 0% used [0x000000078d480000,0x000000078d480000,0x0000000796c00000)
 ParOldGen       total 633856K, used 317306K [0x00000006c1800000, 0x00000006e8300000, 0x000000076b300000)
  object space 633856K, 50% used [0x00000006c1800000,0x00000006d4ddeb20,0x00000006e8300000)
 Metaspace       used 18862K, capacity 19100K, committed 19456K, reserved 1067008K
  class space    used 1894K, capacity 1967K, committed 2048K, reserved 1048576K
}
Event: 26.699 GC heap before
{Heap before GC invocations=18 (full 5):
 PSYoungGen      total 701440K, used 670112K [0x000000076b300000, 0x00000007a0800000, 0x00000007c0000000)
  eden space 558592K, 100% used [0x000000076b300000,0x000000078d480000,0x000000078d480000)
  from space 142848K, 78% used [0x0000000796c00000,0x000000079d8e8060,0x000000079f780000)
  to   space 155136K, 0% used [0x000000078d480000,0x000000078d480000,0x0000000796c00000)
 ParOldGen       total 633856K, used 317306K [0x00000006c1800000, 0x00000006e8300000, 0x000000076b300000)
  object space 633856K, 50% used [0x00000006c1800000,0x00000006d4ddeb20,0x00000006e8300000)
 Metaspace       used 21305K, capacity 21548K, committed 22016K, reserved 1069056K
  class space    used 2188K, capacity 2291K, committed 2304K, reserved 1048576K
Event: 26.726 GC heap after
Heap after GC invocations=18 (full 5):
 PSYoungGen      total 713728K, used 68906K [0x000000076b300000, 0x00000007aa380000, 0x00000007c0000000)
  eden space 558592K, 0% used [0x000000076b300000,0x000000076b300000,0x000000078d480000)
  from space 155136K, 44% used [0x000000078d480000,0x00000007917ca848,0x0000000796c00000)
  to   space 149504K, 0% used [0x00000007a1180000,0x00000007a1180000,0x00000007aa380000)
 ParOldGen       total 633856K, used 318098K [0x00000006c1800000, 0x00000006e8300000, 0x000000076b300000)
  object space 633856K, 50% used [0x00000006c1800000,0x00000006d4ea4b50,0x00000006e8300000)
 Metaspace       used 21305K, capacity 21548K, committed 22016K, reserved 1069056K
  class space    used 2188K, capacity 2291K, committed 2304K, reserved 1048576K
}
Event: 69.498 GC heap before
{Heap before GC invocations=19 (full 5):
 PSYoungGen      total 713728K, used 627498K [0x000000076b300000, 0x00000007aa380000, 0x00000007c0000000)
  eden space 558592K, 100% used [0x000000076b300000,0x000000078d480000,0x000000078d480000)
  from space 155136K, 44% used [0x000000078d480000,0x00000007917ca848,0x0000000796c00000)
  to   space 149504K, 0% used [0x00000007a1180000,0x00000007a1180000,0x00000007aa380000)
 ParOldGen       total 633856K, used 318098K [0x00000006c1800000, 0x00000006e8300000, 0x000000076b300000)
  object space 633856K, 50% used [0x00000006c1800000,0x00000006d4ea4b50,0x00000006e8300000)
 Metaspace       used 21890K, capacity 22128K, committed 22528K, reserved 1069056K
  class space    used 2220K, capacity 2291K, committed 2304K, reserved 1048576K
Event: 69.581 GC heap after
Heap after GC invocations=19 (full 5):
 PSYoungGen      total 839168K, used 2664K [0x000000076b300000, 0x00000007a8e80000, 0x00000007c0000000)
  eden space 711168K, 0% used [0x000000076b300000,0x000000076b300000,0x0000000796980000)
  from space 128000K, 2% used [0x00000007a1180000,0x00000007a141a108,0x00000007a8e80000)
  to   space 150016K, 0% used [0x0000000796980000,0x0000000796980000,0x000000079fc00000)
 ParOldGen       total 633856K, used 405104K [0x00000006c1800000, 0x00000006e8300000, 0x000000076b300000)
  object space 633856K, 63% used [0x00000006c1800000,0x00000006da39c1d8,0x00000006e8300000)
 Metaspace       used 21890K, capacity 22128K, committed 22528K, reserved 1069056K
  class space    used 2220K, capacity 2291K, committed 2304K, reserved 1048576K
}
Event: 116.439 GC heap before
{Heap before GC invocations=20 (full 5):
 PSYoungGen      total 839168K, used 713832K [0x000000076b300000, 0x00000007a8e80000, 0x00000007c0000000)
  eden space 711168K, 100% used [0x000000076b300000,0x0000000796980000,0x0000000796980000)
  from space 128000K, 2% used [0x00000007a1180000,0x00000007a141a108,0x00000007a8e80000)
  to   space 150016K, 0% used [0x0000000796980000,0x0000000796980000,0x000000079fc00000)
 ParOldGen       total 633856K, used 405104K [0x00000006c1800000, 0x00000006e8300000, 0x000000076b300000)
  object space 633856K, 63% used [0x00000006c1800000,0x00000006da39c1d8,0x00000006e8300000)
 Metaspace       used 23242K, capacity 23550K, committed 24064K, reserved 1071104K
  class space    used 2384K, capacity 2486K, committed 2560K, reserved 1048576K
Event: 116.521 GC heap after
Heap after GC invocations=20 (full 5):
 PSYoungGen      total 861184K, used 5335K [0x000000076b300000, 0x00000007b2f00000, 0x00000007c0000000)
  eden space 711168K, 0% used [0x000000076b300000,0x000000076b300000,0x0000000796980000)
  from space 150016K, 3% used [0x0000000796980000,0x0000000796eb5c20,0x000000079fc00000)
  to   space 148992K, 0% used [0x00000007a9d80000,0x00000007a9d80000,0x00000007b2f00000)
 ParOldGen       total 633856K, used 405112K [0x00000006c1800000, 0x00000006e8300000, 0x000000076b300000)
  object space 633856K, 63% used [0x00000006c1800000,0x00000006da39e1d8,0x00000006e8300000)
 Metaspace       used 23242K, capacity 23550K, committed 24064K, reserved 1071104K
  class space    used 2384K, capacity 2486K, committed 2560K, reserved 1048576K
}
Event: 448.475 GC heap before
{Heap before GC invocations=21 (full 5):
 PSYoungGen      total 861184K, used 716503K [0x000000076b300000, 0x00000007b2f00000, 0x00000007c0000000)
  eden space 711168K, 100% used [0x000000076b300000,0x0000000796980000,0x0000000796980000)
  from space 150016K, 3% used [0x0000000796980000,0x0000000796eb5c20,0x000000079fc00000)
  to   space 148992K, 0% used [0x00000007a9d80000,0x00000007a9d80000,0x00000007b2f00000)
 ParOldGen       total 633856K, used 405112K [0x00000006c1800000, 0x00000006e8300000, 0x000000076b300000)
  object space 633856K, 63% used [0x00000006c1800000,0x00000006da39e1d8,0x00000006e8300000)
 Metaspace       used 23494K, capacity 23806K, committed 24320K, reserved 1071104K
  class space    used 2391K, capacity 2486K, committed 2560K, reserved 1048576K
Event: 448.520 GC heap after
Heap after GC invocations=21 (full 5):
 PSYoungGen      total 966144K, used 5392K [0x000000076b300000, 0x00000007b0f80000, 0x00000007c0000000)
  eden space 849408K, 0% used [0x000000076b300000,0x000000076b300000,0x000000079f080000)
  from space 116736K, 4% used [0x00000007a9d80000,0x00000007aa2c4020,0x00000007b0f80000)
  to   space 146944K, 0% used [0x000000079f080000,0x000000079f080000,0x00000007a8000000)
 ParOldGen       total 633856K, used 405120K [0x00000006c1800000, 0x00000006e8300000, 0x000000076b300000)
  object space 633856K, 63% used [0x00000006c1800000,0x00000006da3a01d8,0x00000006e8300000)
 Metaspace       used 23494K, capacity 23806K, committed 24320K, reserved 1071104K
  class space    used 2391K, capacity 2486K, committed 2560K, reserved 1048576K
}

