# JRE version: OpenJDK Runtime Environment (8.0_191-b12) (build 1.8.0_191-8u191-b12-2ubuntu0.18.04.1-b12)
# Java VM: OpenJDK 64-Bit Server VM (25.191-b12 mixed mode linux-amd64 compressed oops)
Heap:
 PSYoungGen      total 156160K, used 12317K [0x00000000f1b80000, 0x0000000100000000, 0x0000000100000000)
  eden space 78336K, 15% used [0x00000000f1b80000,0x00000000f2741600,0x00000000f6800000)
  from space 77824K, 0% used [0x00000000fb400000,0x00000000fb4460e0,0x0000000100000000)
  to   space 77824K, 0% used [0x00000000f6800000,0x00000000f6800000,0x00000000fb400000)
 ParOldGen       total 436224K, used 235051K [0x00000000d5200000, 0x00000000efc00000, 0x00000000f1b80000)
  object space 436224K, 53% used [0x00000000d5200000,0x00000000e378acd8,0x00000000efc00000)
 Metaspace       used 21496K, capacity 21740K, committed 22016K, reserved 1069056K
  class space    used 2160K, capacity 2255K, committed 2304K, reserved 1048576K
GC Heap History (10 events):
Event: 37.723 GC heap before
{Heap before GC invocations=49 (full 10):
 PSYoungGen      total 156160K, used 105926K [0x00000000f1b80000, 0x0000000100000000, 0x0000000100000000)
  eden space 78336K, 100% used [0x00000000f1b80000,0x00000000f6800000,0x00000000f6800000)
  from space 77824K, 35% used [0x00000000fb400000,0x00000000fcef1928,0x0000000100000000)
  to   space 77824K, 0% used [0x00000000f6800000,0x00000000f6800000,0x00000000fb400000)
 ParOldGen       total 468480K, used 321452K [0x00000000d5200000, 0x00000000f1b80000, 0x00000000f1b80000)
  object space 468480K, 68% used [0x00000000d5200000,0x00000000e8beb3f8,0x00000000f1b80000)
 Metaspace       used 21467K, capacity 21740K, committed 22016K, reserved 1069056K
  class space    used 2159K, capacity 2255K, committed 2304K, reserved 1048576K
Event: 37.744 GC heap after
Heap after GC invocations=49 (full 10):
 PSYoungGen      total 156160K, used 448K [0x00000000f1b80000, 0x0000000100000000, 0x0000000100000000)
  eden space 78336K, 0% used [0x00000000f1b80000,0x00000000f1b80000,0x00000000f6800000)
  from space 77824K, 0% used [0x00000000f6800000,0x00000000f6870000,0x00000000fb400000)
  to   space 77824K, 0% used [0x00000000fb400000,0x00000000fb400000,0x0000000100000000)
 ParOldGen       total 468480K, used 378696K [0x00000000d5200000, 0x00000000f1b80000, 0x00000000f1b80000)
  object space 468480K, 80% used [0x00000000d5200000,0x00000000ec3d23e8,0x00000000f1b80000)
 Metaspace       used 21467K, capacity 21740K, committed 22016K, reserved 1069056K
  class space    used 2159K, capacity 2255K, committed 2304K, reserved 1048576K
}
Event: 37.744 GC heap before
{Heap before GC invocations=50 (full 11):
 PSYoungGen      total 156160K, used 448K [0x00000000f1b80000, 0x0000000100000000, 0x0000000100000000)
  eden space 78336K, 0% used [0x00000000f1b80000,0x00000000f1b80000,0x00000000f6800000)
  from space 77824K, 0% used [0x00000000f6800000,0x00000000f6870000,0x00000000fb400000)
  to   space 77824K, 0% used [0x00000000fb400000,0x00000000fb400000,0x0000000100000000)
 ParOldGen       total 468480K, used 378696K [0x00000000d5200000, 0x00000000f1b80000, 0x00000000f1b80000)
  object space 468480K, 80% used [0x00000000d5200000,0x00000000ec3d23e8,0x00000000f1b80000)
 Metaspace       used 21467K, capacity 21740K, committed 22016K, reserved 1069056K
  class space    used 2159K, capacity 2255K, committed 2304K, reserved 1048576K
Event: 37.849 GC heap after
Heap after GC invocations=50 (full 11):
 PSYoungGen      total 156160K, used 0K [0x00000000f1b80000, 0x0000000100000000, 0x0000000100000000)
  eden space 78336K, 0% used [0x00000000f1b80000,0x00000000f1b80000,0x00000000f6800000)
  from space 77824K, 0% used [0x00000000f6800000,0x00000000f6800000,0x00000000fb400000)
  to   space 77824K, 0% used [0x00000000fb400000,0x00000000fb400000,0x0000000100000000)
 ParOldGen       total 436224K, used 234875K [0x00000000d5200000, 0x00000000efc00000, 0x00000000f1b80000)
  object space 436224K, 53% used [0x00000000d5200000,0x00000000e375ecb8,0x00000000efc00000)
 Metaspace       used 21467K, capacity 21740K, committed 22016K, reserved 1069056K
  class space    used 2159K, capacity 2255K, committed 2304K, reserved 1048576K
}
Event: 44.598 GC heap before
{Heap before GC invocations=51 (full 11):
 PSYoungGen      total 156160K, used 78336K [0x00000000f1b80000, 0x0000000100000000, 0x0000000100000000)
  eden space 78336K, 100% used [0x00000000f1b80000,0x00000000f6800000,0x00000000f6800000)
  from space 77824K, 0% used [0x00000000f6800000,0x00000000f6800000,0x00000000fb400000)
  to   space 77824K, 0% used [0x00000000fb400000,0x00000000fb400000,0x0000000100000000)
 ParOldGen       total 436224K, used 234875K [0x00000000d5200000, 0x00000000efc00000, 0x00000000f1b80000)
  object space 436224K, 53% used [0x00000000d5200000,0x00000000e375ecb8,0x00000000efc00000)
 Metaspace       used 21488K, capacity 21740K, committed 22016K, reserved 1069056K
  class space    used 2159K, capacity 2255K, committed 2304K, reserved 1048576K
Event: 44.603 GC heap after
Heap after GC invocations=51 (full 11):
 PSYoungGen      total 156160K, used 288K [0x00000000f1b80000, 0x0000000100000000, 0x0000000100000000)
  eden space 78336K, 0% used [0x00000000f1b80000,0x00000000f1b80000,0x00000000f6800000)
  from space 77824K, 0% used [0x00000000fb400000,0x00000000fb448010,0x0000000100000000)
  to   space 77824K, 0% used [0x00000000f6800000,0x00000000f6800000,0x00000000fb400000)
 ParOldGen       total 436224K, used 234883K [0x00000000d5200000, 0x00000000efc00000, 0x00000000f1b80000)
  object space 436224K, 53% used [0x00000000d5200000,0x00000000e3760cb8,0x00000000efc00000)
 Metaspace       used 21488K, capacity 21740K, committed 22016K, reserved 1069056K
  class space    used 2159K, capacity 2255K, committed 2304K, reserved 1048576K
}
Event: 51.588 GC heap before
{Heap before GC invocations=52 (full 11):
 PSYoungGen      total 156160K, used 78624K [0x00000000f1b80000, 0x0000000100000000, 0x0000000100000000)
  eden space 78336K, 100% used [0x00000000f1b80000,0x00000000f6800000,0x00000000f6800000)
  from space 77824K, 0% used [0x00000000fb400000,0x00000000fb448010,0x0000000100000000)
  to   space 77824K, 0% used [0x00000000f6800000,0x00000000f6800000,0x00000000fb400000)
 ParOldGen       total 436224K, used 234883K [0x00000000d5200000, 0x00000000efc00000, 0x00000000f1b80000)
  object space 436224K, 53% used [0x00000000d5200000,0x00000000e3760cb8,0x00000000efc00000)
 Metaspace       used 21488K, capacity 21740K, committed 22016K, reserved 1069056K
  class space    used 2159K, capacity 2255K, committed 2304K, reserved 1048576K
Event: 51.593 GC heap after
Heap after GC invocations=52 (full 11):
 PSYoungGen      total 156160K, used 288K [0x00000000f1b80000, 0x0000000100000000, 0x0000000100000000)
  eden space 78336K, 0% used [0x00000000f1b80000,0x00000000f1b80000,0x00000000f6800000)
  from space 77824K, 0% used [0x00000000f6800000,0x00000000f6848000,0x00000000fb400000)
  to   space 77824K, 0% used [0x00000000fb400000,0x00000000fb400000,0x0000000100000000)
 ParOldGen       total 436224K, used 235035K [0x00000000d5200000, 0x00000000efc00000, 0x00000000f1b80000)
  object space 436224K, 53% used [0x00000000d5200000,0x00000000e3786cd8,0x00000000efc00000)
 Metaspace       used 21488K, capacity 21740K, committed 22016K, reserved 1069056K
  class space    used 2159K, capacity 2255K, committed 2304K, reserved 1048576K
}
Event: 61.307 GC heap before
{Heap before GC invocations=53 (full 11):
 PSYoungGen      total 156160K, used 78624K [0x00000000f1b80000, 0x0000000100000000, 0x0000000100000000)
  eden space 78336K, 100% used [0x00000000f1b80000,0x00000000f6800000,0x00000000f6800000)
  from space 77824K, 0% used [0x00000000f6800000,0x00000000f6848000,0x00000000fb400000)
  to   space 77824K, 0% used [0x00000000fb400000,0x00000000fb400000,0x0000000100000000)
 ParOldGen       total 436224K, used 235035K [0x00000000d5200000, 0x00000000efc00000, 0x00000000f1b80000)
  object space 436224K, 53% used [0x00000000d5200000,0x00000000e3786cd8,0x00000000efc00000)
 Metaspace       used 21490K, capacity 21740K, committed 22016K, reserved 1069056K
  class space    used 2159K, capacity 2255K, committed 2304K, reserved 1048576K
Event: 61.310 GC heap after
Heap after GC invocations=53 (full 11):
 PSYoungGen      total 156160K, used 280K [0x00000000f1b80000, 0x0000000100000000, 0x0000000100000000)
  eden space 78336K, 0% used [0x00000000f1b80000,0x00000000f1b80000,0x00000000f6800000)
  from space 77824K, 0% used [0x00000000fb400000,0x00000000fb4460e0,0x0000000100000000)
  to   space 77824K, 0% used [0x00000000f6800000,0x00000000f6800000,0x00000000fb400000)
 ParOldGen       total 436224K, used 235051K [0x00000000d5200000, 0x00000000efc00000, 0x00000000f1b80000)
  object space 436224K, 53% used [0x00000000d5200000,0x00000000e378acd8,0x00000000efc00000)
 Metaspace       used 21490K, capacity 21740K, committed 22016K, reserved 1069056K
  class space    used 2159K, capacity 2255K, committed 2304K, reserved 1048576K
}

