# JRE version: OpenJDK Runtime Environment (8.0_191-b12) (build 1.8.0_191-8u191-b12-2ubuntu0.16.04.1-b12)
# Java VM: OpenJDK 64-Bit Server VM (25.191-b12 mixed mode linux-amd64 compressed oops)
Heap:
 PSYoungGen      total 131072K, used 23563K [0x00000000f1b00000, 0x00000000fa980000, 0x0000000100000000)
  eden space 119296K, 18% used [0x00000000f1b00000,0x00000000f3104bf8,0x00000000f8f80000)
  from space 11776K, 8% used [0x00000000f9e00000,0x00000000f9efe0d0,0x00000000fa980000)
  to   space 13312K, 0% used [0x00000000f8f80000,0x00000000f8f80000,0x00000000f9c80000)
 ParOldGen       total 470016K, used 190270K [0x00000000d5000000, 0x00000000f1b00000, 0x00000000f1b00000)
  object space 470016K, 40% used [0x00000000d5000000,0x00000000e09cfa68,0x00000000f1b00000)
 Metaspace       used 19136K, capacity 19298K, committed 19712K, reserved 1067008K
  class space    used 1840K, capacity 1930K, committed 2048K, reserved 1048576K
GC Heap History (10 events):
Event: 26.628 GC heap before
{Heap before GC invocations=75 (full 15):
 PSYoungGen      total 109568K, used 108032K [0x00000000f1b00000, 0x00000000faa00000, 0x0000000100000000)
  eden space 108032K, 100% used [0x00000000f1b00000,0x00000000f8480000,0x00000000f8480000)
  from space 1536K, 0% used [0x00000000f8480000,0x00000000f8480000,0x00000000f8600000)
  to   space 16896K, 0% used [0x00000000f9980000,0x00000000f9980000,0x00000000faa00000)
 ParOldGen       total 470016K, used 190230K [0x00000000d5000000, 0x00000000f1b00000, 0x00000000f1b00000)
  object space 470016K, 40% used [0x00000000d5000000,0x00000000e09c5a68,0x00000000f1b00000)
 Metaspace       used 19071K, capacity 19298K, committed 19712K, reserved 1067008K
  class space    used 1840K, capacity 1930K, committed 2048K, reserved 1048576K
Event: 26.634 GC heap after
Heap after GC invocations=75 (full 15):
 PSYoungGen      total 129536K, used 1008K [0x00000000f1b00000, 0x00000000fa980000, 0x0000000100000000)
  eden space 113152K, 0% used [0x00000000f1b00000,0x00000000f1b00000,0x00000000f8980000)
  from space 16384K, 6% used [0x00000000f9980000,0x00000000f9a7c170,0x00000000fa980000)
  to   space 16384K, 0% used [0x00000000f8980000,0x00000000f8980000,0x00000000f9980000)
 ParOldGen       total 470016K, used 190238K [0x00000000d5000000, 0x00000000f1b00000, 0x00000000f1b00000)
  object space 470016K, 40% used [0x00000000d5000000,0x00000000e09c7a68,0x00000000f1b00000)
 Metaspace       used 19071K, capacity 19298K, committed 19712K, reserved 1067008K
  class space    used 1840K, capacity 1930K, committed 2048K, reserved 1048576K
}
Event: 31.505 GC heap before
{Heap before GC invocations=76 (full 15):
 PSYoungGen      total 129536K, used 114160K [0x00000000f1b00000, 0x00000000fa980000, 0x0000000100000000)
  eden space 113152K, 100% used [0x00000000f1b00000,0x00000000f8980000,0x00000000f8980000)
  from space 16384K, 6% used [0x00000000f9980000,0x00000000f9a7c170,0x00000000fa980000)
  to   space 16384K, 0% used [0x00000000f8980000,0x00000000f8980000,0x00000000f9980000)
 ParOldGen       total 470016K, used 190238K [0x00000000d5000000, 0x00000000f1b00000, 0x00000000f1b00000)
  object space 470016K, 40% used [0x00000000d5000000,0x00000000e09c7a68,0x00000000f1b00000)
 Metaspace       used 19120K, capacity 19298K, committed 19712K, reserved 1067008K
  class space    used 1840K, capacity 1930K, committed 2048K, reserved 1048576K
Event: 31.511 GC heap after
Heap after GC invocations=76 (full 15):
 PSYoungGen      total 129536K, used 1032K [0x00000000f1b00000, 0x00000000fac00000, 0x0000000100000000)
  eden space 113152K, 0% used [0x00000000f1b00000,0x00000000f1b00000,0x00000000f8980000)
  from space 16384K, 6% used [0x00000000f8980000,0x00000000f8a820d0,0x00000000f9980000)
  to   space 15360K, 0% used [0x00000000f9d00000,0x00000000f9d00000,0x00000000fac00000)
 ParOldGen       total 470016K, used 190246K [0x00000000d5000000, 0x00000000f1b00000, 0x00000000f1b00000)
  object space 470016K, 40% used [0x00000000d5000000,0x00000000e09c9a68,0x00000000f1b00000)
 Metaspace       used 19120K, capacity 19298K, committed 19712K, reserved 1067008K
  class space    used 1840K, capacity 1930K, committed 2048K, reserved 1048576K
}
Event: 36.646 GC heap before
{Heap before GC invocations=77 (full 15):
 PSYoungGen      total 129536K, used 114184K [0x00000000f1b00000, 0x00000000fac00000, 0x0000000100000000)
  eden space 113152K, 100% used [0x00000000f1b00000,0x00000000f8980000,0x00000000f8980000)
  from space 16384K, 6% used [0x00000000f8980000,0x00000000f8a820d0,0x00000000f9980000)
  to   space 15360K, 0% used [0x00000000f9d00000,0x00000000f9d00000,0x00000000fac00000)
 ParOldGen       total 470016K, used 190246K [0x00000000d5000000, 0x00000000f1b00000, 0x00000000f1b00000)
  object space 470016K, 40% used [0x00000000d5000000,0x00000000e09c9a68,0x00000000f1b00000)
 Metaspace       used 19130K, capacity 19298K, committed 19712K, reserved 1067008K
  class space    used 1840K, capacity 1930K, committed 2048K, reserved 1048576K
Event: 36.651 GC heap after
Heap after GC invocations=77 (full 15):
 PSYoungGen      total 130048K, used 1032K [0x00000000f1b00000, 0x00000000faa00000, 0x0000000100000000)
  eden space 116736K, 0% used [0x00000000f1b00000,0x00000000f1b00000,0x00000000f8d00000)
  from space 13312K, 7% used [0x00000000f9d00000,0x00000000f9e020d0,0x00000000faa00000)
  to   space 14848K, 0% used [0x00000000f8d00000,0x00000000f8d00000,0x00000000f9b80000)
 ParOldGen       total 470016K, used 190254K [0x00000000d5000000, 0x00000000f1b00000, 0x00000000f1b00000)
  object space 470016K, 40% used [0x00000000d5000000,0x00000000e09cba68,0x00000000f1b00000)
 Metaspace       used 19130K, capacity 19298K, committed 19712K, reserved 1067008K
  class space    used 1840K, capacity 1930K, committed 2048K, reserved 1048576K
}
Event: 42.728 GC heap before
{Heap before GC invocations=78 (full 15):
 PSYoungGen      total 130048K, used 117768K [0x00000000f1b00000, 0x00000000faa00000, 0x0000000100000000)
  eden space 116736K, 100% used [0x00000000f1b00000,0x00000000f8d00000,0x00000000f8d00000)
  from space 13312K, 7% used [0x00000000f9d00000,0x00000000f9e020d0,0x00000000faa00000)
  to   space 14848K, 0% used [0x00000000f8d00000,0x00000000f8d00000,0x00000000f9b80000)
 ParOldGen       total 470016K, used 190254K [0x00000000d5000000, 0x00000000f1b00000, 0x00000000f1b00000)
  object space 470016K, 40% used [0x00000000d5000000,0x00000000e09cba68,0x00000000f1b00000)
 Metaspace       used 19132K, capacity 19298K, committed 19712K, reserved 1067008K
  class space    used 1840K, capacity 1930K, committed 2048K, reserved 1048576K
Event: 42.734 GC heap after
Heap after GC invocations=78 (full 15):
 PSYoungGen      total 131584K, used 992K [0x00000000f1b00000, 0x00000000fac00000, 0x0000000100000000)
  eden space 116736K, 0% used [0x00000000f1b00000,0x00000000f1b00000,0x00000000f8d00000)
  from space 14848K, 6% used [0x00000000f8d00000,0x00000000f8df8180,0x00000000f9b80000)
  to   space 14336K, 0% used [0x00000000f9e00000,0x00000000f9e00000,0x00000000fac00000)
 ParOldGen       total 470016K, used 190262K [0x00000000d5000000, 0x00000000f1b00000, 0x00000000f1b00000)
  object space 470016K, 40% used [0x00000000d5000000,0x00000000e09cda68,0x00000000f1b00000)
 Metaspace       used 19132K, capacity 19298K, committed 19712K, reserved 1067008K
  class space    used 1840K, capacity 1930K, committed 2048K, reserved 1048576K
}
Event: 47.232 GC heap before
{Heap before GC invocations=79 (full 15):
 PSYoungGen      total 131584K, used 117728K [0x00000000f1b00000, 0x00000000fac00000, 0x0000000100000000)
  eden space 116736K, 100% used [0x00000000f1b00000,0x00000000f8d00000,0x00000000f8d00000)
  from space 14848K, 6% used [0x00000000f8d00000,0x00000000f8df8180,0x00000000f9b80000)
  to   space 14336K, 0% used [0x00000000f9e00000,0x00000000f9e00000,0x00000000fac00000)
 ParOldGen       total 470016K, used 190262K [0x00000000d5000000, 0x00000000f1b00000, 0x00000000f1b00000)
  object space 470016K, 40% used [0x00000000d5000000,0x00000000e09cda68,0x00000000f1b00000)
 Metaspace       used 19132K, capacity 19298K, committed 19712K, reserved 1067008K
  class space    used 1840K, capacity 1930K, committed 2048K, reserved 1048576K
Event: 47.236 GC heap after
Heap after GC invocations=79 (full 15):
 PSYoungGen      total 131072K, used 1016K [0x00000000f1b00000, 0x00000000fa980000, 0x0000000100000000)
  eden space 119296K, 0% used [0x00000000f1b00000,0x00000000f1b00000,0x00000000f8f80000)
  from space 11776K, 8% used [0x00000000f9e00000,0x00000000f9efe0d0,0x00000000fa980000)
  to   space 13312K, 0% used [0x00000000f8f80000,0x00000000f8f80000,0x00000000f9c80000)
 ParOldGen       total 470016K, used 190270K [0x00000000d5000000, 0x00000000f1b00000, 0x00000000f1b00000)
  object space 470016K, 40% used [0x00000000d5000000,0x00000000e09cfa68,0x00000000f1b00000)
 Metaspace       used 19132K, capacity 19298K, committed 19712K, reserved 1067008K
  class space    used 1840K, capacity 1930K, committed 2048K, reserved 1048576K
}

