# JRE version: OpenJDK Runtime Environment (8.0_191-b12) (build 1.8.0_191-8u191-b12-2ubuntu0.18.04.1-b12)
# Java VM: OpenJDK 64-Bit Server VM (25.191-b12 mixed mode linux-amd64 compressed oops)
Heap:
 PSYoungGen      total 233472K, used 37703K [0x00000000f1b80000, 0x0000000100000000, 0x0000000100000000)
  eden space 232960K, 16% used [0x00000000f1b80000,0x00000000f4049d00,0x00000000fff00000)
  from space 512K, 6% used [0x00000000fff00000,0x00000000fff08000,0x00000000fff80000)
  to   space 512K, 0% used [0x00000000fff80000,0x00000000fff80000,0x0000000100000000)
 ParOldGen       total 466944K, used 362872K [0x00000000d5200000, 0x00000000f1a00000, 0x00000000f1b80000)
  object space 466944K, 77% used [0x00000000d5200000,0x00000000eb45e100,0x00000000f1a00000)
 Metaspace       used 23531K, capacity 23830K, committed 24192K, reserved 1071104K
  class space    used 2337K, capacity 2418K, committed 2432K, reserved 1048576K
GC Heap History (10 events):
Event: 363.613 GC heap before
{Heap before GC invocations=303 (full 10):
 PSYoungGen      total 233472K, used 232992K [0x00000000f1b80000, 0x0000000100000000, 0x0000000100000000)
  eden space 232960K, 100% used [0x00000000f1b80000,0x00000000fff00000,0x00000000fff00000)
  from space 512K, 6% used [0x00000000fff80000,0x00000000fff88000,0x0000000100000000)
  to   space 512K, 0% used [0x00000000fff00000,0x00000000fff00000,0x00000000fff80000)
 ParOldGen       total 466944K, used 362872K [0x00000000d5200000, 0x00000000f1a00000, 0x00000000f1b80000)
  object space 466944K, 77% used [0x00000000d5200000,0x00000000eb45e100,0x00000000f1a00000)
 Metaspace       used 23528K, capacity 23830K, committed 24192K, reserved 1071104K
  class space    used 2337K, capacity 2418K, committed 2432K, reserved 1048576K
Event: 363.617 GC heap after
Heap after GC invocations=303 (full 10):
 PSYoungGen      total 224256K, used 32K [0x00000000f1b80000, 0x0000000100000000, 0x0000000100000000)
  eden space 223744K, 0% used [0x00000000f1b80000,0x00000000f1b80000,0x00000000ff600000)
  from space 512K, 6% used [0x00000000fff00000,0x00000000fff08000,0x00000000fff80000)
  to   space 512K, 0% used [0x00000000fff80000,0x00000000fff80000,0x0000000100000000)
 ParOldGen       total 466944K, used 362872K [0x00000000d5200000, 0x00000000f1a00000, 0x00000000f1b80000)
  object space 466944K, 77% used [0x00000000d5200000,0x00000000eb45e100,0x00000000f1a00000)
 Metaspace       used 23528K, capacity 23830K, committed 24192K, reserved 1071104K
  class space    used 2337K, capacity 2418K, committed 2432K, reserved 1048576K
}
Event: 364.209 GC heap before
{Heap before GC invocations=304 (full 10):
 PSYoungGen      total 224256K, used 223776K [0x00000000f1b80000, 0x0000000100000000, 0x0000000100000000)
  eden space 223744K, 100% used [0x00000000f1b80000,0x00000000ff600000,0x00000000ff600000)
  from space 512K, 6% used [0x00000000fff00000,0x00000000fff08000,0x00000000fff80000)
  to   space 512K, 0% used [0x00000000fff80000,0x00000000fff80000,0x0000000100000000)
 ParOldGen       total 466944K, used 362872K [0x00000000d5200000, 0x00000000f1a00000, 0x00000000f1b80000)
  object space 466944K, 77% used [0x00000000d5200000,0x00000000eb45e100,0x00000000f1a00000)
 Metaspace       used 23528K, capacity 23830K, committed 24192K, reserved 1071104K
  class space    used 2337K, capacity 2418K, committed 2432K, reserved 1048576K
Event: 364.213 GC heap after
Heap after GC invocations=304 (full 10):
 PSYoungGen      total 215552K, used 32K [0x00000000f1b80000, 0x0000000100000000, 0x0000000100000000)
  eden space 215040K, 0% used [0x00000000f1b80000,0x00000000f1b80000,0x00000000fed80000)
  from space 512K, 6% used [0x00000000fff80000,0x00000000fff88000,0x0000000100000000)
  to   space 512K, 0% used [0x00000000fff00000,0x00000000fff00000,0x00000000fff80000)
 ParOldGen       total 466944K, used 362872K [0x00000000d5200000, 0x00000000f1a00000, 0x00000000f1b80000)
  object space 466944K, 77% used [0x00000000d5200000,0x00000000eb45e100,0x00000000f1a00000)
 Metaspace       used 23528K, capacity 23830K, committed 24192K, reserved 1071104K
  class space    used 2337K, capacity 2418K, committed 2432K, reserved 1048576K
}
Event: 364.758 GC heap before
{Heap before GC invocations=305 (full 10):
 PSYoungGen      total 215552K, used 215072K [0x00000000f1b80000, 0x0000000100000000, 0x0000000100000000)
  eden space 215040K, 100% used [0x00000000f1b80000,0x00000000fed80000,0x00000000fed80000)
  from space 512K, 6% used [0x00000000fff80000,0x00000000fff88000,0x0000000100000000)
  to   space 512K, 0% used [0x00000000fff00000,0x00000000fff00000,0x00000000fff80000)
 ParOldGen       total 466944K, used 362872K [0x00000000d5200000, 0x00000000f1a00000, 0x00000000f1b80000)
  object space 466944K, 77% used [0x00000000d5200000,0x00000000eb45e100,0x00000000f1a00000)
 Metaspace       used 23528K, capacity 23830K, committed 24192K, reserved 1071104K
  class space    used 2337K, capacity 2418K, committed 2432K, reserved 1048576K
Event: 364.763 GC heap after
Heap after GC invocations=305 (full 10):
 PSYoungGen      total 220160K, used 32K [0x00000000f1b80000, 0x0000000100000000, 0x0000000100000000)
  eden space 219648K, 0% used [0x00000000f1b80000,0x00000000f1b80000,0x00000000ff200000)
  from space 512K, 6% used [0x00000000fff00000,0x00000000fff08000,0x00000000fff80000)
  to   space 512K, 0% used [0x00000000fff80000,0x00000000fff80000,0x0000000100000000)
 ParOldGen       total 466944K, used 362872K [0x00000000d5200000, 0x00000000f1a00000, 0x00000000f1b80000)
  object space 466944K, 77% used [0x00000000d5200000,0x00000000eb45e100,0x00000000f1a00000)
 Metaspace       used 23528K, capacity 23830K, committed 24192K, reserved 1071104K
  class space    used 2337K, capacity 2418K, committed 2432K, reserved 1048576K
}
Event: 365.316 GC heap before
{Heap before GC invocations=306 (full 10):
 PSYoungGen      total 220160K, used 219680K [0x00000000f1b80000, 0x0000000100000000, 0x0000000100000000)
  eden space 219648K, 100% used [0x00000000f1b80000,0x00000000ff200000,0x00000000ff200000)
  from space 512K, 6% used [0x00000000fff00000,0x00000000fff08000,0x00000000fff80000)
  to   space 512K, 0% used [0x00000000fff80000,0x00000000fff80000,0x0000000100000000)
 ParOldGen       total 466944K, used 362872K [0x00000000d5200000, 0x00000000f1a00000, 0x00000000f1b80000)
  object space 466944K, 77% used [0x00000000d5200000,0x00000000eb45e100,0x00000000f1a00000)
 Metaspace       used 23528K, capacity 23830K, committed 24192K, reserved 1071104K
  class space    used 2337K, capacity 2418K, committed 2432K, reserved 1048576K
Event: 365.321 GC heap after
Heap after GC invocations=306 (full 10):
 PSYoungGen      total 224768K, used 32K [0x00000000f1b80000, 0x0000000100000000, 0x0000000100000000)
  eden space 224256K, 0% used [0x00000000f1b80000,0x00000000f1b80000,0x00000000ff680000)
  from space 512K, 6% used [0x00000000fff80000,0x00000000fff88000,0x0000000100000000)
  to   space 512K, 0% used [0x00000000fff00000,0x00000000fff00000,0x00000000fff80000)
 ParOldGen       total 466944K, used 362872K [0x00000000d5200000, 0x00000000f1a00000, 0x00000000f1b80000)
  object space 466944K, 77% used [0x00000000d5200000,0x00000000eb45e100,0x00000000f1a00000)
 Metaspace       used 23528K, capacity 23830K, committed 24192K, reserved 1071104K
  class space    used 2337K, capacity 2418K, committed 2432K, reserved 1048576K
}
Event: 365.960 GC heap before
{Heap before GC invocations=307 (full 10):
 PSYoungGen      total 224768K, used 224288K [0x00000000f1b80000, 0x0000000100000000, 0x0000000100000000)
  eden space 224256K, 100% used [0x00000000f1b80000,0x00000000ff680000,0x00000000ff680000)
  from space 512K, 6% used [0x00000000fff80000,0x00000000fff88000,0x0000000100000000)
  to   space 512K, 0% used [0x00000000fff00000,0x00000000fff00000,0x00000000fff80000)
 ParOldGen       total 466944K, used 362872K [0x00000000d5200000, 0x00000000f1a00000, 0x00000000f1b80000)
  object space 466944K, 77% used [0x00000000d5200000,0x00000000eb45e100,0x00000000f1a00000)
 Metaspace       used 23528K, capacity 23830K, committed 24192K, reserved 1071104K
  class space    used 2337K, capacity 2418K, committed 2432K, reserved 1048576K
Event: 366.009 GC heap after
Heap after GC invocations=307 (full 10):
 PSYoungGen      total 233472K, used 32K [0x00000000f1b80000, 0x0000000100000000, 0x0000000100000000)
  eden space 232960K, 0% used [0x00000000f1b80000,0x00000000f1b80000,0x00000000fff00000)
  from space 512K, 6% used [0x00000000fff00000,0x00000000fff08000,0x00000000fff80000)
  to   space 512K, 0% used [0x00000000fff80000,0x00000000fff80000,0x0000000100000000)
 ParOldGen       total 466944K, used 362872K [0x00000000d5200000, 0x00000000f1a00000, 0x00000000f1b80000)
  object space 466944K, 77% used [0x00000000d5200000,0x00000000eb45e100,0x00000000f1a00000)
 Metaspace       used 23528K, capacity 23830K, committed 24192K, reserved 1071104K
  class space    used 2337K, capacity 2418K, committed 2432K, reserved 1048576K
}

