# JRE version: Java(TM) SE Runtime Environment (8.0_144-b01) (build 1.8.0_144-b01)
# Java VM: Java HotSpot(TM) 64-Bit Server VM (25.144-b01 mixed mode windows-amd64 compressed oops)
Heap:
 PSYoungGen      total 910848K, used 332415K [0x000000076b300000, 0x00000007b0e00000, 0x00000007c0000000)
  eden space 887808K, 34% used [0x000000076b300000,0x000000077e177c08,0x00000007a1600000)
  from space 23040K, 98% used [0x00000007a3c80000,0x00000007a52a8040,0x00000007a5300000)
  to   space 126976K, 0% used [0x00000007a9200000,0x00000007a9200000,0x00000007b0e00000)
 ParOldGen       total 584704K, used 358035K [0x00000006c1800000, 0x00000006e5300000, 0x000000076b300000)
  object space 584704K, 61% used [0x00000006c1800000,0x00000006d75a4e70,0x00000006e5300000)
 Metaspace       used 23823K, capacity 24100K, committed 24576K, reserved 1071104K
  class space    used 2413K, capacity 2519K, committed 2560K, reserved 1048576K
GC Heap History (10 events):
Event: 418.590 GC heap before
{Heap before GC invocations=22 (full 5):
 PSYoungGen      total 1187328K, used 1065408K [0x000000076b300000, 0x00000007be680000, 0x00000007c0000000)
  eden space 1058304K, 100% used [0x000000076b300000,0x00000007abc80000,0x00000007abc80000)
  from space 129024K, 5% used [0x00000007b6880000,0x00000007b6f70040,0x00000007be680000)
  to   space 152576K, 0% used [0x00000007abc80000,0x00000007abc80000,0x00000007b5180000)
 ParOldGen       total 584704K, used 358003K [0x00000006c1800000, 0x00000006e5300000, 0x000000076b300000)
  object space 584704K, 61% used [0x00000006c1800000,0x00000006d759ce70,0x00000006e5300000)
 Metaspace       used 23787K, capacity 23998K, committed 24320K, reserved 1071104K
  class space    used 2409K, capacity 2486K, committed 2560K, reserved 1048576K
Event: 419.004 GC heap after
Heap after GC invocations=22 (full 5):
 PSYoungGen      total 1210880K, used 7344K [0x000000076b300000, 0x00000007c0000000, 0x00000007c0000000)
  eden space 1058304K, 0% used [0x000000076b300000,0x000000076b300000,0x00000007abc80000)
  from space 152576K, 4% used [0x00000007abc80000,0x00000007ac3ac030,0x00000007b5180000)
  to   space 148992K, 0% used [0x00000007b6e80000,0x00000007b6e80000,0x00000007c0000000)
 ParOldGen       total 584704K, used 358011K [0x00000006c1800000, 0x00000006e5300000, 0x000000076b300000)
  object space 584704K, 61% used [0x00000006c1800000,0x00000006d759ee70,0x00000006e5300000)
 Metaspace       used 23787K, capacity 23998K, committed 24320K, reserved 1071104K
  class space    used 2409K, capacity 2486K, committed 2560K, reserved 1048576K
}
Event: 482.295 GC heap before
{Heap before GC invocations=23 (full 5):
 PSYoungGen      total 1210880K, used 1065648K [0x000000076b300000, 0x00000007c0000000, 0x00000007c0000000)
  eden space 1058304K, 100% used [0x000000076b300000,0x00000007abc80000,0x00000007abc80000)
  from space 152576K, 4% used [0x00000007abc80000,0x00000007ac3ac030,0x00000007b5180000)
  to   space 148992K, 0% used [0x00000007b6e80000,0x00000007b6e80000,0x00000007c0000000)
 ParOldGen       total 584704K, used 358011K [0x00000006c1800000, 0x00000006e5300000, 0x000000076b300000)
  object space 584704K, 61% used [0x00000006c1800000,0x00000006d759ee70,0x00000006e5300000)
 Metaspace       used 23798K, capacity 24068K, committed 24576K, reserved 1071104K
  class space    used 2410K, capacity 2487K, committed 2560K, reserved 1048576K
Event: 482.310 GC heap after
Heap after GC invocations=23 (full 5):
 PSYoungGen      total 1073664K, used 5952K [0x000000076b300000, 0x00000007baa80000, 0x00000007c0000000)
  eden space 1012224K, 0% used [0x000000076b300000,0x000000076b300000,0x00000007a8f80000)
  from space 61440K, 9% used [0x00000007b6e80000,0x00000007b7450040,0x00000007baa80000)
  to   space 144896K, 0% used [0x00000007a8f80000,0x00000007a8f80000,0x00000007b1d00000)
 ParOldGen       total 584704K, used 358019K [0x00000006c1800000, 0x00000006e5300000, 0x000000076b300000)
  object space 584704K, 61% used [0x00000006c1800000,0x00000006d75a0e70,0x00000006e5300000)
 Metaspace       used 23798K, capacity 24068K, committed 24576K, reserved 1071104K
  class space    used 2410K, capacity 2487K, committed 2560K, reserved 1048576K
}
Event: 528.058 GC heap before
{Heap before GC invocations=24 (full 5):
 PSYoungGen      total 1073664K, used 1018176K [0x000000076b300000, 0x00000007baa80000, 0x00000007c0000000)
  eden space 1012224K, 100% used [0x000000076b300000,0x00000007a8f80000,0x00000007a8f80000)
  from space 61440K, 9% used [0x00000007b6e80000,0x00000007b7450040,0x00000007baa80000)
  to   space 144896K, 0% used [0x00000007a8f80000,0x00000007a8f80000,0x00000007b1d00000)
 ParOldGen       total 584704K, used 358019K [0x00000006c1800000, 0x00000006e5300000, 0x000000076b300000)
  object space 584704K, 61% used [0x00000006c1800000,0x00000006d75a0e70,0x00000006e5300000)
 Metaspace       used 23802K, capacity 24068K, committed 24576K, reserved 1071104K
  class space    used 2410K, capacity 2487K, committed 2560K, reserved 1048576K
Event: 528.070 GC heap after
Heap after GC invocations=24 (full 5):
 PSYoungGen      total 974848K, used 5664K [0x000000076b300000, 0x00000007b7700000, 0x00000007c0000000)
  eden space 968704K, 0% used [0x000000076b300000,0x000000076b300000,0x00000007a6500000)
  from space 6144K, 92% used [0x00000007a8f80000,0x00000007a9508040,0x00000007a9580000)
  to   space 140288K, 0% used [0x00000007aee00000,0x00000007aee00000,0x00000007b7700000)
 ParOldGen       total 584704K, used 358027K [0x00000006c1800000, 0x00000006e5300000, 0x000000076b300000)
  object space 584704K, 61% used [0x00000006c1800000,0x00000006d75a2e70,0x00000006e5300000)
 Metaspace       used 23802K, capacity 24068K, committed 24576K, reserved 1071104K
  class space    used 2410K, capacity 2487K, committed 2560K, reserved 1048576K
}
Event: 600.312 GC heap before
{Heap before GC invocations=25 (full 5):
 PSYoungGen      total 974848K, used 974368K [0x000000076b300000, 0x00000007b7700000, 0x00000007c0000000)
  eden space 968704K, 100% used [0x000000076b300000,0x00000007a6500000,0x00000007a6500000)
  from space 6144K, 92% used [0x00000007a8f80000,0x00000007a9508040,0x00000007a9580000)
  to   space 140288K, 0% used [0x00000007aee00000,0x00000007aee00000,0x00000007b7700000)
 ParOldGen       total 584704K, used 358027K [0x00000006c1800000, 0x00000006e5300000, 0x000000076b300000)
  object space 584704K, 61% used [0x00000006c1800000,0x00000006d75a2e70,0x00000006e5300000)
 Metaspace       used 23803K, capacity 24068K, committed 24576K, reserved 1071104K
  class space    used 2410K, capacity 2487K, committed 2560K, reserved 1048576K
Event: 600.333 GC heap after
Heap after GC invocations=25 (full 5):
 PSYoungGen      total 1015808K, used 5888K [0x000000076b300000, 0x00000007b4480000, 0x00000007c0000000)
  eden space 927232K, 0% used [0x000000076b300000,0x000000076b300000,0x00000007a3c80000)
  from space 88576K, 6% used [0x00000007aee00000,0x00000007af3c0040,0x00000007b4480000)
  to   space 135168K, 0% used [0x00000007a3c80000,0x00000007a3c80000,0x00000007ac080000)
 ParOldGen       total 584704K, used 358027K [0x00000006c1800000, 0x00000006e5300000, 0x000000076b300000)
  object space 584704K, 61% used [0x00000006c1800000,0x00000006d75a2e70,0x00000006e5300000)
 Metaspace       used 23803K, capacity 24068K, committed 24576K, reserved 1071104K
  class space    used 2410K, capacity 2487K, committed 2560K, reserved 1048576K
}
Event: 649.104 GC heap before
{Heap before GC invocations=26 (full 5):
 PSYoungGen      total 1015808K, used 933120K [0x000000076b300000, 0x00000007b4480000, 0x00000007c0000000)
  eden space 927232K, 100% used [0x000000076b300000,0x00000007a3c80000,0x00000007a3c80000)
  from space 88576K, 6% used [0x00000007aee00000,0x00000007af3c0040,0x00000007b4480000)
  to   space 135168K, 0% used [0x00000007a3c80000,0x00000007a3c80000,0x00000007ac080000)
 ParOldGen       total 584704K, used 358027K [0x00000006c1800000, 0x00000006e5300000, 0x000000076b300000)
  object space 584704K, 61% used [0x00000006c1800000,0x00000006d75a2e70,0x00000006e5300000)
 Metaspace       used 23823K, capacity 24100K, committed 24576K, reserved 1071104K
  class space    used 2413K, capacity 2519K, committed 2560K, reserved 1048576K
Event: 649.129 GC heap after
Heap after GC invocations=26 (full 5):
 PSYoungGen      total 910848K, used 22688K [0x000000076b300000, 0x00000007b0e00000, 0x00000007c0000000)
  eden space 887808K, 0% used [0x000000076b300000,0x000000076b300000,0x00000007a1600000)
  from space 23040K, 98% used [0x00000007a3c80000,0x00000007a52a8040,0x00000007a5300000)
  to   space 126976K, 0% used [0x00000007a9200000,0x00000007a9200000,0x00000007b0e00000)
 ParOldGen       total 584704K, used 358035K [0x00000006c1800000, 0x00000006e5300000, 0x000000076b300000)
  object space 584704K, 61% used [0x00000006c1800000,0x00000006d75a4e70,0x00000006e5300000)
 Metaspace       used 23823K, capacity 24100K, committed 24576K, reserved 1071104K
  class space    used 2413K, capacity 2519K, committed 2560K, reserved 1048576K
}

