# JRE version: OpenJDK Runtime Environment (8.0_191-b12) (build 1.8.0_191-8u191-b12-2ubuntu0.18.04.1-b12)
# Java VM: OpenJDK 64-Bit Server VM (25.191-b12 mixed mode linux-amd64 compressed oops)
Heap:
 PSYoungGen      total 172032K, used 61156K [0x00000000f1b80000, 0x00000000fd380000, 0x0000000100000000)
  eden space 167936K, 36% used [0x00000000f1b80000,0x00000000f5739178,0x00000000fbf80000)
  from space 4096K, 0% used [0x00000000fbf80000,0x00000000fbf80000,0x00000000fc380000)
  to   space 5120K, 0% used [0x00000000fce80000,0x00000000fce80000,0x00000000fd380000)
 ParOldGen       total 468480K, used 249799K [0x00000000d5200000, 0x00000000f1b80000, 0x00000000f1b80000)
  object space 468480K, 53% used [0x00000000d5200000,0x00000000e45f1d90,0x00000000f1b80000)
 Metaspace       used 19255K, capacity 19510K, committed 19712K, reserved 1067008K
  class space    used 1935K, capacity 1999K, committed 2048K, reserved 1048576K
GC Heap History (10 events):
Event: 57.774 GC heap before
{Heap before GC invocations=46 (full 11):
 PSYoungGen      total 155136K, used 928K [0x00000000f1b80000, 0x00000000fc880000, 0x0000000100000000)
  eden space 150528K, 0% used [0x00000000f1b80000,0x00000000f1b80000,0x00000000fae80000)
  from space 4608K, 20% used [0x00000000fae80000,0x00000000faf68030,0x00000000fb300000)
  to   space 4096K, 0% used [0x00000000fc480000,0x00000000fc480000,0x00000000fc880000)
 ParOldGen       total 468480K, used 426119K [0x00000000d5200000, 0x00000000f1b80000, 0x00000000f1b80000)
  object space 468480K, 90% used [0x00000000d5200000,0x00000000ef221c20,0x00000000f1b80000)
 Metaspace       used 15662K, capacity 15906K, committed 16256K, reserved 1064960K
  class space    used 1524K, capacity 1611K, committed 1664K, reserved 1048576K
Event: 57.885 GC heap after
Heap after GC invocations=46 (full 11):
 PSYoungGen      total 155136K, used 0K [0x00000000f1b80000, 0x00000000fc880000, 0x0000000100000000)
  eden space 150528K, 0% used [0x00000000f1b80000,0x00000000f1b80000,0x00000000fae80000)
  from space 4608K, 0% used [0x00000000fae80000,0x00000000fae80000,0x00000000fb300000)
  to   space 4096K, 0% used [0x00000000fc480000,0x00000000fc480000,0x00000000fc880000)
 ParOldGen       total 468480K, used 279423K [0x00000000d5200000, 0x00000000f1b80000, 0x00000000f1b80000)
  object space 468480K, 59% used [0x00000000d5200000,0x00000000e62dfdd0,0x00000000f1b80000)
 Metaspace       used 15662K, capacity 15906K, committed 16256K, reserved 1064960K
  class space    used 1524K, capacity 1611K, committed 1664K, reserved 1048576K
}
Event: 58.167 GC heap before
{Heap before GC invocations=47 (full 11):
 PSYoungGen      total 155136K, used 150528K [0x00000000f1b80000, 0x00000000fc880000, 0x0000000100000000)
  eden space 150528K, 100% used [0x00000000f1b80000,0x00000000fae80000,0x00000000fae80000)
  from space 4608K, 0% used [0x00000000fae80000,0x00000000fae80000,0x00000000fb300000)
  to   space 4096K, 0% used [0x00000000fc480000,0x00000000fc480000,0x00000000fc880000)
 ParOldGen       total 468480K, used 279423K [0x00000000d5200000, 0x00000000f1b80000, 0x00000000f1b80000)
  object space 468480K, 59% used [0x00000000d5200000,0x00000000e62dfdd0,0x00000000f1b80000)
 Metaspace       used 15662K, capacity 15906K, committed 16256K, reserved 1064960K
  class space    used 1524K, capacity 1611K, committed 1664K, reserved 1048576K
Event: 58.170 GC heap after
Heap after GC invocations=47 (full 11):
 PSYoungGen      total 171008K, used 0K [0x00000000f1b80000, 0x00000000fc780000, 0x0000000100000000)
  eden space 167936K, 0% used [0x00000000f1b80000,0x00000000f1b80000,0x00000000fbf80000)
  from space 3072K, 0% used [0x00000000fc480000,0x00000000fc480000,0x00000000fc780000)
  to   space 4096K, 0% used [0x00000000fbf80000,0x00000000fbf80000,0x00000000fc380000)
 ParOldGen       total 468480K, used 279423K [0x00000000d5200000, 0x00000000f1b80000, 0x00000000f1b80000)
  object space 468480K, 59% used [0x00000000d5200000,0x00000000e62dfdd0,0x00000000f1b80000)
 Metaspace       used 15662K, capacity 15906K, committed 16256K, reserved 1064960K
  class space    used 1524K, capacity 1611K, committed 1664K, reserved 1048576K
}
Event: 58.170 GC heap before
{Heap before GC invocations=48 (full 12):
 PSYoungGen      total 171008K, used 0K [0x00000000f1b80000, 0x00000000fc780000, 0x0000000100000000)
  eden space 167936K, 0% used [0x00000000f1b80000,0x00000000f1b80000,0x00000000fbf80000)
  from space 3072K, 0% used [0x00000000fc480000,0x00000000fc480000,0x00000000fc780000)
  to   space 4096K, 0% used [0x00000000fbf80000,0x00000000fbf80000,0x00000000fc380000)
 ParOldGen       total 468480K, used 279423K [0x00000000d5200000, 0x00000000f1b80000, 0x00000000f1b80000)
  object space 468480K, 59% used [0x00000000d5200000,0x00000000e62dfdd0,0x00000000f1b80000)
 Metaspace       used 15662K, capacity 15906K, committed 16256K, reserved 1064960K
  class space    used 1524K, capacity 1611K, committed 1664K, reserved 1048576K
Event: 58.283 GC heap after
Heap after GC invocations=48 (full 12):
 PSYoungGen      total 171008K, used 0K [0x00000000f1b80000, 0x00000000fc780000, 0x0000000100000000)
  eden space 167936K, 0% used [0x00000000f1b80000,0x00000000f1b80000,0x00000000fbf80000)
  from space 3072K, 0% used [0x00000000fc480000,0x00000000fc480000,0x00000000fc780000)
  to   space 4096K, 0% used [0x00000000fbf80000,0x00000000fbf80000,0x00000000fc380000)
 ParOldGen       total 468480K, used 279413K [0x00000000d5200000, 0x00000000f1b80000, 0x00000000f1b80000)
  object space 468480K, 59% used [0x00000000d5200000,0x00000000e62dd558,0x00000000f1b80000)
 Metaspace       used 15662K, capacity 15906K, committed 16256K, reserved 1064960K
  class space    used 1524K, capacity 1611K, committed 1664K, reserved 1048576K
}
Event: 66.235 GC heap before
{Heap before GC invocations=49 (full 12):
 PSYoungGen      total 171008K, used 167936K [0x00000000f1b80000, 0x00000000fc780000, 0x0000000100000000)
  eden space 167936K, 100% used [0x00000000f1b80000,0x00000000fbf80000,0x00000000fbf80000)
  from space 3072K, 0% used [0x00000000fc480000,0x00000000fc480000,0x00000000fc780000)
  to   space 4096K, 0% used [0x00000000fbf80000,0x00000000fbf80000,0x00000000fc380000)
 ParOldGen       total 468480K, used 279413K [0x00000000d5200000, 0x00000000f1b80000, 0x00000000f1b80000)
  object space 468480K, 59% used [0x00000000d5200000,0x00000000e62dd558,0x00000000f1b80000)
 Metaspace       used 15691K, capacity 15970K, committed 16256K, reserved 1064960K
  class space    used 1524K, capacity 1611K, committed 1664K, reserved 1048576K
Event: 66.331 GC heap after
Heap after GC invocations=49 (full 12):
 PSYoungGen      total 172032K, used 4007K [0x00000000f1b80000, 0x00000000fd380000, 0x0000000100000000)
  eden space 167936K, 0% used [0x00000000f1b80000,0x00000000f1b80000,0x00000000fbf80000)
  from space 4096K, 97% used [0x00000000fbf80000,0x00000000fc369d90,0x00000000fc380000)
  to   space 5120K, 0% used [0x00000000fce80000,0x00000000fce80000,0x00000000fd380000)
 ParOldGen       total 468480K, used 285843K [0x00000000d5200000, 0x00000000f1b80000, 0x00000000f1b80000)
  object space 468480K, 61% used [0x00000000d5200000,0x00000000e6924c08,0x00000000f1b80000)
 Metaspace       used 15691K, capacity 15970K, committed 16256K, reserved 1064960K
  class space    used 1524K, capacity 1611K, committed 1664K, reserved 1048576K
}
Event: 66.331 GC heap before
{Heap before GC invocations=50 (full 13):
 PSYoungGen      total 172032K, used 4007K [0x00000000f1b80000, 0x00000000fd380000, 0x0000000100000000)
  eden space 167936K, 0% used [0x00000000f1b80000,0x00000000f1b80000,0x00000000fbf80000)
  from space 4096K, 97% used [0x00000000fbf80000,0x00000000fc369d90,0x00000000fc380000)
  to   space 5120K, 0% used [0x00000000fce80000,0x00000000fce80000,0x00000000fd380000)
 ParOldGen       total 468480K, used 285843K [0x00000000d5200000, 0x00000000f1b80000, 0x00000000f1b80000)
  object space 468480K, 61% used [0x00000000d5200000,0x00000000e6924c08,0x00000000f1b80000)
 Metaspace       used 15691K, capacity 15970K, committed 16256K, reserved 1064960K
  class space    used 1524K, capacity 1611K, committed 1664K, reserved 1048576K
Event: 66.357 GC heap after
Heap after GC invocations=50 (full 13):
 PSYoungGen      total 172032K, used 0K [0x00000000f1b80000, 0x00000000fd380000, 0x0000000100000000)
  eden space 167936K, 0% used [0x00000000f1b80000,0x00000000f1b80000,0x00000000fbf80000)
  from space 4096K, 0% used [0x00000000fbf80000,0x00000000fbf80000,0x00000000fc380000)
  to   space 5120K, 0% used [0x00000000fce80000,0x00000000fce80000,0x00000000fd380000)
 ParOldGen       total 468480K, used 249799K [0x00000000d5200000, 0x00000000f1b80000, 0x00000000f1b80000)
  object space 468480K, 53% used [0x00000000d5200000,0x00000000e45f1d90,0x00000000f1b80000)
 Metaspace       used 15691K, capacity 15970K, committed 16256K, reserved 1064960K
  class space    used 1524K, capacity 1611K, committed 1664K, reserved 1048576K
}

