# JRE version: OpenJDK Runtime Environment (8.0_191-b12) (build 1.8.0_191-8u191-b12-2ubuntu0.16.04.1-b12)
# Java VM: OpenJDK 64-Bit Server VM (25.191-b12 mixed mode linux-amd64 compressed oops)
Heap:
 PSYoungGen      total 201216K, used 113145K [0x00000000f1b00000, 0x00000000fe400000, 0x0000000100000000)
  eden space 198656K, 56% used [0x00000000f1b00000,0x00000000f897e548,0x00000000fdd00000)
  from space 2560K, 0% used [0x00000000fe180000,0x00000000fe180000,0x00000000fe400000)
  to   space 3584K, 0% used [0x00000000fdd00000,0x00000000fdd00000,0x00000000fe080000)
 ParOldGen       total 470016K, used 191068K [0x00000000d5000000, 0x00000000f1b00000, 0x00000000f1b00000)
  object space 470016K, 40% used [0x00000000d5000000,0x00000000e0a972a8,0x00000000f1b00000)
 Metaspace       used 19107K, capacity 19294K, committed 19456K, reserved 1067008K
  class space    used 1839K, capacity 1930K, committed 2048K, reserved 1048576K
GC Heap History (10 events):
Event: 11.844 GC heap before
{Heap before GC invocations=46 (full 13):
 PSYoungGen      total 177152K, used 176640K [0x00000000f1b00000, 0x00000000fd000000, 0x0000000100000000)
  eden space 176640K, 100% used [0x00000000f1b00000,0x00000000fc780000,0x00000000fc780000)
  from space 512K, 0% used [0x00000000fcf80000,0x00000000fcf80000,0x00000000fd000000)
  to   space 4096K, 0% used [0x00000000fc800000,0x00000000fc800000,0x00000000fcc00000)
 ParOldGen       total 470016K, used 163341K [0x00000000d5000000, 0x00000000f1b00000, 0x00000000f1b00000)
  object space 470016K, 34% used [0x00000000d5000000,0x00000000def83560,0x00000000f1b00000)
 Metaspace       used 14815K, capacity 15018K, committed 15104K, reserved 1062912K
  class space    used 1418K, capacity 1510K, committed 1536K, reserved 1048576K
Event: 11.932 GC heap after
Heap after GC invocations=46 (full 13):
 PSYoungGen      total 181248K, used 128K [0x00000000f1b00000, 0x00000000fe500000, 0x0000000100000000)
  eden space 177152K, 0% used [0x00000000f1b00000,0x00000000f1b00000,0x00000000fc800000)
  from space 4096K, 3% used [0x00000000fc800000,0x00000000fc820000,0x00000000fcc00000)
  to   space 3584K, 0% used [0x00000000fe180000,0x00000000fe180000,0x00000000fe500000)
 ParOldGen       total 470016K, used 384525K [0x00000000d5000000, 0x00000000f1b00000, 0x00000000f1b00000)
  object space 470016K, 81% used [0x00000000d5000000,0x00000000ec7835c0,0x00000000f1b00000)
 Metaspace       used 14815K, capacity 15018K, committed 15104K, reserved 1062912K
  class space    used 1418K, capacity 1510K, committed 1536K, reserved 1048576K
}
Event: 11.932 GC heap before
{Heap before GC invocations=47 (full 14):
 PSYoungGen      total 181248K, used 128K [0x00000000f1b00000, 0x00000000fe500000, 0x0000000100000000)
  eden space 177152K, 0% used [0x00000000f1b00000,0x00000000f1b00000,0x00000000fc800000)
  from space 4096K, 3% used [0x00000000fc800000,0x00000000fc820000,0x00000000fcc00000)
  to   space 3584K, 0% used [0x00000000fe180000,0x00000000fe180000,0x00000000fe500000)
 ParOldGen       total 470016K, used 384525K [0x00000000d5000000, 0x00000000f1b00000, 0x00000000f1b00000)
  object space 470016K, 81% used [0x00000000d5000000,0x00000000ec7835c0,0x00000000f1b00000)
 Metaspace       used 14815K, capacity 15018K, committed 15104K, reserved 1062912K
  class space    used 1418K, capacity 1510K, committed 1536K, reserved 1048576K
Event: 11.970 GC heap after
Heap after GC invocations=47 (full 14):
 PSYoungGen      total 181248K, used 0K [0x00000000f1b00000, 0x00000000fe500000, 0x0000000100000000)
  eden space 177152K, 0% used [0x00000000f1b00000,0x00000000f1b00000,0x00000000fc800000)
  from space 4096K, 0% used [0x00000000fc800000,0x00000000fc800000,0x00000000fcc00000)
  to   space 3584K, 0% used [0x00000000fe180000,0x00000000fe180000,0x00000000fe500000)
 ParOldGen       total 470016K, used 273935K [0x00000000d5000000, 0x00000000f1b00000, 0x00000000f1b00000)
  object space 470016K, 58% used [0x00000000d5000000,0x00000000e5b83f20,0x00000000f1b00000)
 Metaspace       used 14815K, capacity 15018K, committed 15104K, reserved 1062912K
  class space    used 1418K, capacity 1510K, committed 1536K, reserved 1048576K
}
Event: 12.295 GC heap before
{Heap before GC invocations=48 (full 14):
 PSYoungGen      total 181248K, used 177152K [0x00000000f1b00000, 0x00000000fe500000, 0x0000000100000000)
  eden space 177152K, 100% used [0x00000000f1b00000,0x00000000fc800000,0x00000000fc800000)
  from space 4096K, 0% used [0x00000000fc800000,0x00000000fc800000,0x00000000fcc00000)
  to   space 3584K, 0% used [0x00000000fe180000,0x00000000fe180000,0x00000000fe500000)
 ParOldGen       total 470016K, used 273935K [0x00000000d5000000, 0x00000000f1b00000, 0x00000000f1b00000)
  object space 470016K, 58% used [0x00000000d5000000,0x00000000e5b83f20,0x00000000f1b00000)
 Metaspace       used 14815K, capacity 15018K, committed 15104K, reserved 1062912K
  class space    used 1418K, capacity 1510K, committed 1536K, reserved 1048576K
Event: 12.298 GC heap after
Heap after GC invocations=48 (full 14):
 PSYoungGen      total 201216K, used 0K [0x00000000f1b00000, 0x00000000fe400000, 0x0000000100000000)
  eden space 198656K, 0% used [0x00000000f1b00000,0x00000000f1b00000,0x00000000fdd00000)
  from space 2560K, 0% used [0x00000000fe180000,0x00000000fe180000,0x00000000fe400000)
  to   space 3584K, 0% used [0x00000000fdd00000,0x00000000fdd00000,0x00000000fe080000)
 ParOldGen       total 470016K, used 273935K [0x00000000d5000000, 0x00000000f1b00000, 0x00000000f1b00000)
  object space 470016K, 58% used [0x00000000d5000000,0x00000000e5b83f20,0x00000000f1b00000)
 Metaspace       used 14815K, capacity 15018K, committed 15104K, reserved 1062912K
  class space    used 1418K, capacity 1510K, committed 1536K, reserved 1048576K
}
Event: 12.298 GC heap before
{Heap before GC invocations=49 (full 15):
 PSYoungGen      total 201216K, used 0K [0x00000000f1b00000, 0x00000000fe400000, 0x0000000100000000)
  eden space 198656K, 0% used [0x00000000f1b00000,0x00000000f1b00000,0x00000000fdd00000)
  from space 2560K, 0% used [0x00000000fe180000,0x00000000fe180000,0x00000000fe400000)
  to   space 3584K, 0% used [0x00000000fdd00000,0x00000000fdd00000,0x00000000fe080000)
 ParOldGen       total 470016K, used 273935K [0x00000000d5000000, 0x00000000f1b00000, 0x00000000f1b00000)
  object space 470016K, 58% used [0x00000000d5000000,0x00000000e5b83f20,0x00000000f1b00000)
 Metaspace       used 14815K, capacity 15018K, committed 15104K, reserved 1062912K
  class space    used 1418K, capacity 1510K, committed 1536K, reserved 1048576K
Event: 12.392 GC heap after
Heap after GC invocations=49 (full 15):
 PSYoungGen      total 201216K, used 0K [0x00000000f1b00000, 0x00000000fe400000, 0x0000000100000000)
  eden space 198656K, 0% used [0x00000000f1b00000,0x00000000f1b00000,0x00000000fdd00000)
  from space 2560K, 0% used [0x00000000fe180000,0x00000000fe180000,0x00000000fe400000)
  to   space 3584K, 0% used [0x00000000fdd00000,0x00000000fdd00000,0x00000000fe080000)
 ParOldGen       total 470016K, used 273934K [0x00000000d5000000, 0x00000000f1b00000, 0x00000000f1b00000)
  object space 470016K, 58% used [0x00000000d5000000,0x00000000e5b83900,0x00000000f1b00000)
 Metaspace       used 14815K, capacity 15018K, committed 15104K, reserved 1062912K
  class space    used 1418K, capacity 1510K, committed 1536K, reserved 1048576K
}
Event: 22.281 GC heap before
{Heap before GC invocations=50 (full 16):
 PSYoungGen      total 201216K, used 198656K [0x00000000f1b00000, 0x00000000fe400000, 0x0000000100000000)
  eden space 198656K, 100% used [0x00000000f1b00000,0x00000000fdd00000,0x00000000fdd00000)
  from space 2560K, 0% used [0x00000000fe180000,0x00000000fe180000,0x00000000fe400000)
  to   space 3584K, 0% used [0x00000000fdd00000,0x00000000fdd00000,0x00000000fe080000)
 ParOldGen       total 470016K, used 273934K [0x00000000d5000000, 0x00000000f1b00000, 0x00000000f1b00000)
  object space 470016K, 58% used [0x00000000d5000000,0x00000000e5b83900,0x00000000f1b00000)
 Metaspace       used 19075K, capacity 19294K, committed 19456K, reserved 1067008K
  class space    used 1839K, capacity 1930K, committed 2048K, reserved 1048576K
Event: 22.410 GC heap after
Heap after GC invocations=50 (full 16):
 PSYoungGen      total 201216K, used 0K [0x00000000f1b00000, 0x00000000fe400000, 0x0000000100000000)
  eden space 198656K, 0% used [0x00000000f1b00000,0x00000000f1b00000,0x00000000fdd00000)
  from space 2560K, 0% used [0x00000000fe180000,0x00000000fe180000,0x00000000fe400000)
  to   space 3584K, 0% used [0x00000000fdd00000,0x00000000fdd00000,0x00000000fe080000)
 ParOldGen       total 470016K, used 191068K [0x00000000d5000000, 0x00000000f1b00000, 0x00000000f1b00000)
  object space 470016K, 40% used [0x00000000d5000000,0x00000000e0a972a8,0x00000000f1b00000)
 Metaspace       used 19075K, capacity 19294K, committed 19456K, reserved 1067008K
  class space    used 1839K, capacity 1930K, committed 2048K, reserved 1048576K
}

