# JRE version: OpenJDK Runtime Environment (8.0_191-b12) (build 1.8.0_191-8u191-b12-2ubuntu0.16.04.1-b12)
# Java VM: OpenJDK 64-Bit Server VM (25.191-b12 mixed mode linux-amd64 compressed oops)
Heap:
 PSYoungGen      total 82432K, used 4076K [0x00000000f1b00000, 0x00000000f7680000, 0x0000000100000000)
  eden space 78336K, 4% used [0x00000000f1b00000,0x00000000f1e13100,0x00000000f6780000)
  from space 4096K, 22% used [0x00000000f7280000,0x00000000f7368010,0x00000000f7680000)
  to   space 7680K, 0% used [0x00000000f6780000,0x00000000f6780000,0x00000000f6f00000)
 ParOldGen       total 54784K, used 28627K [0x00000000d5000000, 0x00000000d8580000, 0x00000000f1b00000)
  object space 54784K, 52% used [0x00000000d5000000,0x00000000d6bf4fc0,0x00000000d8580000)
 Metaspace       used 18832K, capacity 19078K, committed 19328K, reserved 1067008K
  class space    used 1820K, capacity 1898K, committed 1920K, reserved 1048576K
GC Heap History (10 events):
Event: 123.929 GC heap before
{Heap before GC invocations=33 (full 1):
 PSYoungGen      total 96256K, used 96128K [0x00000000f1b00000, 0x00000000f8b00000, 0x0000000100000000)
  eden space 95232K, 100% used [0x00000000f1b00000,0x00000000f7800000,0x00000000f7800000)
  from space 1024K, 87% used [0x00000000f7c00000,0x00000000f7ce0010,0x00000000f7d00000)
  to   space 9728K, 0% used [0x00000000f8180000,0x00000000f8180000,0x00000000f8b00000)
 ParOldGen       total 54784K, used 28371K [0x00000000d5000000, 0x00000000d8580000, 0x00000000f1b00000)
  object space 54784K, 51% used [0x00000000d5000000,0x00000000d6bb4fc0,0x00000000d8580000)
 Metaspace       used 18825K, capacity 19014K, committed 19328K, reserved 1067008K
  class space    used 1819K, capacity 1898K, committed 1920K, reserved 1048576K
Event: 123.932 GC heap after
Heap after GC invocations=33 (full 1):
 PSYoungGen      total 96768K, used 928K [0x00000000f1b00000, 0x00000000f8680000, 0x0000000100000000)
  eden space 91648K, 0% used [0x00000000f1b00000,0x00000000f1b00000,0x00000000f7480000)
  from space 5120K, 18% used [0x00000000f8180000,0x00000000f8268010,0x00000000f8680000)
  to   space 9216K, 0% used [0x00000000f7480000,0x00000000f7480000,0x00000000f7d80000)
 ParOldGen       total 54784K, used 28427K [0x00000000d5000000, 0x00000000d8580000, 0x00000000f1b00000)
  object space 54784K, 51% used [0x00000000d5000000,0x00000000d6bc2fc0,0x00000000d8580000)
 Metaspace       used 18825K, capacity 19014K, committed 19328K, reserved 1067008K
  class space    used 1819K, capacity 1898K, committed 1920K, reserved 1048576K
}
Event: 127.324 GC heap before
{Heap before GC invocations=34 (full 1):
 PSYoungGen      total 96768K, used 92576K [0x00000000f1b00000, 0x00000000f8680000, 0x0000000100000000)
  eden space 91648K, 100% used [0x00000000f1b00000,0x00000000f7480000,0x00000000f7480000)
  from space 5120K, 18% used [0x00000000f8180000,0x00000000f8268010,0x00000000f8680000)
  to   space 9216K, 0% used [0x00000000f7480000,0x00000000f7480000,0x00000000f7d80000)
 ParOldGen       total 54784K, used 28427K [0x00000000d5000000, 0x00000000d8580000, 0x00000000f1b00000)
  object space 54784K, 51% used [0x00000000d5000000,0x00000000d6bc2fc0,0x00000000d8580000)
 Metaspace       used 18828K, capacity 19078K, committed 19328K, reserved 1067008K
  class space    used 1819K, capacity 1898K, committed 1920K, reserved 1048576K
Event: 127.331 GC heap after
Heap after GC invocations=34 (full 1):
 PSYoungGen      total 89088K, used 864K [0x00000000f1b00000, 0x00000000f8300000, 0x0000000100000000)
  eden space 88064K, 0% used [0x00000000f1b00000,0x00000000f1b00000,0x00000000f7100000)
  from space 1024K, 84% used [0x00000000f7480000,0x00000000f7558010,0x00000000f7580000)
  to   space 9216K, 0% used [0x00000000f7a00000,0x00000000f7a00000,0x00000000f8300000)
 ParOldGen       total 54784K, used 28475K [0x00000000d5000000, 0x00000000d8580000, 0x00000000f1b00000)
  object space 54784K, 51% used [0x00000000d5000000,0x00000000d6bcefc0,0x00000000d8580000)
 Metaspace       used 18828K, capacity 19078K, committed 19328K, reserved 1067008K
  class space    used 1819K, capacity 1898K, committed 1920K, reserved 1048576K
}
Event: 131.217 GC heap before
{Heap before GC invocations=35 (full 1):
 PSYoungGen      total 89088K, used 88928K [0x00000000f1b00000, 0x00000000f8300000, 0x0000000100000000)
  eden space 88064K, 100% used [0x00000000f1b00000,0x00000000f7100000,0x00000000f7100000)
  from space 1024K, 84% used [0x00000000f7480000,0x00000000f7558010,0x00000000f7580000)
  to   space 9216K, 0% used [0x00000000f7a00000,0x00000000f7a00000,0x00000000f8300000)
 ParOldGen       total 54784K, used 28475K [0x00000000d5000000, 0x00000000d8580000, 0x00000000f1b00000)
  object space 54784K, 51% used [0x00000000d5000000,0x00000000d6bcefc0,0x00000000d8580000)
 Metaspace       used 18828K, capacity 19078K, committed 19328K, reserved 1067008K
  class space    used 1819K, capacity 1898K, committed 1920K, reserved 1048576K
Event: 131.221 GC heap after
Heap after GC invocations=35 (full 1):
 PSYoungGen      total 89088K, used 832K [0x00000000f1b00000, 0x00000000f7e80000, 0x0000000100000000)
  eden space 84480K, 0% used [0x00000000f1b00000,0x00000000f1b00000,0x00000000f6d80000)
  from space 4608K, 18% used [0x00000000f7a00000,0x00000000f7ad0010,0x00000000f7e80000)
  to   space 8704K, 0% used [0x00000000f6d80000,0x00000000f6d80000,0x00000000f7600000)
 ParOldGen       total 54784K, used 28531K [0x00000000d5000000, 0x00000000d8580000, 0x00000000f1b00000)
  object space 54784K, 52% used [0x00000000d5000000,0x00000000d6bdcfc0,0x00000000d8580000)
 Metaspace       used 18828K, capacity 19078K, committed 19328K, reserved 1067008K
  class space    used 1819K, capacity 1898K, committed 1920K, reserved 1048576K
}
Event: 136.843 GC heap before
{Heap before GC invocations=36 (full 1):
 PSYoungGen      total 89088K, used 85312K [0x00000000f1b00000, 0x00000000f7e80000, 0x0000000100000000)
  eden space 84480K, 100% used [0x00000000f1b00000,0x00000000f6d80000,0x00000000f6d80000)
  from space 4608K, 18% used [0x00000000f7a00000,0x00000000f7ad0010,0x00000000f7e80000)
  to   space 8704K, 0% used [0x00000000f6d80000,0x00000000f6d80000,0x00000000f7600000)
 ParOldGen       total 54784K, used 28531K [0x00000000d5000000, 0x00000000d8580000, 0x00000000f1b00000)
  object space 54784K, 52% used [0x00000000d5000000,0x00000000d6bdcfc0,0x00000000d8580000)
 Metaspace       used 18828K, capacity 19078K, committed 19328K, reserved 1067008K
  class space    used 1819K, capacity 1898K, committed 1920K, reserved 1048576K
Event: 136.847 GC heap after
Heap after GC invocations=36 (full 1):
 PSYoungGen      total 82432K, used 928K [0x00000000f1b00000, 0x00000000f7a80000, 0x0000000100000000)
  eden space 81408K, 0% used [0x00000000f1b00000,0x00000000f1b00000,0x00000000f6a80000)
  from space 1024K, 90% used [0x00000000f6d80000,0x00000000f6e68010,0x00000000f6e80000)
  to   space 8192K, 0% used [0x00000000f7280000,0x00000000f7280000,0x00000000f7a80000)
 ParOldGen       total 54784K, used 28579K [0x00000000d5000000, 0x00000000d8580000, 0x00000000f1b00000)
  object space 54784K, 52% used [0x00000000d5000000,0x00000000d6be8fc0,0x00000000d8580000)
 Metaspace       used 18828K, capacity 19078K, committed 19328K, reserved 1067008K
  class space    used 1819K, capacity 1898K, committed 1920K, reserved 1048576K
}
Event: 142.185 GC heap before
{Heap before GC invocations=37 (full 1):
 PSYoungGen      total 82432K, used 82336K [0x00000000f1b00000, 0x00000000f7a80000, 0x0000000100000000)
  eden space 81408K, 100% used [0x00000000f1b00000,0x00000000f6a80000,0x00000000f6a80000)
  from space 1024K, 90% used [0x00000000f6d80000,0x00000000f6e68010,0x00000000f6e80000)
  to   space 8192K, 0% used [0x00000000f7280000,0x00000000f7280000,0x00000000f7a80000)
 ParOldGen       total 54784K, used 28579K [0x00000000d5000000, 0x00000000d8580000, 0x00000000f1b00000)
  object space 54784K, 52% used [0x00000000d5000000,0x00000000d6be8fc0,0x00000000d8580000)
 Metaspace       used 18828K, capacity 19078K, committed 19328K, reserved 1067008K
  class space    used 1819K, capacity 1898K, committed 1920K, reserved 1048576K
Event: 142.188 GC heap after
Heap after GC invocations=37 (full 1):
 PSYoungGen      total 82432K, used 928K [0x00000000f1b00000, 0x00000000f7680000, 0x0000000100000000)
  eden space 78336K, 0% used [0x00000000f1b00000,0x00000000f1b00000,0x00000000f6780000)
  from space 4096K, 22% used [0x00000000f7280000,0x00000000f7368010,0x00000000f7680000)
  to   space 7680K, 0% used [0x00000000f6780000,0x00000000f6780000,0x00000000f6f00000)
 ParOldGen       total 54784K, used 28627K [0x00000000d5000000, 0x00000000d8580000, 0x00000000f1b00000)
  object space 54784K, 52% used [0x00000000d5000000,0x00000000d6bf4fc0,0x00000000d8580000)
 Metaspace       used 18828K, capacity 19078K, committed 19328K, reserved 1067008K
  class space    used 1819K, capacity 1898K, committed 1920K, reserved 1048576K
}

