# JRE version: OpenJDK Runtime Environment (8.0_191-b12) (build 1.8.0_191-8u191-b12-2ubuntu0.16.04.1-b12)
# Java VM: OpenJDK 64-Bit Server VM (25.191-b12 mixed mode linux-amd64 compressed oops)
Heap:
 PSYoungGen      total 217600K, used 80280K [0x00000000f1b00000, 0x00000000ffd80000, 0x0000000100000000)
  eden space 206336K, 38% used [0x00000000f1b00000,0x00000000f683a260,0x00000000fe480000)
  from space 11264K, 10% used [0x00000000ff280000,0x00000000ff3ac020,0x00000000ffd80000)
  to   space 12800K, 0% used [0x00000000fe480000,0x00000000fe480000,0x00000000ff100000)
 ParOldGen       total 61952K, used 27322K [0x00000000d5000000, 0x00000000d8c80000, 0x00000000f1b00000)
  object space 61952K, 44% used [0x00000000d5000000,0x00000000d6aaeba0,0x00000000d8c80000)
 Metaspace       used 18944K, capacity 19134K, committed 19328K, reserved 1067008K
  class space    used 1822K, capacity 1898K, committed 1920K, reserved 1048576K
GC Heap History (10 events):
Event: 111.143 GC heap before
{Heap before GC invocations=18 (full 2):
 PSYoungGen      total 180224K, used 164464K [0x00000000f1b00000, 0x00000000ff900000, 0x0000000100000000)
  eden space 163840K, 100% used [0x00000000f1b00000,0x00000000fbb00000,0x00000000fbb00000)
  from space 16384K, 3% used [0x00000000fbb00000,0x00000000fbb9c010,0x00000000fcb00000)
  to   space 15872K, 0% used [0x00000000fe980000,0x00000000fe980000,0x00000000ff900000)
 ParOldGen       total 61952K, used 27290K [0x00000000d5000000, 0x00000000d8c80000, 0x00000000f1b00000)
  object space 61952K, 44% used [0x00000000d5000000,0x00000000d6aa6ba0,0x00000000d8c80000)
 Metaspace       used 18862K, capacity 19070K, committed 19328K, reserved 1067008K
  class space    used 1820K, capacity 1898K, committed 1920K, reserved 1048576K
Event: 111.146 GC heap after
Heap after GC invocations=18 (full 2):
 PSYoungGen      total 201216K, used 592K [0x00000000f1b00000, 0x00000000ff380000, 0x0000000100000000)
  eden space 190976K, 0% used [0x00000000f1b00000,0x00000000f1b00000,0x00000000fd580000)
  from space 10240K, 5% used [0x00000000fe980000,0x00000000fea14010,0x00000000ff380000)
  to   space 15360K, 0% used [0x00000000fd580000,0x00000000fd580000,0x00000000fe480000)
 ParOldGen       total 61952K, used 27298K [0x00000000d5000000, 0x00000000d8c80000, 0x00000000f1b00000)
  object space 61952K, 44% used [0x00000000d5000000,0x00000000d6aa8ba0,0x00000000d8c80000)
 Metaspace       used 18862K, capacity 19070K, committed 19328K, reserved 1067008K
  class space    used 1820K, capacity 1898K, committed 1920K, reserved 1048576K
}
Event: 121.101 GC heap before
{Heap before GC invocations=19 (full 2):
 PSYoungGen      total 201216K, used 191568K [0x00000000f1b00000, 0x00000000ff380000, 0x0000000100000000)
  eden space 190976K, 100% used [0x00000000f1b00000,0x00000000fd580000,0x00000000fd580000)
  from space 10240K, 5% used [0x00000000fe980000,0x00000000fea14010,0x00000000ff380000)
  to   space 15360K, 0% used [0x00000000fd580000,0x00000000fd580000,0x00000000fe480000)
 ParOldGen       total 61952K, used 27298K [0x00000000d5000000, 0x00000000d8c80000, 0x00000000f1b00000)
  object space 61952K, 44% used [0x00000000d5000000,0x00000000d6aa8ba0,0x00000000d8c80000)
 Metaspace       used 18886K, capacity 19070K, committed 19328K, reserved 1067008K
  class space    used 1821K, capacity 1898K, committed 1920K, reserved 1048576K
Event: 121.106 GC heap after
Heap after GC invocations=19 (full 2):
 PSYoungGen      total 206336K, used 912K [0x00000000f1b00000, 0x0000000100000000, 0x0000000100000000)
  eden space 190976K, 0% used [0x00000000f1b00000,0x00000000f1b00000,0x00000000fd580000)
  from space 15360K, 5% used [0x00000000fd580000,0x00000000fd664020,0x00000000fe480000)
  to   space 14848K, 0% used [0x00000000ff180000,0x00000000ff180000,0x0000000100000000)
 ParOldGen       total 61952K, used 27306K [0x00000000d5000000, 0x00000000d8c80000, 0x00000000f1b00000)
  object space 61952K, 44% used [0x00000000d5000000,0x00000000d6aaaba0,0x00000000d8c80000)
 Metaspace       used 18886K, capacity 19070K, committed 19328K, reserved 1067008K
  class space    used 1821K, capacity 1898K, committed 1920K, reserved 1048576K
}
Event: 127.561 GC heap before
{Heap before GC invocations=20 (full 2):
 PSYoungGen      total 206336K, used 191888K [0x00000000f1b00000, 0x0000000100000000, 0x0000000100000000)
  eden space 190976K, 100% used [0x00000000f1b00000,0x00000000fd580000,0x00000000fd580000)
  from space 15360K, 5% used [0x00000000fd580000,0x00000000fd664020,0x00000000fe480000)
  to   space 14848K, 0% used [0x00000000ff180000,0x00000000ff180000,0x0000000100000000)
 ParOldGen       total 61952K, used 27306K [0x00000000d5000000, 0x00000000d8c80000, 0x00000000f1b00000)
  object space 61952K, 44% used [0x00000000d5000000,0x00000000d6aaaba0,0x00000000d8c80000)
 Metaspace       used 18909K, capacity 19134K, committed 19328K, reserved 1067008K
  class space    used 1821K, capacity 1898K, committed 1920K, reserved 1048576K
Event: 127.565 GC heap after
Heap after GC invocations=20 (full 2):
 PSYoungGen      total 217600K, used 912K [0x00000000f1b00000, 0x00000000ffe80000, 0x0000000100000000)
  eden space 204288K, 0% used [0x00000000f1b00000,0x00000000f1b00000,0x00000000fe280000)
  from space 13312K, 6% used [0x00000000ff180000,0x00000000ff264020,0x00000000ffe80000)
  to   space 14336K, 0% used [0x00000000fe280000,0x00000000fe280000,0x00000000ff080000)
 ParOldGen       total 61952K, used 27314K [0x00000000d5000000, 0x00000000d8c80000, 0x00000000f1b00000)
  object space 61952K, 44% used [0x00000000d5000000,0x00000000d6aacba0,0x00000000d8c80000)
 Metaspace       used 18909K, capacity 19134K, committed 19328K, reserved 1067008K
  class space    used 1821K, capacity 1898K, committed 1920K, reserved 1048576K
}
Event: 140.958 GC heap before
{Heap before GC invocations=21 (full 2):
 PSYoungGen      total 217600K, used 205200K [0x00000000f1b00000, 0x00000000ffe80000, 0x0000000100000000)
  eden space 204288K, 100% used [0x00000000f1b00000,0x00000000fe280000,0x00000000fe280000)
  from space 13312K, 6% used [0x00000000ff180000,0x00000000ff264020,0x00000000ffe80000)
  to   space 14336K, 0% used [0x00000000fe280000,0x00000000fe280000,0x00000000ff080000)
 ParOldGen       total 61952K, used 27314K [0x00000000d5000000, 0x00000000d8c80000, 0x00000000f1b00000)
  object space 61952K, 44% used [0x00000000d5000000,0x00000000d6aacba0,0x00000000d8c80000)
 Metaspace       used 18934K, capacity 19134K, committed 19328K, reserved 1067008K
  class space    used 1821K, capacity 1898K, committed 1920K, reserved 1048576K
Event: 140.964 GC heap after
Heap after GC invocations=21 (full 2):
 PSYoungGen      total 218624K, used 1104K [0x00000000f1b00000, 0x0000000100000000, 0x0000000100000000)
  eden space 204288K, 0% used [0x00000000f1b00000,0x00000000f1b00000,0x00000000fe280000)
  from space 14336K, 7% used [0x00000000fe280000,0x00000000fe394020,0x00000000ff080000)
  to   space 13824K, 0% used [0x00000000ff280000,0x00000000ff280000,0x0000000100000000)
 ParOldGen       total 61952K, used 27314K [0x00000000d5000000, 0x00000000d8c80000, 0x00000000f1b00000)
  object space 61952K, 44% used [0x00000000d5000000,0x00000000d6aacba0,0x00000000d8c80000)
 Metaspace       used 18934K, capacity 19134K, committed 19328K, reserved 1067008K
  class space    used 1821K, capacity 1898K, committed 1920K, reserved 1048576K
}
Event: 153.024 GC heap before
{Heap before GC invocations=22 (full 2):
 PSYoungGen      total 218624K, used 205392K [0x00000000f1b00000, 0x0000000100000000, 0x0000000100000000)
  eden space 204288K, 100% used [0x00000000f1b00000,0x00000000fe280000,0x00000000fe280000)
  from space 14336K, 7% used [0x00000000fe280000,0x00000000fe394020,0x00000000ff080000)
  to   space 13824K, 0% used [0x00000000ff280000,0x00000000ff280000,0x0000000100000000)
 ParOldGen       total 61952K, used 27314K [0x00000000d5000000, 0x00000000d8c80000, 0x00000000f1b00000)
  object space 61952K, 44% used [0x00000000d5000000,0x00000000d6aacba0,0x00000000d8c80000)
 Metaspace       used 18939K, capacity 19134K, committed 19328K, reserved 1067008K
  class space    used 1821K, capacity 1898K, committed 1920K, reserved 1048576K
Event: 153.028 GC heap after
Heap after GC invocations=22 (full 2):
 PSYoungGen      total 217600K, used 1200K [0x00000000f1b00000, 0x00000000ffd80000, 0x0000000100000000)
  eden space 206336K, 0% used [0x00000000f1b00000,0x00000000f1b00000,0x00000000fe480000)
  from space 11264K, 10% used [0x00000000ff280000,0x00000000ff3ac020,0x00000000ffd80000)
  to   space 12800K, 0% used [0x00000000fe480000,0x00000000fe480000,0x00000000ff100000)
 ParOldGen       total 61952K, used 27322K [0x00000000d5000000, 0x00000000d8c80000, 0x00000000f1b00000)
  object space 61952K, 44% used [0x00000000d5000000,0x00000000d6aaeba0,0x00000000d8c80000)
 Metaspace       used 18939K, capacity 19134K, committed 19328K, reserved 1067008K
  class space    used 1821K, capacity 1898K, committed 1920K, reserved 1048576K
}

