# JRE version: OpenJDK Runtime Environment (8.0_191-b12) (build 1.8.0_191-8u191-b12-2ubuntu0.16.04.1-b12)
# Java VM: OpenJDK 64-Bit Server VM (25.191-b12 mixed mode linux-amd64 compressed oops)
Heap:
 PSYoungGen      total 112640K, used 17859K [0x00000000f1b00000, 0x00000000fb580000, 0x0000000100000000)
  eden space 110080K, 14% used [0x00000000f1b00000,0x00000000f2a60e88,0x00000000f8680000)
  from space 2560K, 82% used [0x00000000fb300000,0x00000000fb510010,0x00000000fb580000)
  to   space 6656K, 0% used [0x00000000fa880000,0x00000000fa880000,0x00000000faf00000)
 ParOldGen       total 61952K, used 27406K [0x00000000d5000000, 0x00000000d8c80000, 0x00000000f1b00000)
  object space 61952K, 44% used [0x00000000d5000000,0x00000000d6ac3830,0x00000000d8c80000)
 Metaspace       used 18931K, capacity 19134K, committed 19328K, reserved 1067008K
  class space    used 1820K, capacity 1898K, committed 1920K, reserved 1048576K
GC Heap History (10 events):
Event: 183.015 GC heap before
{Heap before GC invocations=34 (full 2):
 PSYoungGen      total 137216K, used 136736K [0x00000000f1b00000, 0x00000000fca00000, 0x0000000100000000)
  eden space 135168K, 100% used [0x00000000f1b00000,0x00000000f9f00000,0x00000000f9f00000)
  from space 2048K, 76% used [0x00000000fb880000,0x00000000fba08010,0x00000000fba80000)
  to   space 9216K, 0% used [0x00000000fc100000,0x00000000fc100000,0x00000000fca00000)
 ParOldGen       total 61952K, used 27006K [0x00000000d5000000, 0x00000000d8c80000, 0x00000000f1b00000)
  object space 61952K, 43% used [0x00000000d5000000,0x00000000d6a5f830,0x00000000d8c80000)
 Metaspace       used 18923K, capacity 19134K, committed 19328K, reserved 1067008K
  class space    used 1819K, capacity 1898K, committed 1920K, reserved 1048576K
Event: 183.021 GC heap after
Heap after GC invocations=34 (full 2):
 PSYoungGen      total 131584K, used 1792K [0x00000000f1b00000, 0x00000000fc300000, 0x0000000100000000)
  eden space 129536K, 0% used [0x00000000f1b00000,0x00000000f1b00000,0x00000000f9980000)
  from space 2048K, 87% used [0x00000000fc100000,0x00000000fc2c0010,0x00000000fc300000)
  to   space 8704K, 0% used [0x00000000fb200000,0x00000000fb200000,0x00000000fba80000)
 ParOldGen       total 61952K, used 27070K [0x00000000d5000000, 0x00000000d8c80000, 0x00000000f1b00000)
  object space 61952K, 43% used [0x00000000d5000000,0x00000000d6a6f830,0x00000000d8c80000)
 Metaspace       used 18923K, capacity 19134K, committed 19328K, reserved 1067008K
  class space    used 1819K, capacity 1898K, committed 1920K, reserved 1048576K
}
Event: 190.276 GC heap before
{Heap before GC invocations=35 (full 2):
 PSYoungGen      total 131584K, used 131328K [0x00000000f1b00000, 0x00000000fc300000, 0x0000000100000000)
  eden space 129536K, 100% used [0x00000000f1b00000,0x00000000f9980000,0x00000000f9980000)
  from space 2048K, 87% used [0x00000000fc100000,0x00000000fc2c0010,0x00000000fc300000)
  to   space 8704K, 0% used [0x00000000fb200000,0x00000000fb200000,0x00000000fba80000)
 ParOldGen       total 61952K, used 27070K [0x00000000d5000000, 0x00000000d8c80000, 0x00000000f1b00000)
  object space 61952K, 43% used [0x00000000d5000000,0x00000000d6a6f830,0x00000000d8c80000)
 Metaspace       used 18923K, capacity 19134K, committed 19328K, reserved 1067008K
  class space    used 1819K, capacity 1898K, committed 1920K, reserved 1048576K
Event: 190.281 GC heap after
Heap after GC invocations=35 (full 2):
 PSYoungGen      total 126464K, used 1984K [0x00000000f1b00000, 0x00000000fc180000, 0x0000000100000000)
  eden space 124416K, 0% used [0x00000000f1b00000,0x00000000f1b00000,0x00000000f9480000)
  from space 2048K, 96% used [0x00000000fb200000,0x00000000fb3f0010,0x00000000fb400000)
  to   space 8192K, 0% used [0x00000000fb980000,0x00000000fb980000,0x00000000fc180000)
 ParOldGen       total 61952K, used 27150K [0x00000000d5000000, 0x00000000d8c80000, 0x00000000f1b00000)
  object space 61952K, 43% used [0x00000000d5000000,0x00000000d6a83830,0x00000000d8c80000)
 Metaspace       used 18923K, capacity 19134K, committed 19328K, reserved 1067008K
  class space    used 1819K, capacity 1898K, committed 1920K, reserved 1048576K
}
Event: 197.214 GC heap before
{Heap before GC invocations=36 (full 2):
 PSYoungGen      total 126464K, used 126400K [0x00000000f1b00000, 0x00000000fc180000, 0x0000000100000000)
  eden space 124416K, 100% used [0x00000000f1b00000,0x00000000f9480000,0x00000000f9480000)
  from space 2048K, 96% used [0x00000000fb200000,0x00000000fb3f0010,0x00000000fb400000)
  to   space 8192K, 0% used [0x00000000fb980000,0x00000000fb980000,0x00000000fc180000)
 ParOldGen       total 61952K, used 27150K [0x00000000d5000000, 0x00000000d8c80000, 0x00000000f1b00000)
  object space 61952K, 43% used [0x00000000d5000000,0x00000000d6a83830,0x00000000d8c80000)
 Metaspace       used 18923K, capacity 19134K, committed 19328K, reserved 1067008K
  class space    used 1819K, capacity 1898K, committed 1920K, reserved 1048576K
Event: 197.219 GC heap after
Heap after GC invocations=36 (full 2):
 PSYoungGen      total 121344K, used 2016K [0x00000000f1b00000, 0x00000000fbb80000, 0x0000000100000000)
  eden space 119296K, 0% used [0x00000000f1b00000,0x00000000f1b00000,0x00000000f8f80000)
  from space 2048K, 98% used [0x00000000fb980000,0x00000000fbb78010,0x00000000fbb80000)
  to   space 7168K, 0% used [0x00000000fad80000,0x00000000fad80000,0x00000000fb480000)
 ParOldGen       total 61952K, used 27254K [0x00000000d5000000, 0x00000000d8c80000, 0x00000000f1b00000)
  object space 61952K, 43% used [0x00000000d5000000,0x00000000d6a9d830,0x00000000d8c80000)
 Metaspace       used 18923K, capacity 19134K, committed 19328K, reserved 1067008K
  class space    used 1819K, capacity 1898K, committed 1920K, reserved 1048576K
}
Event: 203.807 GC heap before
{Heap before GC invocations=37 (full 2):
 PSYoungGen      total 121344K, used 121312K [0x00000000f1b00000, 0x00000000fbb80000, 0x0000000100000000)
  eden space 119296K, 100% used [0x00000000f1b00000,0x00000000f8f80000,0x00000000f8f80000)
  from space 2048K, 98% used [0x00000000fb980000,0x00000000fbb78010,0x00000000fbb80000)
  to   space 7168K, 0% used [0x00000000fad80000,0x00000000fad80000,0x00000000fb480000)
 ParOldGen       total 61952K, used 27254K [0x00000000d5000000, 0x00000000d8c80000, 0x00000000f1b00000)
  object space 61952K, 43% used [0x00000000d5000000,0x00000000d6a9d830,0x00000000d8c80000)
 Metaspace       used 18923K, capacity 19134K, committed 19328K, reserved 1067008K
  class space    used 1819K, capacity 1898K, committed 1920K, reserved 1048576K
Event: 203.812 GC heap after
Heap after GC invocations=37 (full 2):
 PSYoungGen      total 117248K, used 2112K [0x00000000f1b00000, 0x00000000fba00000, 0x0000000100000000)
  eden space 114688K, 0% used [0x00000000f1b00000,0x00000000f1b00000,0x00000000f8b00000)
  from space 2560K, 82% used [0x00000000fad80000,0x00000000faf90010,0x00000000fb000000)
  to   space 7168K, 0% used [0x00000000fb300000,0x00000000fb300000,0x00000000fba00000)
 ParOldGen       total 61952K, used 27326K [0x00000000d5000000, 0x00000000d8c80000, 0x00000000f1b00000)
  object space 61952K, 44% used [0x00000000d5000000,0x00000000d6aaf830,0x00000000d8c80000)
 Metaspace       used 18923K, capacity 19134K, committed 19328K, reserved 1067008K
  class space    used 1819K, capacity 1898K, committed 1920K, reserved 1048576K
}
Event: 213.918 GC heap before
{Heap before GC invocations=38 (full 2):
 PSYoungGen      total 117248K, used 116800K [0x00000000f1b00000, 0x00000000fba00000, 0x0000000100000000)
  eden space 114688K, 100% used [0x00000000f1b00000,0x00000000f8b00000,0x00000000f8b00000)
  from space 2560K, 82% used [0x00000000fad80000,0x00000000faf90010,0x00000000fb000000)
  to   space 7168K, 0% used [0x00000000fb300000,0x00000000fb300000,0x00000000fba00000)
 ParOldGen       total 61952K, used 27326K [0x00000000d5000000, 0x00000000d8c80000, 0x00000000f1b00000)
  object space 61952K, 44% used [0x00000000d5000000,0x00000000d6aaf830,0x00000000d8c80000)
 Metaspace       used 18926K, capacity 19134K, committed 19328K, reserved 1067008K
  class space    used 1819K, capacity 1898K, committed 1920K, reserved 1048576K
Event: 213.923 GC heap after
Heap after GC invocations=38 (full 2):
 PSYoungGen      total 112640K, used 2112K [0x00000000f1b00000, 0x00000000fb580000, 0x0000000100000000)
  eden space 110080K, 0% used [0x00000000f1b00000,0x00000000f1b00000,0x00000000f8680000)
  from space 2560K, 82% used [0x00000000fb300000,0x00000000fb510010,0x00000000fb580000)
  to   space 6656K, 0% used [0x00000000fa880000,0x00000000fa880000,0x00000000faf00000)
 ParOldGen       total 61952K, used 27406K [0x00000000d5000000, 0x00000000d8c80000, 0x00000000f1b00000)
  object space 61952K, 44% used [0x00000000d5000000,0x00000000d6ac3830,0x00000000d8c80000)
 Metaspace       used 18926K, capacity 19134K, committed 19328K, reserved 1067008K
  class space    used 1819K, capacity 1898K, committed 1920K, reserved 1048576K
}

