# JRE version: OpenJDK Runtime Environment (8.0_191-b12) (build 1.8.0_191-8u191-b12-2ubuntu0.16.04.1-b12)
# Java VM: OpenJDK 64-Bit Server VM (25.191-b12 mixed mode linux-amd64 compressed oops)
Heap:
 PSYoungGen      total 131072K, used 20928K [0x00000000f1b00000, 0x00000000fb600000, 0x0000000100000000)
  eden space 115200K, 17% used [0x00000000f1b00000,0x00000000f2ee8300,0x00000000f8b80000)
  from space 15872K, 3% used [0x00000000f8b80000,0x00000000f8c08010,0x00000000f9b00000)
  to   space 15360K, 0% used [0x00000000fa700000,0x00000000fa700000,0x00000000fb600000)
 ParOldGen       total 58880K, used 27390K [0x00000000d5000000, 0x00000000d8980000, 0x00000000f1b00000)
  object space 58880K, 46% used [0x00000000d5000000,0x00000000d6abfb88,0x00000000d8980000)
 Metaspace       used 18766K, capacity 18950K, committed 19072K, reserved 1067008K
  class space    used 1819K, capacity 1898K, committed 1920K, reserved 1048576K
GC Heap History (10 events):
Event: 30.618 GC heap before
{Heap before GC invocations=15 (full 2):
 PSYoungGen      total 91648K, used 75584K [0x00000000f1b00000, 0x00000000f8880000, 0x0000000100000000)
  eden space 75264K, 100% used [0x00000000f1b00000,0x00000000f6480000,0x00000000f6480000)
  from space 16384K, 1% used [0x00000000f7880000,0x00000000f78d0000,0x00000000f8880000)
  to   space 18432K, 0% used [0x00000000f6480000,0x00000000f6480000,0x00000000f7680000)
 ParOldGen       total 58880K, used 27286K [0x00000000d5000000, 0x00000000d8980000, 0x00000000f1b00000)
  object space 58880K, 46% used [0x00000000d5000000,0x00000000d6aa5b88,0x00000000d8980000)
 Metaspace       used 18721K, capacity 18950K, committed 19072K, reserved 1067008K
  class space    used 1818K, capacity 1898K, committed 1920K, reserved 1048576K
Event: 30.621 GC heap after
Heap after GC invocations=15 (full 2):
 PSYoungGen      total 93696K, used 288K [0x00000000f1b00000, 0x00000000f9f00000, 0x0000000100000000)
  eden space 75264K, 0% used [0x00000000f1b00000,0x00000000f1b00000,0x00000000f6480000)
  from space 18432K, 1% used [0x00000000f6480000,0x00000000f64c8000,0x00000000f7680000)
  to   space 17920K, 0% used [0x00000000f8d80000,0x00000000f8d80000,0x00000000f9f00000)
 ParOldGen       total 58880K, used 27350K [0x00000000d5000000, 0x00000000d8980000, 0x00000000f1b00000)
  object space 58880K, 46% used [0x00000000d5000000,0x00000000d6ab5b88,0x00000000d8980000)
 Metaspace       used 18721K, capacity 18950K, committed 19072K, reserved 1067008K
  class space    used 1818K, capacity 1898K, committed 1920K, reserved 1048576K
}
Event: 38.154 GC heap before
{Heap before GC invocations=16 (full 2):
 PSYoungGen      total 93696K, used 75552K [0x00000000f1b00000, 0x00000000f9f00000, 0x0000000100000000)
  eden space 75264K, 100% used [0x00000000f1b00000,0x00000000f6480000,0x00000000f6480000)
  from space 18432K, 1% used [0x00000000f6480000,0x00000000f64c8000,0x00000000f7680000)
  to   space 17920K, 0% used [0x00000000f8d80000,0x00000000f8d80000,0x00000000f9f00000)
 ParOldGen       total 58880K, used 27350K [0x00000000d5000000, 0x00000000d8980000, 0x00000000f1b00000)
  object space 58880K, 46% used [0x00000000d5000000,0x00000000d6ab5b88,0x00000000d8980000)
 Metaspace       used 18746K, capacity 18950K, committed 19072K, reserved 1067008K
  class space    used 1818K, capacity 1898K, committed 1920K, reserved 1048576K
Event: 38.157 GC heap after
Heap after GC invocations=16 (full 2):
 PSYoungGen      total 110080K, used 320K [0x00000000f1b00000, 0x00000000f9b00000, 0x0000000100000000)
  eden space 96256K, 0% used [0x00000000f1b00000,0x00000000f1b00000,0x00000000f7900000)
  from space 13824K, 2% used [0x00000000f8d80000,0x00000000f8dd0010,0x00000000f9b00000)
  to   space 17408K, 0% used [0x00000000f7900000,0x00000000f7900000,0x00000000f8a00000)
 ParOldGen       total 58880K, used 27390K [0x00000000d5000000, 0x00000000d8980000, 0x00000000f1b00000)
  object space 58880K, 46% used [0x00000000d5000000,0x00000000d6abfb88,0x00000000d8980000)
 Metaspace       used 18746K, capacity 18950K, committed 19072K, reserved 1067008K
  class space    used 1818K, capacity 1898K, committed 1920K, reserved 1048576K
}
Event: 44.784 GC heap before
{Heap before GC invocations=17 (full 2):
 PSYoungGen      total 110080K, used 96576K [0x00000000f1b00000, 0x00000000f9b00000, 0x0000000100000000)
  eden space 96256K, 100% used [0x00000000f1b00000,0x00000000f7900000,0x00000000f7900000)
  from space 13824K, 2% used [0x00000000f8d80000,0x00000000f8dd0010,0x00000000f9b00000)
  to   space 17408K, 0% used [0x00000000f7900000,0x00000000f7900000,0x00000000f8a00000)
 ParOldGen       total 58880K, used 27390K [0x00000000d5000000, 0x00000000d8980000, 0x00000000f1b00000)
  object space 58880K, 46% used [0x00000000d5000000,0x00000000d6abfb88,0x00000000d8980000)
 Metaspace       used 18755K, capacity 18950K, committed 19072K, reserved 1067008K
  class space    used 1819K, capacity 1898K, committed 1920K, reserved 1048576K
Event: 44.787 GC heap after
Heap after GC invocations=17 (full 2):
 PSYoungGen      total 113664K, used 480K [0x00000000f1b00000, 0x00000000faf00000, 0x0000000100000000)
  eden space 96256K, 0% used [0x00000000f1b00000,0x00000000f1b00000,0x00000000f7900000)
  from space 17408K, 2% used [0x00000000f7900000,0x00000000f7978010,0x00000000f8a00000)
  to   space 16384K, 0% used [0x00000000f9f00000,0x00000000f9f00000,0x00000000faf00000)
 ParOldGen       total 58880K, used 27390K [0x00000000d5000000, 0x00000000d8980000, 0x00000000f1b00000)
  object space 58880K, 46% used [0x00000000d5000000,0x00000000d6abfb88,0x00000000d8980000)
 Metaspace       used 18755K, capacity 18950K, committed 19072K, reserved 1067008K
  class space    used 1819K, capacity 1898K, committed 1920K, reserved 1048576K
}
Event: 50.025 GC heap before
{Heap before GC invocations=18 (full 2):
 PSYoungGen      total 113664K, used 96736K [0x00000000f1b00000, 0x00000000faf00000, 0x0000000100000000)
  eden space 96256K, 100% used [0x00000000f1b00000,0x00000000f7900000,0x00000000f7900000)
  from space 17408K, 2% used [0x00000000f7900000,0x00000000f7978010,0x00000000f8a00000)
  to   space 16384K, 0% used [0x00000000f9f00000,0x00000000f9f00000,0x00000000faf00000)
 ParOldGen       total 58880K, used 27390K [0x00000000d5000000, 0x00000000d8980000, 0x00000000f1b00000)
  object space 58880K, 46% used [0x00000000d5000000,0x00000000d6abfb88,0x00000000d8980000)
 Metaspace       used 18759K, capacity 18950K, committed 19072K, reserved 1067008K
  class space    used 1819K, capacity 1898K, committed 1920K, reserved 1048576K
Event: 50.028 GC heap after
Heap after GC invocations=18 (full 2):
 PSYoungGen      total 126976K, used 448K [0x00000000f1b00000, 0x00000000faa80000, 0x0000000100000000)
  eden space 115200K, 0% used [0x00000000f1b00000,0x00000000f1b00000,0x00000000f8b80000)
  from space 11776K, 3% used [0x00000000f9f00000,0x00000000f9f70010,0x00000000faa80000)
  to   space 15872K, 0% used [0x00000000f8b80000,0x00000000f8b80000,0x00000000f9b00000)
 ParOldGen       total 58880K, used 27390K [0x00000000d5000000, 0x00000000d8980000, 0x00000000f1b00000)
  object space 58880K, 46% used [0x00000000d5000000,0x00000000d6abfb88,0x00000000d8980000)
 Metaspace       used 18759K, capacity 18950K, committed 19072K, reserved 1067008K
  class space    used 1819K, capacity 1898K, committed 1920K, reserved 1048576K
}
Event: 55.965 GC heap before
{Heap before GC invocations=19 (full 2):
 PSYoungGen      total 126976K, used 115648K [0x00000000f1b00000, 0x00000000faa80000, 0x0000000100000000)
  eden space 115200K, 100% used [0x00000000f1b00000,0x00000000f8b80000,0x00000000f8b80000)
  from space 11776K, 3% used [0x00000000f9f00000,0x00000000f9f70010,0x00000000faa80000)
  to   space 15872K, 0% used [0x00000000f8b80000,0x00000000f8b80000,0x00000000f9b00000)
 ParOldGen       total 58880K, used 27390K [0x00000000d5000000, 0x00000000d8980000, 0x00000000f1b00000)
  object space 58880K, 46% used [0x00000000d5000000,0x00000000d6abfb88,0x00000000d8980000)
 Metaspace       used 18762K, capacity 18950K, committed 19072K, reserved 1067008K
  class space    used 1819K, capacity 1898K, committed 1920K, reserved 1048576K
Event: 55.968 GC heap after
Heap after GC invocations=19 (full 2):
 PSYoungGen      total 131072K, used 544K [0x00000000f1b00000, 0x00000000fb600000, 0x0000000100000000)
  eden space 115200K, 0% used [0x00000000f1b00000,0x00000000f1b00000,0x00000000f8b80000)
  from space 15872K, 3% used [0x00000000f8b80000,0x00000000f8c08010,0x00000000f9b00000)
  to   space 15360K, 0% used [0x00000000fa700000,0x00000000fa700000,0x00000000fb600000)
 ParOldGen       total 58880K, used 27390K [0x00000000d5000000, 0x00000000d8980000, 0x00000000f1b00000)
  object space 58880K, 46% used [0x00000000d5000000,0x00000000d6abfb88,0x00000000d8980000)
 Metaspace       used 18762K, capacity 18950K, committed 19072K, reserved 1067008K
  class space    used 1819K, capacity 1898K, committed 1920K, reserved 1048576K
}

