# JRE version: OpenJDK Runtime Environment (8.0_191-b12) (build 1.8.0_191-8u191-b12-2ubuntu0.16.04.1-b12)
# Java VM: OpenJDK 64-Bit Server VM (25.191-b12 mixed mode linux-amd64 compressed oops)
Heap:
 PSYoungGen      total 73216K, used 51477K [0x00000000f1b00000, 0x00000000f8780000, 0x0000000100000000)
  eden space 72192K, 70% used [0x00000000f1b00000,0x00000000f4c85680,0x00000000f6180000)
  from space 1024K, 75% used [0x00000000f8000000,0x00000000f80c0000,0x00000000f8100000)
  to   space 4096K, 0% used [0x00000000f8380000,0x00000000f8380000,0x00000000f8780000)
 ParOldGen       total 54272K, used 28440K [0x00000000d5000000, 0x00000000d8500000, 0x00000000f1b00000)
  object space 54272K, 52% used [0x00000000d5000000,0x00000000d6bc6128,0x00000000d8500000)
 Metaspace       used 18884K, capacity 19074K, committed 19328K, reserved 1067008K
  class space    used 1826K, capacity 1898K, committed 1920K, reserved 1048576K
GC Heap History (10 events):
Event: 159.585 GC heap before
{Heap before GC invocations=37 (full 2):
 PSYoungGen      total 89088K, used 88672K [0x00000000f1b00000, 0x00000000f9100000, 0x0000000100000000)
  eden space 87552K, 100% used [0x00000000f1b00000,0x00000000f7080000,0x00000000f7080000)
  from space 1536K, 72% used [0x00000000f8f80000,0x00000000f9098010,0x00000000f9100000)
  to   space 5120K, 0% used [0x00000000f8700000,0x00000000f8700000,0x00000000f8c00000)
 ParOldGen       total 54272K, used 27928K [0x00000000d5000000, 0x00000000d8500000, 0x00000000f1b00000)
  object space 54272K, 51% used [0x00000000d5000000,0x00000000d6b46118,0x00000000d8500000)
 Metaspace       used 18877K, capacity 19074K, committed 19328K, reserved 1067008K
  class space    used 1825K, capacity 1898K, committed 1920K, reserved 1048576K
Event: 159.591 GC heap after
Heap after GC invocations=37 (full 2):
 PSYoungGen      total 84992K, used 960K [0x00000000f1b00000, 0x00000000f9000000, 0x0000000100000000)
  eden space 83968K, 0% used [0x00000000f1b00000,0x00000000f1b00000,0x00000000f6d00000)
  from space 1024K, 93% used [0x00000000f8700000,0x00000000f87f0010,0x00000000f8800000)
  to   space 5120K, 0% used [0x00000000f8b00000,0x00000000f8b00000,0x00000000f9000000)
 ParOldGen       total 54272K, used 27992K [0x00000000d5000000, 0x00000000d8500000, 0x00000000f1b00000)
  object space 54272K, 51% used [0x00000000d5000000,0x00000000d6b56118,0x00000000d8500000)
 Metaspace       used 18877K, capacity 19074K, committed 19328K, reserved 1067008K
  class space    used 1825K, capacity 1898K, committed 1920K, reserved 1048576K
}
Event: 163.610 GC heap before
{Heap before GC invocations=38 (full 2):
 PSYoungGen      total 84992K, used 84928K [0x00000000f1b00000, 0x00000000f9000000, 0x0000000100000000)
  eden space 83968K, 100% used [0x00000000f1b00000,0x00000000f6d00000,0x00000000f6d00000)
  from space 1024K, 93% used [0x00000000f8700000,0x00000000f87f0010,0x00000000f8800000)
  to   space 5120K, 0% used [0x00000000f8b00000,0x00000000f8b00000,0x00000000f9000000)
 ParOldGen       total 54272K, used 27992K [0x00000000d5000000, 0x00000000d8500000, 0x00000000f1b00000)
  object space 54272K, 51% used [0x00000000d5000000,0x00000000d6b56118,0x00000000d8500000)
 Metaspace       used 18878K, capacity 19074K, committed 19328K, reserved 1067008K
  class space    used 1825K, capacity 1898K, committed 1920K, reserved 1048576K
Event: 163.614 GC heap after
Heap after GC invocations=38 (full 2):
 PSYoungGen      total 81920K, used 960K [0x00000000f1b00000, 0x00000000f8c00000, 0x0000000100000000)
  eden space 80896K, 0% used [0x00000000f1b00000,0x00000000f1b00000,0x00000000f6a00000)
  from space 1024K, 93% used [0x00000000f8b00000,0x00000000f8bf0010,0x00000000f8c00000)
  to   space 4608K, 0% used [0x00000000f8300000,0x00000000f8300000,0x00000000f8780000)
 ParOldGen       total 54272K, used 28064K [0x00000000d5000000, 0x00000000d8500000, 0x00000000f1b00000)
  object space 54272K, 51% used [0x00000000d5000000,0x00000000d6b68118,0x00000000d8500000)
 Metaspace       used 18878K, capacity 19074K, committed 19328K, reserved 1067008K
  class space    used 1825K, capacity 1898K, committed 1920K, reserved 1048576K
}
Event: 168.170 GC heap before
{Heap before GC invocations=39 (full 2):
 PSYoungGen      total 81920K, used 81856K [0x00000000f1b00000, 0x00000000f8c00000, 0x0000000100000000)
  eden space 80896K, 100% used [0x00000000f1b00000,0x00000000f6a00000,0x00000000f6a00000)
  from space 1024K, 93% used [0x00000000f8b00000,0x00000000f8bf0010,0x00000000f8c00000)
  to   space 4608K, 0% used [0x00000000f8300000,0x00000000f8300000,0x00000000f8780000)
 ParOldGen       total 54272K, used 28064K [0x00000000d5000000, 0x00000000d8500000, 0x00000000f1b00000)
  object space 54272K, 51% used [0x00000000d5000000,0x00000000d6b68118,0x00000000d8500000)
 Metaspace       used 18878K, capacity 19074K, committed 19328K, reserved 1067008K
  class space    used 1825K, capacity 1898K, committed 1920K, reserved 1048576K
Event: 168.174 GC heap after
Heap after GC invocations=39 (full 2):
 PSYoungGen      total 78848K, used 992K [0x00000000f1b00000, 0x00000000f8b80000, 0x0000000100000000)
  eden space 77824K, 0% used [0x00000000f1b00000,0x00000000f1b00000,0x00000000f6700000)
  from space 1024K, 96% used [0x00000000f8300000,0x00000000f83f8010,0x00000000f8400000)
  to   space 4608K, 0% used [0x00000000f8700000,0x00000000f8700000,0x00000000f8b80000)
 ParOldGen       total 54272K, used 28176K [0x00000000d5000000, 0x00000000d8500000, 0x00000000f1b00000)
  object space 54272K, 51% used [0x00000000d5000000,0x00000000d6b84118,0x00000000d8500000)
 Metaspace       used 18878K, capacity 19074K, committed 19328K, reserved 1067008K
  class space    used 1825K, capacity 1898K, committed 1920K, reserved 1048576K
}
Event: 175.493 GC heap before
{Heap before GC invocations=40 (full 2):
 PSYoungGen      total 78848K, used 78816K [0x00000000f1b00000, 0x00000000f8b80000, 0x0000000100000000)
  eden space 77824K, 100% used [0x00000000f1b00000,0x00000000f6700000,0x00000000f6700000)
  from space 1024K, 96% used [0x00000000f8300000,0x00000000f83f8010,0x00000000f8400000)
  to   space 4608K, 0% used [0x00000000f8700000,0x00000000f8700000,0x00000000f8b80000)
 ParOldGen       total 54272K, used 28176K [0x00000000d5000000, 0x00000000d8500000, 0x00000000f1b00000)
  object space 54272K, 51% used [0x00000000d5000000,0x00000000d6b84118,0x00000000d8500000)
 Metaspace       used 18880K, capacity 19074K, committed 19328K, reserved 1067008K
  class space    used 1825K, capacity 1898K, committed 1920K, reserved 1048576K
Event: 175.496 GC heap after
Heap after GC invocations=40 (full 2):
 PSYoungGen      total 75776K, used 960K [0x00000000f1b00000, 0x00000000f8800000, 0x0000000100000000)
  eden space 74752K, 0% used [0x00000000f1b00000,0x00000000f1b00000,0x00000000f6400000)
  from space 1024K, 93% used [0x00000000f8700000,0x00000000f87f0010,0x00000000f8800000)
  to   space 4096K, 0% used [0x00000000f8000000,0x00000000f8000000,0x00000000f8400000)
 ParOldGen       total 54272K, used 28248K [0x00000000d5000000, 0x00000000d8500000, 0x00000000f1b00000)
  object space 54272K, 52% used [0x00000000d5000000,0x00000000d6b96118,0x00000000d8500000)
 Metaspace       used 18880K, capacity 19074K, committed 19328K, reserved 1067008K
  class space    used 1825K, capacity 1898K, committed 1920K, reserved 1048576K
}
Event: 178.408 GC heap before
{Heap before GC invocations=41 (full 2):
 PSYoungGen      total 75776K, used 75712K [0x00000000f1b00000, 0x00000000f8800000, 0x0000000100000000)
  eden space 74752K, 100% used [0x00000000f1b00000,0x00000000f6400000,0x00000000f6400000)
  from space 1024K, 93% used [0x00000000f8700000,0x00000000f87f0010,0x00000000f8800000)
  to   space 4096K, 0% used [0x00000000f8000000,0x00000000f8000000,0x00000000f8400000)
 ParOldGen       total 54272K, used 28248K [0x00000000d5000000, 0x00000000d8500000, 0x00000000f1b00000)
  object space 54272K, 52% used [0x00000000d5000000,0x00000000d6b96118,0x00000000d8500000)
 Metaspace       used 18880K, capacity 19074K, committed 19328K, reserved 1067008K
  class space    used 1825K, capacity 1898K, committed 1920K, reserved 1048576K
Event: 178.411 GC heap after
Heap after GC invocations=41 (full 2):
 PSYoungGen      total 73216K, used 768K [0x00000000f1b00000, 0x00000000f8780000, 0x0000000100000000)
  eden space 72192K, 0% used [0x00000000f1b00000,0x00000000f1b00000,0x00000000f6180000)
  from space 1024K, 75% used [0x00000000f8000000,0x00000000f80c0000,0x00000000f8100000)
  to   space 4096K, 0% used [0x00000000f8380000,0x00000000f8380000,0x00000000f8780000)
 ParOldGen       total 54272K, used 28440K [0x00000000d5000000, 0x00000000d8500000, 0x00000000f1b00000)
  object space 54272K, 52% used [0x00000000d5000000,0x00000000d6bc6128,0x00000000d8500000)
 Metaspace       used 18880K, capacity 19074K, committed 19328K, reserved 1067008K
  class space    used 1825K, capacity 1898K, committed 1920K, reserved 1048576K
}

