# JRE version: OpenJDK Runtime Environment (8.0_191-b12) (build 1.8.0_191-8u191-b12-2ubuntu0.16.04.1-b12)
# Java VM: OpenJDK 64-Bit Server VM (25.191-b12 mixed mode linux-amd64 compressed oops)
Heap:
 PSYoungGen      total 53248K, used 22646K [0x00000000f1b00000, 0x00000000f6380000, 0x0000000100000000)
  eden space 42496K, 28% used [0x00000000f1b00000,0x00000000f26a2f58,0x00000000f4480000)
  from space 10752K, 99% used [0x00000000f5280000,0x00000000f5cfac40,0x00000000f5d00000)
  to   space 14336K, 0% used [0x00000000f4480000,0x00000000f4480000,0x00000000f5280000)
 ParOldGen       total 36352K, used 22784K [0x00000000d5000000, 0x00000000d7380000, 0x00000000f1b00000)
  object space 36352K, 62% used [0x00000000d5000000,0x00000000d6640208,0x00000000d7380000)
 Metaspace       used 18158K, capacity 18378K, committed 18560K, reserved 1067008K
  class space    used 1815K, capacity 1898K, committed 1920K, reserved 1048576K
GC Heap History (10 events):
Event: 42.098 GC heap before
{Heap before GC invocations=5 (full 0):
 PSYoungGen      total 13312K, used 13301K [0x00000000f1b00000, 0x00000000f2980000, 0x0000000100000000)
  eden space 11776K, 100% used [0x00000000f1b00000,0x00000000f2680000,0x00000000f2680000)
  from space 1536K, 99% used [0x00000000f2800000,0x00000000f297d768,0x00000000f2980000)
  to   space 1536K, 0% used [0x00000000f2680000,0x00000000f2680000,0x00000000f2800000)
 ParOldGen       total 30208K, used 13736K [0x00000000d5000000, 0x00000000d6d80000, 0x00000000f1b00000)
  object space 30208K, 45% used [0x00000000d5000000,0x00000000d5d6a130,0x00000000d6d80000)
 Metaspace       used 14747K, capacity 14934K, committed 15104K, reserved 1062912K
  class space    used 1398K, capacity 1478K, committed 1536K, reserved 1048576K
Event: 42.105 GC heap after
Heap after GC invocations=5 (full 0):
 PSYoungGen      total 13312K, used 1425K [0x00000000f1b00000, 0x00000000f4300000, 0x0000000100000000)
  eden space 11776K, 0% used [0x00000000f1b00000,0x00000000f1b00000,0x00000000f2680000)
  from space 1536K, 92% used [0x00000000f2680000,0x00000000f27e47d8,0x00000000f2800000)
  to   space 8704K, 0% used [0x00000000f3a80000,0x00000000f3a80000,0x00000000f4300000)
 ParOldGen       total 30208K, used 23508K [0x00000000d5000000, 0x00000000d6d80000, 0x00000000f1b00000)
  object space 30208K, 77% used [0x00000000d5000000,0x00000000d66f5120,0x00000000d6d80000)
 Metaspace       used 14747K, capacity 14934K, committed 15104K, reserved 1062912K
  class space    used 1398K, capacity 1478K, committed 1536K, reserved 1048576K
}
Event: 42.105 GC heap before
{Heap before GC invocations=6 (full 1):
 PSYoungGen      total 13312K, used 1425K [0x00000000f1b00000, 0x00000000f4300000, 0x0000000100000000)
  eden space 11776K, 0% used [0x00000000f1b00000,0x00000000f1b00000,0x00000000f2680000)
  from space 1536K, 92% used [0x00000000f2680000,0x00000000f27e47d8,0x00000000f2800000)
  to   space 8704K, 0% used [0x00000000f3a80000,0x00000000f3a80000,0x00000000f4300000)
 ParOldGen       total 30208K, used 23508K [0x00000000d5000000, 0x00000000d6d80000, 0x00000000f1b00000)
  object space 30208K, 77% used [0x00000000d5000000,0x00000000d66f5120,0x00000000d6d80000)
 Metaspace       used 14747K, capacity 14934K, committed 15104K, reserved 1062912K
  class space    used 1398K, capacity 1478K, committed 1536K, reserved 1048576K
Event: 42.133 GC heap after
Heap after GC invocations=6 (full 1):
 PSYoungGen      total 13312K, used 0K [0x00000000f1b00000, 0x00000000f4300000, 0x0000000100000000)
  eden space 11776K, 0% used [0x00000000f1b00000,0x00000000f1b00000,0x00000000f2680000)
  from space 1536K, 0% used [0x00000000f2680000,0x00000000f2680000,0x00000000f2800000)
  to   space 8704K, 0% used [0x00000000f3a80000,0x00000000f3a80000,0x00000000f4300000)
 ParOldGen       total 36352K, used 13137K [0x00000000d5000000, 0x00000000d7380000, 0x00000000f1b00000)
  object space 36352K, 36% used [0x00000000d5000000,0x00000000d5cd46f8,0x00000000d7380000)
 Metaspace       used 14747K, capacity 14934K, committed 15104K, reserved 1062912K
  class space    used 1398K, capacity 1478K, committed 1536K, reserved 1048576K
}
Event: 42.199 GC heap before
{Heap before GC invocations=7 (full 1):
 PSYoungGen      total 13312K, used 11184K [0x00000000f1b00000, 0x00000000f4300000, 0x0000000100000000)
  eden space 11776K, 94% used [0x00000000f1b00000,0x00000000f25ec3a8,0x00000000f2680000)
  from space 1536K, 0% used [0x00000000f2680000,0x00000000f2680000,0x00000000f2800000)
  to   space 8704K, 0% used [0x00000000f3a80000,0x00000000f3a80000,0x00000000f4300000)
 ParOldGen       total 36352K, used 13137K [0x00000000d5000000, 0x00000000d7380000, 0x00000000f1b00000)
  object space 36352K, 36% used [0x00000000d5000000,0x00000000d5cd46f8,0x00000000d7380000)
 Metaspace       used 14748K, capacity 14934K, committed 15104K, reserved 1062912K
  class space    used 1398K, capacity 1478K, committed 1536K, reserved 1048576K
Event: 42.200 GC heap after
Heap after GC invocations=7 (full 1):
 PSYoungGen      total 31744K, used 96K [0x00000000f1b00000, 0x00000000f4380000, 0x0000000100000000)
  eden space 23040K, 0% used [0x00000000f1b00000,0x00000000f1b00000,0x00000000f3180000)
  from space 8704K, 1% used [0x00000000f3a80000,0x00000000f3a98000,0x00000000f4300000)
  to   space 9216K, 0% used [0x00000000f3180000,0x00000000f3180000,0x00000000f3a80000)
 ParOldGen       total 36352K, used 13137K [0x00000000d5000000, 0x00000000d7380000, 0x00000000f1b00000)
  object space 36352K, 36% used [0x00000000d5000000,0x00000000d5cd46f8,0x00000000d7380000)
 Metaspace       used 14748K, capacity 14934K, committed 15104K, reserved 1062912K
  class space    used 1398K, capacity 1478K, committed 1536K, reserved 1048576K
}
Event: 42.306 GC heap before
{Heap before GC invocations=8 (full 1):
 PSYoungGen      total 31744K, used 23136K [0x00000000f1b00000, 0x00000000f4380000, 0x0000000100000000)
  eden space 23040K, 100% used [0x00000000f1b00000,0x00000000f3180000,0x00000000f3180000)
  from space 8704K, 1% used [0x00000000f3a80000,0x00000000f3a98000,0x00000000f4300000)
  to   space 9216K, 0% used [0x00000000f3180000,0x00000000f3180000,0x00000000f3a80000)
 ParOldGen       total 36352K, used 13137K [0x00000000d5000000, 0x00000000d7380000, 0x00000000f1b00000)
  object space 36352K, 36% used [0x00000000d5000000,0x00000000d5cd46f8,0x00000000d7380000)
 Metaspace       used 14748K, capacity 14934K, committed 15104K, reserved 1062912K
  class space    used 1398K, capacity 1478K, committed 1536K, reserved 1048576K
Event: 42.316 GC heap after
Heap after GC invocations=8 (full 1):
 PSYoungGen      total 32256K, used 8428K [0x00000000f1b00000, 0x00000000f5d00000, 0x0000000100000000)
  eden space 23040K, 0% used [0x00000000f1b00000,0x00000000f1b00000,0x00000000f3180000)
  from space 9216K, 91% used [0x00000000f3180000,0x00000000f39bb040,0x00000000f3a80000)
  to   space 10752K, 0% used [0x00000000f5280000,0x00000000f5280000,0x00000000f5d00000)
 ParOldGen       total 36352K, used 19362K [0x00000000d5000000, 0x00000000d7380000, 0x00000000f1b00000)
  object space 36352K, 53% used [0x00000000d5000000,0x00000000d62e8b28,0x00000000d7380000)
 Metaspace       used 14748K, capacity 14934K, committed 15104K, reserved 1062912K
  class space    used 1398K, capacity 1478K, committed 1536K, reserved 1048576K
}
Event: 51.765 GC heap before
{Heap before GC invocations=9 (full 1):
 PSYoungGen      total 32256K, used 31468K [0x00000000f1b00000, 0x00000000f5d00000, 0x0000000100000000)
  eden space 23040K, 100% used [0x00000000f1b00000,0x00000000f3180000,0x00000000f3180000)
  from space 9216K, 91% used [0x00000000f3180000,0x00000000f39bb040,0x00000000f3a80000)
  to   space 10752K, 0% used [0x00000000f5280000,0x00000000f5280000,0x00000000f5d00000)
 ParOldGen       total 36352K, used 19362K [0x00000000d5000000, 0x00000000d7380000, 0x00000000f1b00000)
  object space 36352K, 53% used [0x00000000d5000000,0x00000000d62e8b28,0x00000000d7380000)
 Metaspace       used 17135K, capacity 17380K, committed 17792K, reserved 1064960K
  class space    used 1727K, capacity 1801K, committed 1920K, reserved 1048576K
Event: 51.777 GC heap after
Heap after GC invocations=9 (full 1):
 PSYoungGen      total 53248K, used 10731K [0x00000000f1b00000, 0x00000000f6380000, 0x0000000100000000)
  eden space 42496K, 0% used [0x00000000f1b00000,0x00000000f1b00000,0x00000000f4480000)
  from space 10752K, 99% used [0x00000000f5280000,0x00000000f5cfac40,0x00000000f5d00000)
  to   space 14336K, 0% used [0x00000000f4480000,0x00000000f4480000,0x00000000f5280000)
 ParOldGen       total 36352K, used 22784K [0x00000000d5000000, 0x00000000d7380000, 0x00000000f1b00000)
  object space 36352K, 62% used [0x00000000d5000000,0x00000000d6640208,0x00000000d7380000)
 Metaspace       used 17135K, capacity 17380K, committed 17792K, reserved 1064960K
  class space    used 1727K, capacity 1801K, committed 1920K, reserved 1048576K
}

